[2020-10-29 09:13:27.946] ASSET: Sending asset `padlock.png` to client `Zack24` as `padlock.png`
[2020-10-29 09:13:27.946] ASSET: Sending asset `common.css` to client `Zack24` as `asset.2c1817def9a9ea3700c8a4c63b022070.css`
[2020-10-29 09:13:27.948] ASSET: Sending asset `jquery.min.js` to client `Zack24` as `jquery.min.js`
[2020-10-29 09:13:34.603] ASSET: DEBUG: Skipping send of `jquery.min.js` (as `jquery.min.js`) for `Zack24` because it already exists in the client's sent_assets list
[2020-10-29 09:13:34.603] ASSET: Sending asset `browserOutput.css` to client `Zack24` as `browserOutput.css`
[2020-10-29 09:13:34.603] ASSET: Sending asset `browserOutput.js` to client `Zack24` as `browserOutput.js`
[2020-10-29 09:13:34.603] ASSET: Sending asset `browserOutput_white.css` to client `Zack24` as `browserOutput_white.css`
[2020-10-29 09:13:34.604] ASSET: Sending asset `fontawesome-webfont.eot` to client `Zack24` as `fontawesome-webfont.eot`
[2020-10-29 09:13:34.604] ASSET: Sending asset `fontawesome-webfont.svg` to client `Zack24` as `fontawesome-webfont.svg`
[2020-10-29 09:13:34.604] ASSET: Sending asset `fontawesome-webfont.ttf` to client `Zack24` as `fontawesome-webfont.ttf`
[2020-10-29 09:13:34.604] ASSET: Sending asset `fontawesome-webfont.woff` to client `Zack24` as `fontawesome-webfont.woff`
[2020-10-29 09:13:34.604] ASSET: Sending asset `goonchatfont-awesome.css` to client `Zack24` as `goonchatfont-awesome.css`
[2020-10-29 09:13:34.605] ASSET: Sending asset `json2.min.js` to client `Zack24` as `json2.min.js`
[2020-10-29 09:13:34.605] ASSET: Sending asset `spritesheet_chat.css` to client `Zack24` as `asset.9b2c5fc6395f3214454b5d0cf0c5403f.css`
[2020-10-29 09:13:34.605] ASSET: Sending asset `chat_16x16.png` to client `Zack24` as `asset.f2c9176c6a3ba7b8cdfe4457c848bd8c.png`
[2020-10-29 09:13:34.605] ASSET: Sending asset `fa-regular-400.eot` to client `Zack24` as `fa-regular-400.eot`
[2020-10-29 09:13:34.605] ASSET: Sending asset `fa-regular-400.woff` to client `Zack24` as `fa-regular-400.woff`
[2020-10-29 09:13:34.605] ASSET: Sending asset `fa-solid-900.eot` to client `Zack24` as `fa-solid-900.eot`
[2020-10-29 09:13:34.605] ASSET: Sending asset `fa-solid-900.woff` to client `Zack24` as `fa-solid-900.woff`
[2020-10-29 09:13:34.605] ASSET: Sending asset `font-awesome.css` to client `Zack24` as `font-awesome.css`
[2020-10-29 09:13:34.605] ASSET: Sending asset `v4shim.css` to client `Zack24` as `v4shim.css`
[2020-10-29 09:14:41.642] ASSET: DEBUG: Skipping send of `padlock.png` (as `padlock.png`) for `Zack24` because it already exists in the client's sent_assets list
[2020-10-29 09:14:41.642] ASSET: DEBUG: Skipping send of `common.css` (as `asset.2c1817def9a9ea3700c8a4c63b022070.css`) for `Zack24` because it already exists in the client's sent_assets list
[2020-10-29 09:16:11.016] ASSET: Sending asset `asset.e3382848c18f8b5e8590e44ac7eb8a05.png` to client `Zack24` as `asset.e3382848c18f8b5e8590e44ac7eb8a05.png`
[2020-10-29 09:16:24.489] ASSET: Sending asset `asset.991ad9926310290eb93225aeeaa8c592.png` to client `Zack24` as `asset.991ad9926310290eb93225aeeaa8c592.png`
[2020-10-29 09:16:24.994] ASSET: DEBUG: Skipping send of `asset.e3382848c18f8b5e8590e44ac7eb8a05.png` (as `asset.e3382848c18f8b5e8590e44ac7eb8a05.png`) for `Zack24` because it already exists in the client's sent_assets list
[2020-10-29 09:16:29.165] ASSET: Sending asset `asset.af7d84250650622b6a3c54c761e898ec.png` to client `Zack24` as `asset.af7d84250650622b6a3c54c761e898ec.png`
[2020-10-29 09:16:33.042] ASSET: DEBUG: Skipping send of `asset.af7d84250650622b6a3c54c761e898ec.png` (as `asset.af7d84250650622b6a3c54c761e898ec.png`) for `Zack24` because it already exists in the client's sent_assets list
[2020-10-29 09:16:50.676] ASSET: Sending asset `tgui.bundle.js` to client `Zack24` as `tgui.bundle.js`
[2020-10-29 09:16:50.676] ASSET: Sending asset `tgui.bundle.css` to client `Zack24` as `tgui.bundle.css`
[2020-10-29 09:16:50.677] ASSET: DEBUG: Skipping send of `fa-regular-400.eot` (as `fa-regular-400.eot`) for `Zack24` because it already exists in the client's sent_assets list
[2020-10-29 09:16:50.677] ASSET: DEBUG: Skipping send of `fa-regular-400.woff` (as `fa-regular-400.woff`) for `Zack24` because it already exists in the client's sent_assets list
[2020-10-29 09:16:50.677] ASSET: DEBUG: Skipping send of `fa-solid-900.eot` (as `fa-solid-900.eot`) for `Zack24` because it already exists in the client's sent_assets list
[2020-10-29 09:16:50.677] ASSET: DEBUG: Skipping send of `fa-solid-900.woff` (as `fa-solid-900.woff`) for `Zack24` because it already exists in the client's sent_assets list
[2020-10-29 09:16:50.677] ASSET: DEBUG: Skipping send of `font-awesome.css` (as `font-awesome.css`) for `Zack24` because it already exists in the client's sent_assets list
[2020-10-29 09:16:50.677] ASSET: DEBUG: Skipping send of `v4shim.css` (as `v4shim.css`) for `Zack24` because it already exists in the client's sent_assets list
[2020-10-29 09:16:50.917] ASSET: DEBUG: Skipping send of `tgui.bundle.js` (as `tgui.bundle.js`) for `Zack24` because it already exists in the client's sent_assets list
[2020-10-29 09:16:50.917] ASSET: DEBUG: Skipping send of `tgui.bundle.css` (as `tgui.bundle.css`) for `Zack24` because it already exists in the client's sent_assets list
[2020-10-29 09:16:50.917] ASSET: DEBUG: Skipping send of `fa-regular-400.eot` (as `fa-regular-400.eot`) for `Zack24` because it already exists in the client's sent_assets list
[2020-10-29 09:16:50.917] ASSET: DEBUG: Skipping send of `fa-regular-400.woff` (as `fa-regular-400.woff`) for `Zack24` because it already exists in the client's sent_assets list
[2020-10-29 09:16:50.917] ASSET: DEBUG: Skipping send of `fa-solid-900.eot` (as `fa-solid-900.eot`) for `Zack24` because it already exists in the client's sent_assets list
[2020-10-29 09:16:50.917] ASSET: DEBUG: Skipping send of `fa-solid-900.woff` (as `fa-solid-900.woff`) for `Zack24` because it already exists in the client's sent_assets list
[2020-10-29 09:16:50.917] ASSET: DEBUG: Skipping send of `font-awesome.css` (as `font-awesome.css`) for `Zack24` because it already exists in the client's sent_assets list
[2020-10-29 09:16:50.917] ASSET: DEBUG: Skipping send of `v4shim.css` (as `v4shim.css`) for `Zack24` because it already exists in the client's sent_assets list
[2020-10-29 09:17:23.551] ASSET: DEBUG: Skipping send of `tgui.bundle.js` (as `tgui.bundle.js`) for `Zack24` because it already exists in the client's sent_assets list
[2020-10-29 09:17:23.551] ASSET: DEBUG: Skipping send of `tgui.bundle.css` (as `tgui.bundle.css`) for `Zack24` because it already exists in the client's sent_assets list
[2020-10-29 09:17:23.552] ASSET: DEBUG: Skipping send of `fa-regular-400.eot` (as `fa-regular-400.eot`) for `Zack24` because it already exists in the client's sent_assets list
[2020-10-29 09:17:23.552] ASSET: DEBUG: Skipping send of `fa-regular-400.woff` (as `fa-regular-400.woff`) for `Zack24` because it already exists in the client's sent_assets list
[2020-10-29 09:17:23.552] ASSET: DEBUG: Skipping send of `fa-solid-900.eot` (as `fa-solid-900.eot`) for `Zack24` because it already exists in the client's sent_assets list
[2020-10-29 09:17:23.552] ASSET: DEBUG: Skipping send of `fa-solid-900.woff` (as `fa-solid-900.woff`) for `Zack24` because it already exists in the client's sent_assets list
[2020-10-29 09:17:23.552] ASSET: DEBUG: Skipping send of `font-awesome.css` (as `font-awesome.css`) for `Zack24` because it already exists in the client's sent_assets list
[2020-10-29 09:17:23.552] ASSET: DEBUG: Skipping send of `v4shim.css` (as `v4shim.css`) for `Zack24` because it already exists in the client's sent_assets list
[2020-10-29 09:18:23.712] ASSET: DEBUG: Skipping send of `tgui.bundle.js` (as `tgui.bundle.js`) for `Zack24` because it already exists in the client's sent_assets list
[2020-10-29 09:18:23.712] ASSET: DEBUG: Skipping send of `tgui.bundle.css` (as `tgui.bundle.css`) for `Zack24` because it already exists in the client's sent_assets list
[2020-10-29 09:18:23.712] ASSET: DEBUG: Skipping send of `fa-regular-400.eot` (as `fa-regular-400.eot`) for `Zack24` because it already exists in the client's sent_assets list
[2020-10-29 09:18:23.712] ASSET: DEBUG: Skipping send of `fa-regular-400.woff` (as `fa-regular-400.woff`) for `Zack24` because it already exists in the client's sent_assets list
[2020-10-29 09:18:23.712] ASSET: DEBUG: Skipping send of `fa-solid-900.eot` (as `fa-solid-900.eot`) for `Zack24` because it already exists in the client's sent_assets list
[2020-10-29 09:18:23.712] ASSET: DEBUG: Skipping send of `fa-solid-900.woff` (as `fa-solid-900.woff`) for `Zack24` because it already exists in the client's sent_assets list
[2020-10-29 09:18:23.713] ASSET: DEBUG: Skipping send of `font-awesome.css` (as `font-awesome.css`) for `Zack24` because it already exists in the client's sent_assets list
[2020-10-29 09:18:23.713] ASSET: DEBUG: Skipping send of `v4shim.css` (as `v4shim.css`) for `Zack24` because it already exists in the client's sent_assets list
[2020-10-29 09:18:34.258] ASSET: Sending asset `asset.639c8c0494807c381cb8100e9c4b0435.png` to client `Zack24` as `asset.639c8c0494807c381cb8100e9c4b0435.png`
[2020-10-29 09:18:34.485] ASSET: DEBUG: Skipping send of `asset.639c8c0494807c381cb8100e9c4b0435.png` (as `asset.639c8c0494807c381cb8100e9c4b0435.png`) for `Zack24` because it already exists in the client's sent_assets list
