[2020-12-18 05:02:54.983] ASSET: Sending asset `padlock.png` to client `Zack24` as `padlock.png`
[2020-12-18 05:02:54.984] ASSET: Sending asset `common.css` to client `Zack24` as `asset.2c1817def9a9ea3700c8a4c63b022070.css`
[2020-12-18 05:02:54.988] ASSET: Sending asset `jquery.min.js` to client `Zack24` as `jquery.min.js`
[2020-12-18 05:03:07.972] ASSET: DEBUG: Skipping send of `jquery.min.js` (as `jquery.min.js`) for `Zack24` because it already exists in the client's sent_assets list
[2020-12-18 05:03:07.972] ASSET: Sending asset `browserOutput.css` to client `Zack24` as `browserOutput.css`
[2020-12-18 05:03:07.972] ASSET: Sending asset `browserOutput.js` to client `Zack24` as `browserOutput.js`
[2020-12-18 05:03:07.972] ASSET: Sending asset `browserOutput_white.css` to client `Zack24` as `browserOutput_white.css`
[2020-12-18 05:03:07.973] ASSET: Sending asset `fontawesome-webfont.eot` to client `Zack24` as `fontawesome-webfont.eot`
[2020-12-18 05:03:07.973] ASSET: Sending asset `fontawesome-webfont.svg` to client `Zack24` as `fontawesome-webfont.svg`
[2020-12-18 05:03:07.973] ASSET: Sending asset `fontawesome-webfont.ttf` to client `Zack24` as `fontawesome-webfont.ttf`
[2020-12-18 05:03:07.973] ASSET: Sending asset `fontawesome-webfont.woff` to client `Zack24` as `fontawesome-webfont.woff`
[2020-12-18 05:03:07.973] ASSET: Sending asset `goonchatfont-awesome.css` to client `Zack24` as `goonchatfont-awesome.css`
[2020-12-18 05:03:07.973] ASSET: Sending asset `json2.min.js` to client `Zack24` as `json2.min.js`
[2020-12-18 05:03:07.973] ASSET: Sending asset `spritesheet_chat.css` to client `Zack24` as `asset.9b2c5fc6395f3214454b5d0cf0c5403f.css`
[2020-12-18 05:03:07.973] ASSET: Sending asset `chat_16x16.png` to client `Zack24` as `asset.f2c9176c6a3ba7b8cdfe4457c848bd8c.png`
[2020-12-18 05:03:07.974] ASSET: Sending asset `fa-regular-400.eot` to client `Zack24` as `fa-regular-400.eot`
[2020-12-18 05:03:07.974] ASSET: Sending asset `fa-regular-400.woff` to client `Zack24` as `fa-regular-400.woff`
[2020-12-18 05:03:07.974] ASSET: Sending asset `fa-solid-900.eot` to client `Zack24` as `fa-solid-900.eot`
[2020-12-18 05:03:07.974] ASSET: Sending asset `fa-solid-900.woff` to client `Zack24` as `fa-solid-900.woff`
[2020-12-18 05:03:07.974] ASSET: Sending asset `font-awesome.css` to client `Zack24` as `font-awesome.css`
[2020-12-18 05:03:07.974] ASSET: Sending asset `v4shim.css` to client `Zack24` as `v4shim.css`
[2020-12-18 05:03:33.920] ASSET: Sending asset `tgui.bundle.js` to client `Zack24` as `tgui.bundle.js`
[2020-12-18 05:03:33.920] ASSET: Sending asset `tgui.bundle.css` to client `Zack24` as `tgui.bundle.css`
[2020-12-18 05:03:33.921] ASSET: DEBUG: Skipping send of `fa-regular-400.eot` (as `fa-regular-400.eot`) for `Zack24` because it already exists in the client's sent_assets list
[2020-12-18 05:03:33.921] ASSET: DEBUG: Skipping send of `fa-regular-400.woff` (as `fa-regular-400.woff`) for `Zack24` because it already exists in the client's sent_assets list
[2020-12-18 05:03:33.921] ASSET: DEBUG: Skipping send of `fa-solid-900.eot` (as `fa-solid-900.eot`) for `Zack24` because it already exists in the client's sent_assets list
[2020-12-18 05:03:33.921] ASSET: DEBUG: Skipping send of `fa-solid-900.woff` (as `fa-solid-900.woff`) for `Zack24` because it already exists in the client's sent_assets list
[2020-12-18 05:03:33.921] ASSET: DEBUG: Skipping send of `font-awesome.css` (as `font-awesome.css`) for `Zack24` because it already exists in the client's sent_assets list
[2020-12-18 05:03:33.921] ASSET: DEBUG: Skipping send of `v4shim.css` (as `v4shim.css`) for `Zack24` because it already exists in the client's sent_assets list
[2020-12-18 05:04:32.825] ASSET: Sending asset `asset.034c5dfb8eaf1a35ee3fdd6a4a6fe0f9.png` to client `Zack24` as `asset.034c5dfb8eaf1a35ee3fdd6a4a6fe0f9.png`
[2020-12-18 05:04:41.300] ASSET: DEBUG: Skipping send of `padlock.png` (as `padlock.png`) for `Zack24` because it already exists in the client's sent_assets list
[2020-12-18 05:04:41.301] ASSET: DEBUG: Skipping send of `common.css` (as `asset.2c1817def9a9ea3700c8a4c63b022070.css`) for `Zack24` because it already exists in the client's sent_assets list
[2020-12-18 05:05:01.593] ASSET: DEBUG: Skipping send of `tgui.bundle.js` (as `tgui.bundle.js`) for `Zack24` because it already exists in the client's sent_assets list
[2020-12-18 05:05:01.593] ASSET: DEBUG: Skipping send of `tgui.bundle.css` (as `tgui.bundle.css`) for `Zack24` because it already exists in the client's sent_assets list
[2020-12-18 05:05:01.593] ASSET: DEBUG: Skipping send of `fa-regular-400.eot` (as `fa-regular-400.eot`) for `Zack24` because it already exists in the client's sent_assets list
[2020-12-18 05:05:01.593] ASSET: DEBUG: Skipping send of `fa-regular-400.woff` (as `fa-regular-400.woff`) for `Zack24` because it already exists in the client's sent_assets list
[2020-12-18 05:05:01.593] ASSET: DEBUG: Skipping send of `fa-solid-900.eot` (as `fa-solid-900.eot`) for `Zack24` because it already exists in the client's sent_assets list
[2020-12-18 05:05:01.593] ASSET: DEBUG: Skipping send of `fa-solid-900.woff` (as `fa-solid-900.woff`) for `Zack24` because it already exists in the client's sent_assets list
[2020-12-18 05:05:01.593] ASSET: DEBUG: Skipping send of `font-awesome.css` (as `font-awesome.css`) for `Zack24` because it already exists in the client's sent_assets list
[2020-12-18 05:05:01.593] ASSET: DEBUG: Skipping send of `v4shim.css` (as `v4shim.css`) for `Zack24` because it already exists in the client's sent_assets list
[2020-12-18 05:05:16.565] ASSET: DEBUG: Skipping send of `tgui.bundle.js` (as `tgui.bundle.js`) for `Zack24` because it already exists in the client's sent_assets list
[2020-12-18 05:05:16.565] ASSET: DEBUG: Skipping send of `tgui.bundle.css` (as `tgui.bundle.css`) for `Zack24` because it already exists in the client's sent_assets list
[2020-12-18 05:05:16.566] ASSET: DEBUG: Skipping send of `fa-regular-400.eot` (as `fa-regular-400.eot`) for `Zack24` because it already exists in the client's sent_assets list
[2020-12-18 05:05:16.566] ASSET: DEBUG: Skipping send of `fa-regular-400.woff` (as `fa-regular-400.woff`) for `Zack24` because it already exists in the client's sent_assets list
[2020-12-18 05:05:16.566] ASSET: DEBUG: Skipping send of `fa-solid-900.eot` (as `fa-solid-900.eot`) for `Zack24` because it already exists in the client's sent_assets list
[2020-12-18 05:05:16.566] ASSET: DEBUG: Skipping send of `fa-solid-900.woff` (as `fa-solid-900.woff`) for `Zack24` because it already exists in the client's sent_assets list
[2020-12-18 05:05:16.566] ASSET: DEBUG: Skipping send of `font-awesome.css` (as `font-awesome.css`) for `Zack24` because it already exists in the client's sent_assets list
[2020-12-18 05:05:16.566] ASSET: DEBUG: Skipping send of `v4shim.css` (as `v4shim.css`) for `Zack24` because it already exists in the client's sent_assets list
[2020-12-18 05:05:23.980] ASSET: DEBUG: Skipping send of `tgui.bundle.js` (as `tgui.bundle.js`) for `Zack24` because it already exists in the client's sent_assets list
[2020-12-18 05:05:23.980] ASSET: DEBUG: Skipping send of `tgui.bundle.css` (as `tgui.bundle.css`) for `Zack24` because it already exists in the client's sent_assets list
[2020-12-18 05:05:23.980] ASSET: DEBUG: Skipping send of `fa-regular-400.eot` (as `fa-regular-400.eot`) for `Zack24` because it already exists in the client's sent_assets list
[2020-12-18 05:05:23.980] ASSET: DEBUG: Skipping send of `fa-regular-400.woff` (as `fa-regular-400.woff`) for `Zack24` because it already exists in the client's sent_assets list
[2020-12-18 05:05:23.980] ASSET: DEBUG: Skipping send of `fa-solid-900.eot` (as `fa-solid-900.eot`) for `Zack24` because it already exists in the client's sent_assets list
[2020-12-18 05:05:23.980] ASSET: DEBUG: Skipping send of `fa-solid-900.woff` (as `fa-solid-900.woff`) for `Zack24` because it already exists in the client's sent_assets list
[2020-12-18 05:05:23.980] ASSET: DEBUG: Skipping send of `font-awesome.css` (as `font-awesome.css`) for `Zack24` because it already exists in the client's sent_assets list
[2020-12-18 05:05:23.980] ASSET: DEBUG: Skipping send of `v4shim.css` (as `v4shim.css`) for `Zack24` because it already exists in the client's sent_assets list
[2020-12-18 05:05:34.432] ASSET: DEBUG: Skipping send of `tgui.bundle.js` (as `tgui.bundle.js`) for `Zack24` because it already exists in the client's sent_assets list
[2020-12-18 05:05:34.433] ASSET: DEBUG: Skipping send of `tgui.bundle.css` (as `tgui.bundle.css`) for `Zack24` because it already exists in the client's sent_assets list
[2020-12-18 05:05:34.433] ASSET: DEBUG: Skipping send of `fa-regular-400.eot` (as `fa-regular-400.eot`) for `Zack24` because it already exists in the client's sent_assets list
[2020-12-18 05:05:34.433] ASSET: DEBUG: Skipping send of `fa-regular-400.woff` (as `fa-regular-400.woff`) for `Zack24` because it already exists in the client's sent_assets list
[2020-12-18 05:05:34.433] ASSET: DEBUG: Skipping send of `fa-solid-900.eot` (as `fa-solid-900.eot`) for `Zack24` because it already exists in the client's sent_assets list
[2020-12-18 05:05:34.433] ASSET: DEBUG: Skipping send of `fa-solid-900.woff` (as `fa-solid-900.woff`) for `Zack24` because it already exists in the client's sent_assets list
[2020-12-18 05:05:34.433] ASSET: DEBUG: Skipping send of `font-awesome.css` (as `font-awesome.css`) for `Zack24` because it already exists in the client's sent_assets list
[2020-12-18 05:05:34.433] ASSET: DEBUG: Skipping send of `v4shim.css` (as `v4shim.css`) for `Zack24` because it already exists in the client's sent_assets list
[2020-12-18 05:05:58.466] ASSET: DEBUG: Skipping send of `tgui.bundle.js` (as `tgui.bundle.js`) for `Zack24` because it already exists in the client's sent_assets list
[2020-12-18 05:05:58.466] ASSET: DEBUG: Skipping send of `tgui.bundle.css` (as `tgui.bundle.css`) for `Zack24` because it already exists in the client's sent_assets list
[2020-12-18 05:05:58.466] ASSET: DEBUG: Skipping send of `fa-regular-400.eot` (as `fa-regular-400.eot`) for `Zack24` because it already exists in the client's sent_assets list
[2020-12-18 05:05:58.466] ASSET: DEBUG: Skipping send of `fa-regular-400.woff` (as `fa-regular-400.woff`) for `Zack24` because it already exists in the client's sent_assets list
[2020-12-18 05:05:58.466] ASSET: DEBUG: Skipping send of `fa-solid-900.eot` (as `fa-solid-900.eot`) for `Zack24` because it already exists in the client's sent_assets list
[2020-12-18 05:05:58.466] ASSET: DEBUG: Skipping send of `fa-solid-900.woff` (as `fa-solid-900.woff`) for `Zack24` because it already exists in the client's sent_assets list
[2020-12-18 05:05:58.466] ASSET: DEBUG: Skipping send of `font-awesome.css` (as `font-awesome.css`) for `Zack24` because it already exists in the client's sent_assets list
[2020-12-18 05:05:58.466] ASSET: DEBUG: Skipping send of `v4shim.css` (as `v4shim.css`) for `Zack24` because it already exists in the client's sent_assets list
[2020-12-18 05:06:22.469] ASSET: DEBUG: Skipping send of `padlock.png` (as `padlock.png`) for `Zack24` because it already exists in the client's sent_assets list
[2020-12-18 05:06:22.470] ASSET: DEBUG: Skipping send of `common.css` (as `asset.2c1817def9a9ea3700c8a4c63b022070.css`) for `Zack24` because it already exists in the client's sent_assets list
[2020-12-18 05:06:22.470] ASSET: DEBUG: Skipping send of `padlock.png` (as `padlock.png`) for `Zack24` because it already exists in the client's sent_assets list
[2020-12-18 05:06:22.470] ASSET: DEBUG: Skipping send of `common.css` (as `asset.2c1817def9a9ea3700c8a4c63b022070.css`) for `Zack24` because it already exists in the client's sent_assets list
[2020-12-18 05:06:24.393] ASSET: DEBUG: Skipping send of `padlock.png` (as `padlock.png`) for `Zack24` because it already exists in the client's sent_assets list
[2020-12-18 05:06:24.393] ASSET: DEBUG: Skipping send of `common.css` (as `asset.2c1817def9a9ea3700c8a4c63b022070.css`) for `Zack24` because it already exists in the client's sent_assets list
[2020-12-18 05:06:24.393] ASSET: DEBUG: Skipping send of `padlock.png` (as `padlock.png`) for `Zack24` because it already exists in the client's sent_assets list
[2020-12-18 05:06:24.393] ASSET: DEBUG: Skipping send of `common.css` (as `asset.2c1817def9a9ea3700c8a4c63b022070.css`) for `Zack24` because it already exists in the client's sent_assets list
[2020-12-18 05:06:30.322] ASSET: DEBUG: Skipping send of `padlock.png` (as `padlock.png`) for `Zack24` because it already exists in the client's sent_assets list
[2020-12-18 05:06:30.322] ASSET: DEBUG: Skipping send of `common.css` (as `asset.2c1817def9a9ea3700c8a4c63b022070.css`) for `Zack24` because it already exists in the client's sent_assets list
[2020-12-18 05:06:30.322] ASSET: DEBUG: Skipping send of `padlock.png` (as `padlock.png`) for `Zack24` because it already exists in the client's sent_assets list
[2020-12-18 05:06:30.323] ASSET: DEBUG: Skipping send of `common.css` (as `asset.2c1817def9a9ea3700c8a4c63b022070.css`) for `Zack24` because it already exists in the client's sent_assets list
[2020-12-18 05:06:50.478] ASSET: DEBUG: Skipping send of `padlock.png` (as `padlock.png`) for `Zack24` because it already exists in the client's sent_assets list
[2020-12-18 05:06:50.478] ASSET: DEBUG: Skipping send of `common.css` (as `asset.2c1817def9a9ea3700c8a4c63b022070.css`) for `Zack24` because it already exists in the client's sent_assets list
[2020-12-18 05:06:50.478] ASSET: DEBUG: Skipping send of `padlock.png` (as `padlock.png`) for `Zack24` because it already exists in the client's sent_assets list
[2020-12-18 05:06:50.478] ASSET: DEBUG: Skipping send of `common.css` (as `asset.2c1817def9a9ea3700c8a4c63b022070.css`) for `Zack24` because it already exists in the client's sent_assets list
[2020-12-18 05:06:51.978] ASSET: DEBUG: Skipping send of `padlock.png` (as `padlock.png`) for `Zack24` because it already exists in the client's sent_assets list
[2020-12-18 05:06:51.978] ASSET: DEBUG: Skipping send of `common.css` (as `asset.2c1817def9a9ea3700c8a4c63b022070.css`) for `Zack24` because it already exists in the client's sent_assets list
[2020-12-18 05:06:51.979] ASSET: DEBUG: Skipping send of `padlock.png` (as `padlock.png`) for `Zack24` because it already exists in the client's sent_assets list
[2020-12-18 05:06:51.979] ASSET: DEBUG: Skipping send of `common.css` (as `asset.2c1817def9a9ea3700c8a4c63b022070.css`) for `Zack24` because it already exists in the client's sent_assets list
[2020-12-18 05:06:56.816] ASSET: DEBUG: Skipping send of `tgui.bundle.js` (as `tgui.bundle.js`) for `Zack24` because it already exists in the client's sent_assets list
[2020-12-18 05:06:56.816] ASSET: DEBUG: Skipping send of `tgui.bundle.css` (as `tgui.bundle.css`) for `Zack24` because it already exists in the client's sent_assets list
[2020-12-18 05:06:56.816] ASSET: DEBUG: Skipping send of `fa-regular-400.eot` (as `fa-regular-400.eot`) for `Zack24` because it already exists in the client's sent_assets list
[2020-12-18 05:06:56.816] ASSET: DEBUG: Skipping send of `fa-regular-400.woff` (as `fa-regular-400.woff`) for `Zack24` because it already exists in the client's sent_assets list
[2020-12-18 05:06:56.817] ASSET: DEBUG: Skipping send of `fa-solid-900.eot` (as `fa-solid-900.eot`) for `Zack24` because it already exists in the client's sent_assets list
[2020-12-18 05:06:56.817] ASSET: DEBUG: Skipping send of `fa-solid-900.woff` (as `fa-solid-900.woff`) for `Zack24` because it already exists in the client's sent_assets list
[2020-12-18 05:06:56.817] ASSET: DEBUG: Skipping send of `font-awesome.css` (as `font-awesome.css`) for `Zack24` because it already exists in the client's sent_assets list
[2020-12-18 05:06:56.817] ASSET: DEBUG: Skipping send of `v4shim.css` (as `v4shim.css`) for `Zack24` because it already exists in the client's sent_assets list
[2020-12-18 05:07:03.425] ASSET: DEBUG: Skipping send of `padlock.png` (as `padlock.png`) for `Zack24` because it already exists in the client's sent_assets list
[2020-12-18 05:07:03.425] ASSET: DEBUG: Skipping send of `common.css` (as `asset.2c1817def9a9ea3700c8a4c63b022070.css`) for `Zack24` because it already exists in the client's sent_assets list
[2020-12-18 05:07:03.426] ASSET: DEBUG: Skipping send of `padlock.png` (as `padlock.png`) for `Zack24` because it already exists in the client's sent_assets list
[2020-12-18 05:07:03.426] ASSET: DEBUG: Skipping send of `common.css` (as `asset.2c1817def9a9ea3700c8a4c63b022070.css`) for `Zack24` because it already exists in the client's sent_assets list
[2020-12-18 05:07:04.131] ASSET: Sending asset `asset.edc1fc5aa484cb621c90f5bd6c7d74aa.png` to client `Zack24` as `asset.edc1fc5aa484cb621c90f5bd6c7d74aa.png`
[2020-12-18 05:07:12.057] ASSET: DEBUG: Skipping send of `tgui.bundle.js` (as `tgui.bundle.js`) for `Zack24` because it already exists in the client's sent_assets list
[2020-12-18 05:07:12.057] ASSET: DEBUG: Skipping send of `tgui.bundle.css` (as `tgui.bundle.css`) for `Zack24` because it already exists in the client's sent_assets list
[2020-12-18 05:07:12.057] ASSET: DEBUG: Skipping send of `fa-regular-400.eot` (as `fa-regular-400.eot`) for `Zack24` because it already exists in the client's sent_assets list
[2020-12-18 05:07:12.057] ASSET: DEBUG: Skipping send of `fa-regular-400.woff` (as `fa-regular-400.woff`) for `Zack24` because it already exists in the client's sent_assets list
[2020-12-18 05:07:12.057] ASSET: DEBUG: Skipping send of `fa-solid-900.eot` (as `fa-solid-900.eot`) for `Zack24` because it already exists in the client's sent_assets list
[2020-12-18 05:07:12.058] ASSET: DEBUG: Skipping send of `fa-solid-900.woff` (as `fa-solid-900.woff`) for `Zack24` because it already exists in the client's sent_assets list
[2020-12-18 05:07:12.058] ASSET: DEBUG: Skipping send of `font-awesome.css` (as `font-awesome.css`) for `Zack24` because it already exists in the client's sent_assets list
[2020-12-18 05:07:12.058] ASSET: DEBUG: Skipping send of `v4shim.css` (as `v4shim.css`) for `Zack24` because it already exists in the client's sent_assets list
[2020-12-18 05:09:03.204] ASSET: Sending asset `asset.11e362682ae97691661cda1789c12358.png` to client `Zack24` as `asset.11e362682ae97691661cda1789c12358.png`
[2020-12-18 05:09:19.515] ASSET: Sending asset `asset.be6f67f1086cbdd4aaf6ca94ab86a5cf.png` to client `Zack24` as `asset.be6f67f1086cbdd4aaf6ca94ab86a5cf.png`
[2020-12-18 05:09:23.754] ASSET: Sending asset `asset.1df78d4d3a8dcfd2ae888504196f55b9.png` to client `Zack24` as `asset.1df78d4d3a8dcfd2ae888504196f55b9.png`
[2020-12-18 05:11:37.227] ASSET: Sending asset `asset.0768c5fa6b3d206ff1a2815b44b68ad1.png` to client `Zack24` as `asset.0768c5fa6b3d206ff1a2815b44b68ad1.png`
[2020-12-18 05:12:05.366] ASSET: DEBUG: Skipping send of `padlock.png` (as `padlock.png`) for `Zack24` because it already exists in the client's sent_assets list
[2020-12-18 05:12:05.366] ASSET: DEBUG: Skipping send of `common.css` (as `asset.2c1817def9a9ea3700c8a4c63b022070.css`) for `Zack24` because it already exists in the client's sent_assets list
[2020-12-18 05:12:10.587] ASSET: Sending asset `asset.e959dbae330a8e7b38857e618ec05da6.png` to client `Zack24` as `asset.e959dbae330a8e7b38857e618ec05da6.png`
[2020-12-18 05:12:11.651] ASSET: DEBUG: Skipping send of `padlock.png` (as `padlock.png`) for `Zack24` because it already exists in the client's sent_assets list
[2020-12-18 05:12:11.651] ASSET: DEBUG: Skipping send of `common.css` (as `asset.2c1817def9a9ea3700c8a4c63b022070.css`) for `Zack24` because it already exists in the client's sent_assets list
[2020-12-18 05:12:36.915] ASSET: DEBUG: Skipping send of `asset.e959dbae330a8e7b38857e618ec05da6.png` (as `asset.e959dbae330a8e7b38857e618ec05da6.png`) for `Zack24` because it already exists in the client's sent_assets list
[2020-12-18 05:12:37.606] ASSET: DEBUG: Skipping send of `padlock.png` (as `padlock.png`) for `Zack24` because it already exists in the client's sent_assets list
[2020-12-18 05:12:37.606] ASSET: DEBUG: Skipping send of `common.css` (as `asset.2c1817def9a9ea3700c8a4c63b022070.css`) for `Zack24` because it already exists in the client's sent_assets list
[2020-12-18 05:14:59.314] ASSET: DEBUG: Skipping send of `asset.e959dbae330a8e7b38857e618ec05da6.png` (as `asset.e959dbae330a8e7b38857e618ec05da6.png`) for `Zack24` because it already exists in the client's sent_assets list
[2020-12-18 05:15:48.839] ASSET: DEBUG: Skipping send of `padlock.png` (as `padlock.png`) for `Zack24` because it already exists in the client's sent_assets list
[2020-12-18 05:15:48.839] ASSET: DEBUG: Skipping send of `common.css` (as `asset.2c1817def9a9ea3700c8a4c63b022070.css`) for `Zack24` because it already exists in the client's sent_assets list
[2020-12-18 05:20:12.005] ASSET: DEBUG: Skipping send of `asset.0768c5fa6b3d206ff1a2815b44b68ad1.png` (as `asset.0768c5fa6b3d206ff1a2815b44b68ad1.png`) for `Zack24` because it already exists in the client's sent_assets list
[2020-12-18 05:24:43.712] ASSET: Sending asset `asset.e401712f5c6673a8f185a16fa077533f.png` to client `Zack24` as `asset.e401712f5c6673a8f185a16fa077533f.png`
[2020-12-18 05:26:55.060] ASSET: Sending asset `asset.5503a182ee31f98dee15da29da69bf54.png` to client `Zack24` as `asset.5503a182ee31f98dee15da29da69bf54.png`
[2020-12-18 05:27:42.555] ASSET: DEBUG: Skipping send of `asset.5503a182ee31f98dee15da29da69bf54.png` (as `asset.5503a182ee31f98dee15da29da69bf54.png`) for `Zack24` because it already exists in the client's sent_assets list
[2020-12-18 05:27:44.523] ASSET: DEBUG: Skipping send of `asset.5503a182ee31f98dee15da29da69bf54.png` (as `asset.5503a182ee31f98dee15da29da69bf54.png`) for `Zack24` because it already exists in the client's sent_assets list
[2020-12-18 05:27:58.263] ASSET: Sending asset `asset.85d77ba1c130609c49663924dde3e3fe.png` to client `Zack24` as `asset.85d77ba1c130609c49663924dde3e3fe.png`
[2020-12-18 05:30:01.162] ASSET: Sending asset `asset.b5f80d089460db13c01b418c7d90af8d.png` to client `Zack24` as `asset.b5f80d089460db13c01b418c7d90af8d.png`
[2020-12-18 05:30:04.003] ASSET: DEBUG: Skipping send of `asset.b5f80d089460db13c01b418c7d90af8d.png` (as `asset.b5f80d089460db13c01b418c7d90af8d.png`) for `Zack24` because it already exists in the client's sent_assets list
[2020-12-18 05:30:21.524] ASSET: DEBUG: Skipping send of `asset.85d77ba1c130609c49663924dde3e3fe.png` (as `asset.85d77ba1c130609c49663924dde3e3fe.png`) for `Zack24` because it already exists in the client's sent_assets list
[2020-12-18 05:30:28.515] ASSET: DEBUG: Skipping send of `asset.b5f80d089460db13c01b418c7d90af8d.png` (as `asset.b5f80d089460db13c01b418c7d90af8d.png`) for `Zack24` because it already exists in the client's sent_assets list
[2020-12-18 05:30:31.756] ASSET: DEBUG: Skipping send of `asset.b5f80d089460db13c01b418c7d90af8d.png` (as `asset.b5f80d089460db13c01b418c7d90af8d.png`) for `Zack24` because it already exists in the client's sent_assets list
[2020-12-18 05:30:42.163] ASSET: DEBUG: Skipping send of `asset.b5f80d089460db13c01b418c7d90af8d.png` (as `asset.b5f80d089460db13c01b418c7d90af8d.png`) for `Zack24` because it already exists in the client's sent_assets list
[2020-12-18 05:30:46.157] ASSET: DEBUG: Skipping send of `asset.5503a182ee31f98dee15da29da69bf54.png` (as `asset.5503a182ee31f98dee15da29da69bf54.png`) for `Zack24` because it already exists in the client's sent_assets list
[2020-12-18 05:30:48.542] ASSET: DEBUG: Skipping send of `padlock.png` (as `padlock.png`) for `Zack24` because it already exists in the client's sent_assets list
[2020-12-18 05:30:48.542] ASSET: DEBUG: Skipping send of `common.css` (as `asset.2c1817def9a9ea3700c8a4c63b022070.css`) for `Zack24` because it already exists in the client's sent_assets list
[2020-12-18 05:31:14.866] ASSET: Sending asset `88x31.png` to client `Zack24` as `88x31.png`
[2020-12-18 05:31:14.866] ASSET: Sending asset `ban.png` to client `Zack24` as `ban.png`
[2020-12-18 05:31:14.867] ASSET: Sending asset `bug-minus.png` to client `Zack24` as `bug-minus.png`
[2020-12-18 05:31:14.867] ASSET: Sending asset `burn-exclamation.png` to client `Zack24` as `burn-exclamation.png`
[2020-12-18 05:31:14.867] ASSET: Sending asset `changelog.css` to client `Zack24` as `changelog.css`
[2020-12-18 05:31:14.867] ASSET: Sending asset `chevron-expand.png` to client `Zack24` as `chevron-expand.png`
[2020-12-18 05:31:14.867] ASSET: Sending asset `chevron.png` to client `Zack24` as `chevron.png`
[2020-12-18 05:31:14.867] ASSET: Sending asset `chrome-wrench.png` to client `Zack24` as `chrome-wrench.png`
[2020-12-18 05:31:14.867] ASSET: Sending asset `coding.png` to client `Zack24` as `coding.png`
[2020-12-18 05:31:14.867] ASSET: Sending asset `cross-circle.png` to client `Zack24` as `cross-circle.png`
[2020-12-18 05:31:14.867] ASSET: Sending asset `hard-hat-exclamation.png` to client `Zack24` as `hard-hat-exclamation.png`
[2020-12-18 05:31:14.868] ASSET: Sending asset `image-minus.png` to client `Zack24` as `image-minus.png`
[2020-12-18 05:31:14.868] ASSET: Sending asset `image-plus.png` to client `Zack24` as `image-plus.png`
[2020-12-18 05:31:14.868] ASSET: Sending asset `music-minus.png` to client `Zack24` as `music-minus.png`
[2020-12-18 05:31:14.868] ASSET: Sending asset `music-plus.png` to client `Zack24` as `music-plus.png`
[2020-12-18 05:31:14.868] ASSET: Sending asset `scales.png` to client `Zack24` as `scales.png`
[2020-12-18 05:31:14.868] ASSET: Sending asset `spell-check.png` to client `Zack24` as `spell-check.png`
[2020-12-18 05:31:14.868] ASSET: Sending asset `tick-circle.png` to client `Zack24` as `tick-circle.png`
[2020-12-18 05:31:14.868] ASSET: Sending asset `wrench-screwdriver.png` to client `Zack24` as `wrench-screwdriver.png`
[2020-12-18 05:31:14.868] ASSET: Sending asset `changelog.html` to client `Zack24` as `asset.921ae728532240e308fe4ecc03d22256.html`
[2020-12-18 05:31:23.764] ASSET: DEBUG: Skipping send of `asset.85d77ba1c130609c49663924dde3e3fe.png` (as `asset.85d77ba1c130609c49663924dde3e3fe.png`) for `Zack24` because it already exists in the client's sent_assets list
[2020-12-18 05:31:24.390] ASSET: DEBUG: Skipping send of `asset.b5f80d089460db13c01b418c7d90af8d.png` (as `asset.b5f80d089460db13c01b418c7d90af8d.png`) for `Zack24` because it already exists in the client's sent_assets list
[2020-12-18 05:31:24.747] ASSET: DEBUG: Skipping send of `asset.b5f80d089460db13c01b418c7d90af8d.png` (as `asset.b5f80d089460db13c01b418c7d90af8d.png`) for `Zack24` because it already exists in the client's sent_assets list
[2020-12-18 05:31:51.464] ASSET: DEBUG: Skipping send of `asset.85d77ba1c130609c49663924dde3e3fe.png` (as `asset.85d77ba1c130609c49663924dde3e3fe.png`) for `Zack24` because it already exists in the client's sent_assets list
[2020-12-18 05:31:56.460] ASSET: DEBUG: Skipping send of `asset.85d77ba1c130609c49663924dde3e3fe.png` (as `asset.85d77ba1c130609c49663924dde3e3fe.png`) for `Zack24` because it already exists in the client's sent_assets list
[2020-12-18 05:32:01.373] ASSET: DEBUG: Skipping send of `asset.5503a182ee31f98dee15da29da69bf54.png` (as `asset.5503a182ee31f98dee15da29da69bf54.png`) for `Zack24` because it already exists in the client's sent_assets list
[2020-12-18 05:32:10.891] ASSET: DEBUG: Skipping send of `asset.b5f80d089460db13c01b418c7d90af8d.png` (as `asset.b5f80d089460db13c01b418c7d90af8d.png`) for `Zack24` because it already exists in the client's sent_assets list
[2020-12-18 05:32:37.388] ASSET: Sending asset `asset.e1f724a6a9e679a9cf8788a05a138e43.png` to client `Zack24` as `asset.e1f724a6a9e679a9cf8788a05a138e43.png`
[2020-12-18 05:32:39.933] ASSET: DEBUG: Skipping send of `asset.5503a182ee31f98dee15da29da69bf54.png` (as `asset.5503a182ee31f98dee15da29da69bf54.png`) for `Zack24` because it already exists in the client's sent_assets list
[2020-12-18 05:32:41.635] ASSET: DEBUG: Skipping send of `asset.85d77ba1c130609c49663924dde3e3fe.png` (as `asset.85d77ba1c130609c49663924dde3e3fe.png`) for `Zack24` because it already exists in the client's sent_assets list
[2020-12-18 05:35:33.981] ASSET: Sending asset `asset.e4f4f0d0fe448bc55dd37256676c13a0.png` to client `Zack24` as `asset.e4f4f0d0fe448bc55dd37256676c13a0.png`
[2020-12-18 05:35:49.847] ASSET: Sending asset `asset.77d624e89ee86ac426cc01f95086c816.png` to client `Zack24` as `asset.77d624e89ee86ac426cc01f95086c816.png`
[2020-12-18 05:35:49.867] ASSET: Sending asset `asset.a57875f2355c5e5a261afa6e03290da1.png` to client `Zack24` as `asset.a57875f2355c5e5a261afa6e03290da1.png`
[2020-12-18 05:35:49.869] ASSET: Sending asset `asset.33333ef1457bd3c53e56c0aaff444c54.png` to client `Zack24` as `asset.33333ef1457bd3c53e56c0aaff444c54.png`
[2020-12-18 05:36:43.780] ASSET: DEBUG: Skipping send of `asset.77d624e89ee86ac426cc01f95086c816.png` (as `asset.77d624e89ee86ac426cc01f95086c816.png`) for `Zack24` because it already exists in the client's sent_assets list
[2020-12-18 05:36:43.784] ASSET: DEBUG: Skipping send of `asset.a57875f2355c5e5a261afa6e03290da1.png` (as `asset.a57875f2355c5e5a261afa6e03290da1.png`) for `Zack24` because it already exists in the client's sent_assets list
[2020-12-18 05:36:43.785] ASSET: DEBUG: Skipping send of `asset.33333ef1457bd3c53e56c0aaff444c54.png` (as `asset.33333ef1457bd3c53e56c0aaff444c54.png`) for `Zack24` because it already exists in the client's sent_assets list
[2020-12-18 05:36:45.891] ASSET: DEBUG: Skipping send of `asset.77d624e89ee86ac426cc01f95086c816.png` (as `asset.77d624e89ee86ac426cc01f95086c816.png`) for `Zack24` because it already exists in the client's sent_assets list
[2020-12-18 05:36:45.895] ASSET: DEBUG: Skipping send of `asset.a57875f2355c5e5a261afa6e03290da1.png` (as `asset.a57875f2355c5e5a261afa6e03290da1.png`) for `Zack24` because it already exists in the client's sent_assets list
[2020-12-18 05:36:45.897] ASSET: DEBUG: Skipping send of `asset.33333ef1457bd3c53e56c0aaff444c54.png` (as `asset.33333ef1457bd3c53e56c0aaff444c54.png`) for `Zack24` because it already exists in the client's sent_assets list
[2020-12-18 05:37:54.292] ASSET: DEBUG: Skipping send of `asset.77d624e89ee86ac426cc01f95086c816.png` (as `asset.77d624e89ee86ac426cc01f95086c816.png`) for `Zack24` because it already exists in the client's sent_assets list
[2020-12-18 05:37:54.611] ASSET: DEBUG: Skipping send of `asset.77d624e89ee86ac426cc01f95086c816.png` (as `asset.77d624e89ee86ac426cc01f95086c816.png`) for `Zack24` because it already exists in the client's sent_assets list
[2020-12-18 05:39:17.924] ASSET: DEBUG: Skipping send of `asset.77d624e89ee86ac426cc01f95086c816.png` (as `asset.77d624e89ee86ac426cc01f95086c816.png`) for `Zack24` because it already exists in the client's sent_assets list
[2020-12-18 05:39:17.927] ASSET: DEBUG: Skipping send of `asset.a57875f2355c5e5a261afa6e03290da1.png` (as `asset.a57875f2355c5e5a261afa6e03290da1.png`) for `Zack24` because it already exists in the client's sent_assets list
[2020-12-18 05:39:17.929] ASSET: DEBUG: Skipping send of `asset.33333ef1457bd3c53e56c0aaff444c54.png` (as `asset.33333ef1457bd3c53e56c0aaff444c54.png`) for `Zack24` because it already exists in the client's sent_assets list
[2020-12-18 05:39:22.701] ASSET: DEBUG: Skipping send of `asset.e4f4f0d0fe448bc55dd37256676c13a0.png` (as `asset.e4f4f0d0fe448bc55dd37256676c13a0.png`) for `Zack24` because it already exists in the client's sent_assets list
[2020-12-18 05:40:44.403] ASSET: DEBUG: Skipping send of `asset.e4f4f0d0fe448bc55dd37256676c13a0.png` (as `asset.e4f4f0d0fe448bc55dd37256676c13a0.png`) for `Zack24` because it already exists in the client's sent_assets list
[2020-12-18 05:43:36.404] ASSET: DEBUG: Skipping send of `asset.e401712f5c6673a8f185a16fa077533f.png` (as `asset.e401712f5c6673a8f185a16fa077533f.png`) for `Zack24` because it already exists in the client's sent_assets list
