[2020-10-29 08:42:07.913] ASSET: Sending asset `padlock.png` to client `Zack24` as `padlock.png`
[2020-10-29 08:42:07.914] ASSET: Sending asset `common.css` to client `Zack24` as `asset.2c1817def9a9ea3700c8a4c63b022070.css`
[2020-10-29 08:42:07.916] ASSET: Sending asset `jquery.min.js` to client `Zack24` as `jquery.min.js`
[2020-10-29 08:42:24.686] ASSET: DEBUG: Skipping send of `jquery.min.js` (as `jquery.min.js`) for `Zack24` because it already exists in the client's sent_assets list
[2020-10-29 08:42:24.686] ASSET: Sending asset `browserOutput.css` to client `Zack24` as `browserOutput.css`
[2020-10-29 08:42:24.687] ASSET: Sending asset `browserOutput.js` to client `Zack24` as `browserOutput.js`
[2020-10-29 08:42:24.687] ASSET: Sending asset `browserOutput_white.css` to client `Zack24` as `browserOutput_white.css`
[2020-10-29 08:42:24.688] ASSET: Sending asset `fontawesome-webfont.eot` to client `Zack24` as `fontawesome-webfont.eot`
[2020-10-29 08:42:24.688] ASSET: Sending asset `fontawesome-webfont.svg` to client `Zack24` as `fontawesome-webfont.svg`
[2020-10-29 08:42:24.688] ASSET: Sending asset `fontawesome-webfont.ttf` to client `Zack24` as `fontawesome-webfont.ttf`
[2020-10-29 08:42:24.688] ASSET: Sending asset `fontawesome-webfont.woff` to client `Zack24` as `fontawesome-webfont.woff`
[2020-10-29 08:42:24.688] ASSET: Sending asset `goonchatfont-awesome.css` to client `Zack24` as `goonchatfont-awesome.css`
[2020-10-29 08:42:24.688] ASSET: Sending asset `json2.min.js` to client `Zack24` as `json2.min.js`
[2020-10-29 08:42:24.689] ASSET: Sending asset `spritesheet_chat.css` to client `Zack24` as `asset.9b2c5fc6395f3214454b5d0cf0c5403f.css`
[2020-10-29 08:42:24.689] ASSET: Sending asset `chat_16x16.png` to client `Zack24` as `asset.f2c9176c6a3ba7b8cdfe4457c848bd8c.png`
[2020-10-29 08:42:24.689] ASSET: Sending asset `fa-regular-400.eot` to client `Zack24` as `fa-regular-400.eot`
[2020-10-29 08:42:24.689] ASSET: Sending asset `fa-regular-400.woff` to client `Zack24` as `fa-regular-400.woff`
[2020-10-29 08:42:24.689] ASSET: Sending asset `fa-solid-900.eot` to client `Zack24` as `fa-solid-900.eot`
[2020-10-29 08:42:24.689] ASSET: Sending asset `fa-solid-900.woff` to client `Zack24` as `fa-solid-900.woff`
[2020-10-29 08:42:24.689] ASSET: Sending asset `font-awesome.css` to client `Zack24` as `font-awesome.css`
[2020-10-29 08:42:24.689] ASSET: Sending asset `v4shim.css` to client `Zack24` as `v4shim.css`
[2020-10-29 08:43:31.004] ASSET: Sending asset `asset.d2909c8f8da5a472b59ab51a12f74b68.png` to client `Zack24` as `asset.d2909c8f8da5a472b59ab51a12f74b68.png`
[2020-10-29 08:43:39.408] ASSET: Sending asset `asset.1fb28a5d0d6fd8bbe77ddec9610e0c2c.png` to client `Zack24` as `asset.1fb28a5d0d6fd8bbe77ddec9610e0c2c.png`
[2020-10-29 08:44:00.749] ASSET: Sending asset `tgui.bundle.js` to client `Zack24` as `tgui.bundle.js`
[2020-10-29 08:44:00.749] ASSET: Sending asset `tgui.bundle.css` to client `Zack24` as `tgui.bundle.css`
[2020-10-29 08:44:00.749] ASSET: DEBUG: Skipping send of `fa-regular-400.eot` (as `fa-regular-400.eot`) for `Zack24` because it already exists in the client's sent_assets list
[2020-10-29 08:44:00.749] ASSET: DEBUG: Skipping send of `fa-regular-400.woff` (as `fa-regular-400.woff`) for `Zack24` because it already exists in the client's sent_assets list
[2020-10-29 08:44:00.749] ASSET: DEBUG: Skipping send of `fa-solid-900.eot` (as `fa-solid-900.eot`) for `Zack24` because it already exists in the client's sent_assets list
[2020-10-29 08:44:00.749] ASSET: DEBUG: Skipping send of `fa-solid-900.woff` (as `fa-solid-900.woff`) for `Zack24` because it already exists in the client's sent_assets list
[2020-10-29 08:44:00.749] ASSET: DEBUG: Skipping send of `font-awesome.css` (as `font-awesome.css`) for `Zack24` because it already exists in the client's sent_assets list
[2020-10-29 08:44:00.749] ASSET: DEBUG: Skipping send of `v4shim.css` (as `v4shim.css`) for `Zack24` because it already exists in the client's sent_assets list
[2020-10-29 08:44:01.551] ASSET: DEBUG: Skipping send of `tgui.bundle.js` (as `tgui.bundle.js`) for `Zack24` because it already exists in the client's sent_assets list
[2020-10-29 08:44:01.551] ASSET: DEBUG: Skipping send of `tgui.bundle.css` (as `tgui.bundle.css`) for `Zack24` because it already exists in the client's sent_assets list
[2020-10-29 08:44:01.551] ASSET: DEBUG: Skipping send of `fa-regular-400.eot` (as `fa-regular-400.eot`) for `Zack24` because it already exists in the client's sent_assets list
[2020-10-29 08:44:01.551] ASSET: DEBUG: Skipping send of `fa-regular-400.woff` (as `fa-regular-400.woff`) for `Zack24` because it already exists in the client's sent_assets list
[2020-10-29 08:44:01.551] ASSET: DEBUG: Skipping send of `fa-solid-900.eot` (as `fa-solid-900.eot`) for `Zack24` because it already exists in the client's sent_assets list
[2020-10-29 08:44:01.552] ASSET: DEBUG: Skipping send of `fa-solid-900.woff` (as `fa-solid-900.woff`) for `Zack24` because it already exists in the client's sent_assets list
[2020-10-29 08:44:01.552] ASSET: DEBUG: Skipping send of `font-awesome.css` (as `font-awesome.css`) for `Zack24` because it already exists in the client's sent_assets list
[2020-10-29 08:44:01.552] ASSET: DEBUG: Skipping send of `v4shim.css` (as `v4shim.css`) for `Zack24` because it already exists in the client's sent_assets list
[2020-10-29 08:52:08.618] ASSET: DEBUG: Skipping send of `tgui.bundle.js` (as `tgui.bundle.js`) for `Zack24` because it already exists in the client's sent_assets list
[2020-10-29 08:52:08.618] ASSET: DEBUG: Skipping send of `tgui.bundle.css` (as `tgui.bundle.css`) for `Zack24` because it already exists in the client's sent_assets list
[2020-10-29 08:52:08.618] ASSET: DEBUG: Skipping send of `fa-regular-400.eot` (as `fa-regular-400.eot`) for `Zack24` because it already exists in the client's sent_assets list
[2020-10-29 08:52:08.618] ASSET: DEBUG: Skipping send of `fa-regular-400.woff` (as `fa-regular-400.woff`) for `Zack24` because it already exists in the client's sent_assets list
[2020-10-29 08:52:08.618] ASSET: DEBUG: Skipping send of `fa-solid-900.eot` (as `fa-solid-900.eot`) for `Zack24` because it already exists in the client's sent_assets list
[2020-10-29 08:52:08.619] ASSET: DEBUG: Skipping send of `fa-solid-900.woff` (as `fa-solid-900.woff`) for `Zack24` because it already exists in the client's sent_assets list
[2020-10-29 08:52:08.619] ASSET: DEBUG: Skipping send of `font-awesome.css` (as `font-awesome.css`) for `Zack24` because it already exists in the client's sent_assets list
[2020-10-29 08:52:08.619] ASSET: DEBUG: Skipping send of `v4shim.css` (as `v4shim.css`) for `Zack24` because it already exists in the client's sent_assets list
[2020-10-29 09:04:15.166] ASSET: DEBUG: Skipping send of `tgui.bundle.js` (as `tgui.bundle.js`) for `Zack24` because it already exists in the client's sent_assets list
[2020-10-29 09:04:15.167] ASSET: DEBUG: Skipping send of `tgui.bundle.css` (as `tgui.bundle.css`) for `Zack24` because it already exists in the client's sent_assets list
[2020-10-29 09:04:15.167] ASSET: DEBUG: Skipping send of `fa-regular-400.eot` (as `fa-regular-400.eot`) for `Zack24` because it already exists in the client's sent_assets list
[2020-10-29 09:04:15.167] ASSET: DEBUG: Skipping send of `fa-regular-400.woff` (as `fa-regular-400.woff`) for `Zack24` because it already exists in the client's sent_assets list
[2020-10-29 09:04:15.167] ASSET: DEBUG: Skipping send of `fa-solid-900.eot` (as `fa-solid-900.eot`) for `Zack24` because it already exists in the client's sent_assets list
[2020-10-29 09:04:15.167] ASSET: DEBUG: Skipping send of `fa-solid-900.woff` (as `fa-solid-900.woff`) for `Zack24` because it already exists in the client's sent_assets list
[2020-10-29 09:04:15.167] ASSET: DEBUG: Skipping send of `font-awesome.css` (as `font-awesome.css`) for `Zack24` because it already exists in the client's sent_assets list
[2020-10-29 09:04:15.167] ASSET: DEBUG: Skipping send of `v4shim.css` (as `v4shim.css`) for `Zack24` because it already exists in the client's sent_assets list
