[2020-12-10 21:10:27.580] ASSET: Sending asset `padlock.png` to client `Zack24` as `padlock.png`
[2020-12-10 21:10:27.580] ASSET: Sending asset `common.css` to client `Zack24` as `asset.2c1817def9a9ea3700c8a4c63b022070.css`
[2020-12-10 21:10:27.585] ASSET: Sending asset `jquery.min.js` to client `Zack24` as `jquery.min.js`
[2020-12-10 21:10:37.686] ASSET: DEBUG: Skipping send of `jquery.min.js` (as `jquery.min.js`) for `Zack24` because it already exists in the client's sent_assets list
[2020-12-10 21:10:37.687] ASSET: Sending asset `browserOutput.css` to client `Zack24` as `browserOutput.css`
[2020-12-10 21:10:37.687] ASSET: Sending asset `browserOutput.js` to client `Zack24` as `browserOutput.js`
[2020-12-10 21:10:37.687] ASSET: Sending asset `browserOutput_white.css` to client `Zack24` as `browserOutput_white.css`
[2020-12-10 21:10:37.687] ASSET: Sending asset `fontawesome-webfont.eot` to client `Zack24` as `fontawesome-webfont.eot`
[2020-12-10 21:10:37.687] ASSET: Sending asset `fontawesome-webfont.svg` to client `Zack24` as `fontawesome-webfont.svg`
[2020-12-10 21:10:37.687] ASSET: Sending asset `fontawesome-webfont.ttf` to client `Zack24` as `fontawesome-webfont.ttf`
[2020-12-10 21:10:37.687] ASSET: Sending asset `fontawesome-webfont.woff` to client `Zack24` as `fontawesome-webfont.woff`
[2020-12-10 21:10:37.687] ASSET: Sending asset `goonchatfont-awesome.css` to client `Zack24` as `goonchatfont-awesome.css`
[2020-12-10 21:10:37.687] ASSET: Sending asset `json2.min.js` to client `Zack24` as `json2.min.js`
[2020-12-10 21:10:37.688] ASSET: Sending asset `spritesheet_chat.css` to client `Zack24` as `asset.9b2c5fc6395f3214454b5d0cf0c5403f.css`
[2020-12-10 21:10:37.688] ASSET: Sending asset `chat_16x16.png` to client `Zack24` as `asset.f2c9176c6a3ba7b8cdfe4457c848bd8c.png`
[2020-12-10 21:10:37.688] ASSET: Sending asset `fa-regular-400.eot` to client `Zack24` as `fa-regular-400.eot`
[2020-12-10 21:10:37.688] ASSET: Sending asset `fa-regular-400.woff` to client `Zack24` as `fa-regular-400.woff`
[2020-12-10 21:10:37.688] ASSET: Sending asset `fa-solid-900.eot` to client `Zack24` as `fa-solid-900.eot`
[2020-12-10 21:10:37.688] ASSET: Sending asset `fa-solid-900.woff` to client `Zack24` as `fa-solid-900.woff`
[2020-12-10 21:10:37.688] ASSET: Sending asset `font-awesome.css` to client `Zack24` as `font-awesome.css`
[2020-12-10 21:10:37.688] ASSET: Sending asset `v4shim.css` to client `Zack24` as `v4shim.css`
[2020-12-10 21:11:07.445] ASSET: Sending asset `asset.3b35bec27fbc6befce1b7cfa600542b7.png` to client `Zack24` as `asset.3b35bec27fbc6befce1b7cfa600542b7.png`
[2020-12-10 21:11:07.848] ASSET: Sending asset `asset.6e907aec9272a44745087562b5f70f8b.png` to client `Zack24` as `asset.6e907aec9272a44745087562b5f70f8b.png`
[2020-12-10 21:11:55.589] ASSET: Sending asset `asset.7a298bc7cb060ce1e9885bd2db0e1cab.png` to client `Zack24` as `asset.7a298bc7cb060ce1e9885bd2db0e1cab.png`
[2020-12-10 21:12:05.946] ASSET: DEBUG: Skipping send of `asset.7a298bc7cb060ce1e9885bd2db0e1cab.png` (as `asset.7a298bc7cb060ce1e9885bd2db0e1cab.png`) for `Zack24` because it already exists in the client's sent_assets list
[2020-12-10 21:12:06.721] ASSET: DEBUG: Skipping send of `asset.7a298bc7cb060ce1e9885bd2db0e1cab.png` (as `asset.7a298bc7cb060ce1e9885bd2db0e1cab.png`) for `Zack24` because it already exists in the client's sent_assets list
[2020-12-10 21:12:07.178] ASSET: DEBUG: Skipping send of `asset.7a298bc7cb060ce1e9885bd2db0e1cab.png` (as `asset.7a298bc7cb060ce1e9885bd2db0e1cab.png`) for `Zack24` because it already exists in the client's sent_assets list
[2020-12-10 21:12:18.689] ASSET: DEBUG: Skipping send of `asset.7a298bc7cb060ce1e9885bd2db0e1cab.png` (as `asset.7a298bc7cb060ce1e9885bd2db0e1cab.png`) for `Zack24` because it already exists in the client's sent_assets list
[2020-12-10 21:12:26.007] ASSET: Sending asset `jquery.min.js` to client `Zack24` as `jquery.min.js`
[2020-12-10 21:12:37.329] ASSET: DEBUG: Skipping send of `asset.7a298bc7cb060ce1e9885bd2db0e1cab.png` (as `asset.7a298bc7cb060ce1e9885bd2db0e1cab.png`) for `Zack24` because it already exists in the client's sent_assets list
[2020-12-10 21:14:29.369] ASSET: DEBUG: Skipping send of `asset.7a298bc7cb060ce1e9885bd2db0e1cab.png` (as `asset.7a298bc7cb060ce1e9885bd2db0e1cab.png`) for `Zack24` because it already exists in the client's sent_assets list
[2020-12-10 21:14:31.833] ASSET: DEBUG: Skipping send of `asset.7a298bc7cb060ce1e9885bd2db0e1cab.png` (as `asset.7a298bc7cb060ce1e9885bd2db0e1cab.png`) for `Zack24` because it already exists in the client's sent_assets list
[2020-12-10 21:14:56.953] ASSET: DEBUG: Skipping send of `asset.7a298bc7cb060ce1e9885bd2db0e1cab.png` (as `asset.7a298bc7cb060ce1e9885bd2db0e1cab.png`) for `Zack24` because it already exists in the client's sent_assets list
[2020-12-10 21:15:03.194] ASSET: DEBUG: Skipping send of `asset.7a298bc7cb060ce1e9885bd2db0e1cab.png` (as `asset.7a298bc7cb060ce1e9885bd2db0e1cab.png`) for `Zack24` because it already exists in the client's sent_assets list
[2020-12-10 21:15:38.135] ASSET: Sending asset `asset.0bb2eb8ba3b279a4e2db529f49e3a484.png` to client `Zack24` as `asset.0bb2eb8ba3b279a4e2db529f49e3a484.png`
[2020-12-10 21:15:40.970] ASSET: DEBUG: Skipping send of `asset.3b35bec27fbc6befce1b7cfa600542b7.png` (as `asset.3b35bec27fbc6befce1b7cfa600542b7.png`) for `Zack24` because it already exists in the client's sent_assets list
[2020-12-10 21:15:41.768] ASSET: DEBUG: Skipping send of `asset.3b35bec27fbc6befce1b7cfa600542b7.png` (as `asset.3b35bec27fbc6befce1b7cfa600542b7.png`) for `Zack24` because it already exists in the client's sent_assets list
[2020-12-10 21:15:43.017] ASSET: DEBUG: Skipping send of `asset.3b35bec27fbc6befce1b7cfa600542b7.png` (as `asset.3b35bec27fbc6befce1b7cfa600542b7.png`) for `Zack24` because it already exists in the client's sent_assets list
[2020-12-10 21:16:17.023] ASSET: Sending asset `asset.3356c9ee76879283db0ea98093afe6d9.png` to client `Zack24` as `asset.3356c9ee76879283db0ea98093afe6d9.png`
[2020-12-10 21:16:26.066] ASSET: DEBUG: Skipping send of `asset.7a298bc7cb060ce1e9885bd2db0e1cab.png` (as `asset.7a298bc7cb060ce1e9885bd2db0e1cab.png`) for `Zack24` because it already exists in the client's sent_assets list
[2020-12-10 21:23:27.769] ASSET: DEBUG: Skipping send of `asset.7a298bc7cb060ce1e9885bd2db0e1cab.png` (as `asset.7a298bc7cb060ce1e9885bd2db0e1cab.png`) for `Zack24` because it already exists in the client's sent_assets list
[2020-12-10 21:24:23.610] ASSET: DEBUG: Skipping send of `asset.7a298bc7cb060ce1e9885bd2db0e1cab.png` (as `asset.7a298bc7cb060ce1e9885bd2db0e1cab.png`) for `Zack24` because it already exists in the client's sent_assets list
[2020-12-10 21:24:24.392] ASSET: DEBUG: Skipping send of `asset.7a298bc7cb060ce1e9885bd2db0e1cab.png` (as `asset.7a298bc7cb060ce1e9885bd2db0e1cab.png`) for `Zack24` because it already exists in the client's sent_assets list
[2020-12-10 21:24:26.017] ASSET: Sending asset `asset.f16b2a934343945009ccba47a8011cc9.png` to client `Zack24` as `asset.f16b2a934343945009ccba47a8011cc9.png`
[2020-12-10 21:24:26.395] ASSET: Sending asset `asset.991ad9926310290eb93225aeeaa8c592.png` to client `Zack24` as `asset.991ad9926310290eb93225aeeaa8c592.png`
[2020-12-10 21:24:27.135] ASSET: Sending asset `asset.a196140f787b9a7cae8edf67751aa0d6.png` to client `Zack24` as `asset.a196140f787b9a7cae8edf67751aa0d6.png`
[2020-12-10 21:24:27.494] ASSET: Sending asset `asset.d0a75af9bf325e0b1643b7c39b2233ba.png` to client `Zack24` as `asset.d0a75af9bf325e0b1643b7c39b2233ba.png`
[2020-12-10 21:46:04.969] ASSET: Sending asset `asset.b2978618a6530786df185e1ea65ec4d1.png` to client `Zack24` as `asset.b2978618a6530786df185e1ea65ec4d1.png`
[2020-12-10 21:46:05.417] ASSET: DEBUG: Skipping send of `asset.b2978618a6530786df185e1ea65ec4d1.png` (as `asset.b2978618a6530786df185e1ea65ec4d1.png`) for `Zack24` because it already exists in the client's sent_assets list
[2020-12-10 21:46:33.270] ASSET: DEBUG: Skipping send of `asset.b2978618a6530786df185e1ea65ec4d1.png` (as `asset.b2978618a6530786df185e1ea65ec4d1.png`) for `Zack24` because it already exists in the client's sent_assets list
