[2020-12-19 03:12:36.306] ASSET: Sending asset `padlock.png` to client `Zack24` as `padlock.png`
[2020-12-19 03:12:36.307] ASSET: Sending asset `common.css` to client `Zack24` as `asset.2c1817def9a9ea3700c8a4c63b022070.css`
[2020-12-19 03:12:36.362] ASSET: Sending asset `jquery.min.js` to client `Zack24` as `jquery.min.js`
[2020-12-19 03:12:45.343] ASSET: DEBUG: Skipping send of `jquery.min.js` (as `jquery.min.js`) for `Zack24` because it already exists in the client's sent_assets list
[2020-12-19 03:12:45.343] ASSET: Sending asset `browserOutput.css` to client `Zack24` as `browserOutput.css`
[2020-12-19 03:12:45.343] ASSET: Sending asset `browserOutput.js` to client `Zack24` as `browserOutput.js`
[2020-12-19 03:12:45.343] ASSET: Sending asset `browserOutput_white.css` to client `Zack24` as `browserOutput_white.css`
[2020-12-19 03:12:45.344] ASSET: Sending asset `fontawesome-webfont.eot` to client `Zack24` as `fontawesome-webfont.eot`
[2020-12-19 03:12:45.344] ASSET: Sending asset `fontawesome-webfont.svg` to client `Zack24` as `fontawesome-webfont.svg`
[2020-12-19 03:12:45.344] ASSET: Sending asset `fontawesome-webfont.ttf` to client `Zack24` as `fontawesome-webfont.ttf`
[2020-12-19 03:12:45.344] ASSET: Sending asset `fontawesome-webfont.woff` to client `Zack24` as `fontawesome-webfont.woff`
[2020-12-19 03:12:45.344] ASSET: Sending asset `goonchatfont-awesome.css` to client `Zack24` as `goonchatfont-awesome.css`
[2020-12-19 03:12:45.344] ASSET: Sending asset `json2.min.js` to client `Zack24` as `json2.min.js`
[2020-12-19 03:12:45.344] ASSET: Sending asset `spritesheet_chat.css` to client `Zack24` as `asset.9b2c5fc6395f3214454b5d0cf0c5403f.css`
[2020-12-19 03:12:45.344] ASSET: Sending asset `chat_16x16.png` to client `Zack24` as `asset.f2c9176c6a3ba7b8cdfe4457c848bd8c.png`
[2020-12-19 03:12:45.344] ASSET: Sending asset `fa-regular-400.eot` to client `Zack24` as `fa-regular-400.eot`
[2020-12-19 03:12:45.344] ASSET: Sending asset `fa-regular-400.woff` to client `Zack24` as `fa-regular-400.woff`
[2020-12-19 03:12:45.344] ASSET: Sending asset `fa-solid-900.eot` to client `Zack24` as `fa-solid-900.eot`
[2020-12-19 03:12:45.345] ASSET: Sending asset `fa-solid-900.woff` to client `Zack24` as `fa-solid-900.woff`
[2020-12-19 03:12:45.345] ASSET: Sending asset `font-awesome.css` to client `Zack24` as `font-awesome.css`
[2020-12-19 03:12:45.345] ASSET: Sending asset `v4shim.css` to client `Zack24` as `v4shim.css`
[2020-12-19 03:13:07.412] ASSET: Sending asset `tgui.bundle.js` to client `Zack24` as `tgui.bundle.js`
[2020-12-19 03:13:07.413] ASSET: Sending asset `tgui.bundle.css` to client `Zack24` as `tgui.bundle.css`
[2020-12-19 03:13:07.414] ASSET: DEBUG: Skipping send of `fa-regular-400.eot` (as `fa-regular-400.eot`) for `Zack24` because it already exists in the client's sent_assets list
[2020-12-19 03:13:07.414] ASSET: DEBUG: Skipping send of `fa-regular-400.woff` (as `fa-regular-400.woff`) for `Zack24` because it already exists in the client's sent_assets list
[2020-12-19 03:13:07.414] ASSET: DEBUG: Skipping send of `fa-solid-900.eot` (as `fa-solid-900.eot`) for `Zack24` because it already exists in the client's sent_assets list
[2020-12-19 03:13:07.414] ASSET: DEBUG: Skipping send of `fa-solid-900.woff` (as `fa-solid-900.woff`) for `Zack24` because it already exists in the client's sent_assets list
[2020-12-19 03:13:07.414] ASSET: DEBUG: Skipping send of `font-awesome.css` (as `font-awesome.css`) for `Zack24` because it already exists in the client's sent_assets list
[2020-12-19 03:13:07.414] ASSET: DEBUG: Skipping send of `v4shim.css` (as `v4shim.css`) for `Zack24` because it already exists in the client's sent_assets list
[2020-12-19 03:13:18.890] ASSET: Sending asset `asset.25218af420a4a2d0a674b0a24e769493.png` to client `Zack24` as `asset.25218af420a4a2d0a674b0a24e769493.png`
[2020-12-19 03:13:32.257] ASSET: DEBUG: Skipping send of `asset.25218af420a4a2d0a674b0a24e769493.png` (as `asset.25218af420a4a2d0a674b0a24e769493.png`) for `Zack24` because it already exists in the client's sent_assets list
[2020-12-19 03:13:45.650] ASSET: Sending asset `asset.77d624e89ee86ac426cc01f95086c816.png` to client `Zack24` as `asset.77d624e89ee86ac426cc01f95086c816.png`
[2020-12-19 03:13:47.860] ASSET: DEBUG: Skipping send of `asset.77d624e89ee86ac426cc01f95086c816.png` (as `asset.77d624e89ee86ac426cc01f95086c816.png`) for `Zack24` because it already exists in the client's sent_assets list
[2020-12-19 03:13:55.261] ASSET: Sending asset `asset.74411f97d8855b6fc2f2af5dccf71c4e.png` to client `Zack24` as `asset.74411f97d8855b6fc2f2af5dccf71c4e.png`
[2020-12-19 03:13:55.993] ASSET: DEBUG: Skipping send of `asset.25218af420a4a2d0a674b0a24e769493.png` (as `asset.25218af420a4a2d0a674b0a24e769493.png`) for `Zack24` because it already exists in the client's sent_assets list
[2020-12-19 03:14:33.401] ASSET: DEBUG: Skipping send of `asset.74411f97d8855b6fc2f2af5dccf71c4e.png` (as `asset.74411f97d8855b6fc2f2af5dccf71c4e.png`) for `Zack24` because it already exists in the client's sent_assets list
[2020-12-19 03:14:35.168] ASSET: DEBUG: Skipping send of `asset.25218af420a4a2d0a674b0a24e769493.png` (as `asset.25218af420a4a2d0a674b0a24e769493.png`) for `Zack24` because it already exists in the client's sent_assets list
[2020-12-19 03:14:39.723] ASSET: DEBUG: Skipping send of `asset.25218af420a4a2d0a674b0a24e769493.png` (as `asset.25218af420a4a2d0a674b0a24e769493.png`) for `Zack24` because it already exists in the client's sent_assets list
[2020-12-19 03:15:03.712] ASSET: Sending asset `asset.2f5439091b4c1fef6433d25f990e31b8.png` to client `Zack24` as `asset.2f5439091b4c1fef6433d25f990e31b8.png`
[2020-12-19 03:18:10.833] ASSET: Sending asset `asset.62cada37077b84ceb190e10d10922cfc.png` to client `Zack24` as `asset.62cada37077b84ceb190e10d10922cfc.png`
[2020-12-19 03:19:27.656] ASSET: Sending asset `asset.942324eb5f22504ee7d14894768f4274.png` to client `Zack24` as `asset.942324eb5f22504ee7d14894768f4274.png`
[2020-12-19 03:20:27.298] ASSET: Sending asset `asset.59fc392a975ec9763a345d1327a491e0.png` to client `Zack24` as `asset.59fc392a975ec9763a345d1327a491e0.png`
[2020-12-19 03:23:19.549] ASSET: DEBUG: Skipping send of `asset.77d624e89ee86ac426cc01f95086c816.png` (as `asset.77d624e89ee86ac426cc01f95086c816.png`) for `Zack24` because it already exists in the client's sent_assets list
[2020-12-19 03:23:26.144] ASSET: DEBUG: Skipping send of `asset.77d624e89ee86ac426cc01f95086c816.png` (as `asset.77d624e89ee86ac426cc01f95086c816.png`) for `Zack24` because it already exists in the client's sent_assets list
[2020-12-19 03:23:26.356] ASSET: DEBUG: Skipping send of `asset.77d624e89ee86ac426cc01f95086c816.png` (as `asset.77d624e89ee86ac426cc01f95086c816.png`) for `Zack24` because it already exists in the client's sent_assets list
[2020-12-19 03:23:27.299] ASSET: DEBUG: Skipping send of `asset.77d624e89ee86ac426cc01f95086c816.png` (as `asset.77d624e89ee86ac426cc01f95086c816.png`) for `Zack24` because it already exists in the client's sent_assets list
