[2020-12-19 03:12:21.292] Starting up round ID .
 - -------------------------
[2020-12-19 03:12:32.402] ATTACK: *no key*/(Colonist Evan Kark) has seizes up and falls limp... *no key*/(Colonist Evan Kark) (NEWHP: 100)  North Western Caves (15, 162, 2)
[2020-12-19 03:12:32.668] ATTACK: *no key*/(Colonist Chang Lin) has seizes up and falls limp... *no key*/(Colonist Chang Lin) (NEWHP: 100)  North Western Caves (15, 161, 2)
[2020-12-19 03:12:32.898] ATTACK: *no key*/(Colonist Everett Mison) has seizes up and falls limp... *no key*/(Colonist Everett Mison) (NEWHP: 100)  North Western Caves (15, 159, 2)
[2020-12-19 03:12:32.936] ATTACK: *no key*/(Colonist Ted Koso) has seizes up and falls limp... *no key*/(Colonist Ted Koso) (NEWHP: 100)  North Western Caves (15, 158, 2)
[2020-12-19 03:12:33.112] ATTACK: *no key*/(Colonist Terrin Yin) has seizes up and falls limp... *no key*/(Colonist Terrin Yin) (NEWHP: 100)  North Western Caves (15, 157, 2)
[2020-12-19 03:12:33.136] ATTACK: *no key*/(Colonist Marko Quin) has seizes up and falls limp... *no key*/(Colonist Marko Quin) (NEWHP: 100)  North Western Caves (15, 155, 2)
[2020-12-19 03:12:33.324] ATTACK: *no key*/(Colonist Olin Berus) has seizes up and falls limp... *no key*/(Colonist Olin Berus) (NEWHP: 100)  North Western Caves (15, 154, 2)
[2020-12-19 03:12:33.507] ATTACK: *no key*/(Colonist Innio Morris) has seizes up and falls limp... *no key*/(Colonist Innio Morris) (NEWHP: 100)  North Western Caves (15, 153, 2)
[2020-12-19 03:12:33.699] ATTACK: *no key*/(Colonist Drew Bellel) has seizes up and falls limp... *no key*/(Colonist Drew Bellel) (NEWHP: 100)  North Western Caves (16, 162, 2)
[2020-12-19 03:12:33.890] ATTACK: *no key*/(Colonist Jed Willis) has seizes up and falls limp... *no key*/(Colonist Jed Willis) (NEWHP: 100)  Western River (16, 60, 2)
[2020-12-19 03:12:34.089] ATTACK: *no key*/(Colonist Jac Mester) has seizes up and falls limp... *no key*/(Colonist Jac Mester) (NEWHP: 100)  North Western Caves (17, 162, 2)
[2020-12-19 03:12:34.339] ATTACK: *no key*/(Colonist Braxton Oxto) has seizes up and falls limp... *no key*/(Colonist Braxton Oxto) (NEWHP: 100)  North Western Caves (17, 153, 2)
[2020-12-19 03:12:34.524] ATTACK: *no key*/(Colonist Lee Hesto) has seizes up and falls limp... *no key*/(Colonist Lee Hesto) (NEWHP: 100)  North Western Caves (18, 162, 2)
[2020-12-19 03:12:34.720] ATTACK: *no key*/(Colonist Kira Von) has seizes up and falls limp... *no key*/(Colonist Kira Von) (NEWHP: 100)  North Western Caves (18, 153, 2)
[2020-12-19 03:12:34.929] ATTACK: *no key*/(Colonist Ellis Bark) has seizes up and falls limp... *no key*/(Colonist Ellis Bark) (NEWHP: 100)  North Western Caves (19, 162, 2)
[2020-12-19 03:12:35.123] ATTACK: *no key*/(Colonist Bren Foras) has seizes up and falls limp... *no key*/(Colonist Bren Foras) (NEWHP: 100)  North Western Caves (19, 153, 2)
[2020-12-19 03:12:35.139] ATTACK: *no key*/(Colonist Olgin Vekin) has seizes up and falls limp... *no key*/(Colonist Olgin Vekin) (NEWHP: 100)  North Western Caves (20, 162, 2)
[2020-12-19 03:12:35.334] ATTACK: *no key*/(Colonist Wes Uvin) has seizes up and falls limp... *no key*/(Colonist Wes Uvin) (NEWHP: 100)  North Western Caves (20, 161, 2)
[2020-12-19 03:12:35.524] ATTACK: *no key*/(Colonist Ted Jarka) has seizes up and falls limp... *no key*/(Colonist Ted Jarka) (NEWHP: 100)  North Western Caves (20, 160, 2)
[2020-12-19 03:12:35.553] ATTACK: *no key*/(Colonist Jackson Martin) has seizes up and falls limp... *no key*/(Colonist Jackson Martin) (NEWHP: 100)  North Western Caves (20, 155, 2)
[2020-12-19 03:12:35.727] ATTACK: *no key*/(Deputy Maxwell Ligis) has seizes up and falls limp... *no key*/(Deputy Maxwell Ligis) (NEWHP: 100)  North Western Caves (20, 154, 2)
[2020-12-19 03:12:35.743] ATTACK: *no key*/(Colonist Fors Ilin) has seizes up and falls limp... *no key*/(Colonist Fors Ilin) (NEWHP: 100)  North Western Caves (20, 153, 2)
[2020-12-19 03:12:36.926] ATTACK: *no key*/(Mr. Johnson Telovin) has seizes up and falls limp... *no key*/(Mr. Johnson Telovin) (NEWHP: 100)  Internal Affairs (53, 54, 2)
[2020-12-19 03:12:37.297] ATTACK: *no key*/(Colonist Roester Kalin) has seizes up and falls limp... *no key*/(Colonist Roester Kalin) (NEWHP: 100)  Rain shelter (59, 100, 2)
[2020-12-19 03:12:37.550] ATTACK: *no key*/(Colonist Tevin Marks) has seizes up and falls limp... *no key*/(Colonist Tevin Marks) (NEWHP: 100)  Research Lab (73, 57, 2)
[2020-12-19 03:12:37.576] ATTACK: *no key*/(Colonist Jan Horris) has seizes up and falls limp... *no key*/(Colonist Jan Horris) (NEWHP: 100)  Research Lab (74, 49, 2)
[2020-12-19 03:12:38.833] ATTACK: *no key*/(Deputy Edgar Nogi) has seizes up and falls limp... *no key*/(Deputy Edgar Nogi) (NEWHP: 100)  North Eastern Barrens (124, 142, 2)
[2020-12-19 03:12:39.751] ATTACK: *no key*/(Colonist Kegan Mills) has seizes up and falls limp... *no key*/(Colonist Kegan Mills) (NEWHP: 100)  North Eastern Caves (167, 166, 2)
[2020-12-19 03:12:39.927] ATTACK: *no key*/(Colonist Ben Harris) has seizes up and falls limp... *no key*/(Colonist Ben Harris) (NEWHP: 100)  North Eastern Caves (167, 160, 2)
[2020-12-19 03:12:40.098] ATTACK: *no key*/(Marshal Logan Bills) has seizes up and falls limp... *no key*/(Marshal Logan Bills) (NEWHP: 100)  North Eastern Caves (168, 166, 2)
[2020-12-19 03:12:40.121] ATTACK: *no key*/(Colonist Harry Trent) has seizes up and falls limp... *no key*/(Colonist Harry Trent) (NEWHP: 100)  North Eastern Caves (169, 166, 2)
[2020-12-19 03:12:40.165] ATTACK: *no key*/(Colonist Mio Linno) has seizes up and falls limp... *no key*/(Colonist Mio Linno) (NEWHP: 100)  North Eastern Caves (169, 160, 2)
[2020-12-19 03:12:40.411] ATTACK: *no key*/(Colonist Redo Koster) has seizes up and falls limp... *no key*/(Colonist Redo Koster) (NEWHP: 100)  North Eastern Caves (170, 164, 2)
[2020-12-19 03:12:40.636] ATTACK: *no key*/(Colonist Luther Yovin) has seizes up and falls limp... *no key*/(Colonist Luther Yovin) (NEWHP: 100)  North Eastern Caves (170, 162, 2)
[2020-12-19 03:12:40.655] ATTACK: *no key*/(Colonist Ethan Peser) has seizes up and falls limp... *no key*/(Colonist Ethan Peser) (NEWHP: 100)  North Eastern Caves (170, 160, 2)
[2020-12-19 03:13:45.133] ATTACK: Zack24/(Jupiter Elder) has shot *no key*/(Ancient Empress (146)) with [armor-piercing rifle bullet] in Main Hallway (116, 34, 2) (NEWHP: 500)  Main Hallway (116, 34, 2)
[2020-12-19 03:13:46.240] ATTACK: Zack24/(Jupiter Elder) has shot *no key*/(Ancient Empress (146)) with [armor-piercing rifle bullet] in Main Hallway (116, 34, 2) (NEWHP: 481.15)  Main Hallway (116, 34, 2)
[2020-12-19 03:13:46.398] ATTACK: Zack24/(Jupiter Elder) has shot *no key*/(Ancient Empress (146)) with [armor-piercing rifle bullet] in Main Hallway (116, 34, 2) (NEWHP: 461.829)  Main Hallway (116, 34, 2)
[2020-12-19 03:13:46.598] ATTACK: Zack24/(Jupiter Elder) has shot *no key*/(Ancient Empress (146)) with [armor-piercing rifle bullet] in Main Hallway (116, 34, 2) (NEWHP: 441.942)  Main Hallway (116, 34, 2)
[2020-12-19 03:13:48.193] ATTACK: Zack24/(Jupiter Elder) has shot *no key*/(Ancient Empress (146)) with [armor-piercing rifle bullet] in Main Hallway (116, 34, 2) (NEWHP: 421.49)  Main Hallway (116, 34, 2)
[2020-12-19 03:13:48.351] ATTACK: Zack24/(Jupiter Elder) has shot *no key*/(Ancient Empress (146)) with [armor-piercing rifle bullet] in Main Hallway (116, 34, 2) (NEWHP: 400.566)  Main Hallway (116, 34, 2)
[2020-12-19 03:13:48.549] ATTACK: Zack24/(Jupiter Elder) has shot *no key*/(Ancient Empress (146)) with [armor-piercing rifle bullet] in Main Hallway (116, 34, 2) (NEWHP: 379.077)  Main Hallway (116, 34, 2)
[2020-12-19 03:13:48.749] ATTACK: Zack24/(Jupiter Elder) has shot *no key*/(Ancient Empress (146)) with [armor-piercing rifle bullet] in Main Hallway (116, 34, 2) (NEWHP: 357.023)  Main Hallway (116, 34, 2)
[2020-12-19 03:13:48.948] ATTACK: Zack24/(Jupiter Elder) has shot *no key*/(Ancient Empress (146)) with [armor-piercing rifle bullet] in Main Hallway (116, 34, 2) (NEWHP: 334.403)  Main Hallway (116, 34, 2)
[2020-12-19 03:13:49.150] ATTACK: Zack24/(Jupiter Elder) has shot *no key*/(Ancient Empress (146)) with [armor-piercing rifle bullet] in Main Hallway (116, 34, 2) (NEWHP: 311.217)  Main Hallway (116, 34, 2)
[2020-12-19 03:13:49.348] ATTACK: Zack24/(Jupiter Elder) has shot *no key*/(Ancient Empress (146)) with [armor-piercing rifle bullet] in Main Hallway (116, 34, 2) (NEWHP: 287.466)  Main Hallway (116, 34, 2)
[2020-12-19 03:13:49.550] ATTACK: Zack24/(Jupiter Elder) has shot *no key*/(Ancient Empress (146)) with [armor-piercing rifle bullet] in Main Hallway (116, 34, 2) (NEWHP: 263.15)  Main Hallway (116, 34, 2)
[2020-12-19 03:13:49.749] ATTACK: Zack24/(Jupiter Elder) has shot *no key*/(Ancient Empress (146)) with [armor-piercing rifle bullet] in Main Hallway (116, 34, 2) (NEWHP: 238.268)  Main Hallway (116, 34, 2)
[2020-12-19 03:13:49.948] ATTACK: Zack24/(Jupiter Elder) has shot *no key*/(Ancient Empress (146)) with [armor-piercing rifle bullet] in Main Hallway (116, 34, 2) (NEWHP: 212.82)  Main Hallway (116, 34, 2)
[2020-12-19 03:13:50.151] ATTACK: Zack24/(Jupiter Elder) has shot *no key*/(Ancient Empress (146)) with [armor-piercing rifle bullet] in Main Hallway (116, 34, 2) (NEWHP: 186.807)  Main Hallway (116, 34, 2)
[2020-12-19 03:13:50.349] ATTACK: Zack24/(Jupiter Elder) has shot *no key*/(Ancient Empress (146)) with [armor-piercing rifle bullet] in Main Hallway (116, 34, 2) (NEWHP: 160.323)  Main Hallway (116, 34, 2)
[2020-12-19 03:13:50.549] ATTACK: Zack24/(Jupiter Elder) has shot *no key*/(Ancient Empress (146)) with [armor-piercing rifle bullet] in Main Hallway (116, 35, 2) (NEWHP: 133.273)  Main Hallway (116, 35, 2)
[2020-12-19 03:13:50.749] ATTACK: Zack24/(Jupiter Elder) has shot *no key*/(Ancient Empress (146)) with [armor-piercing rifle bullet] in Main Hallway (116, 35, 2) (NEWHP: 105.658)  Main Hallway (116, 35, 2)
[2020-12-19 03:13:50.949] ATTACK: Zack24/(Jupiter Elder) has shot *no key*/(Ancient Empress (146)) with [armor-piercing rifle bullet] in Main Hallway (116, 36, 2) (NEWHP: 77.4772)  Main Hallway (116, 36, 2)
[2020-12-19 03:13:51.150] ATTACK: Zack24/(Jupiter Elder) has shot *no key*/(Ancient Empress (146)) with [armor-piercing rifle bullet] in Main Hallway (116, 36, 2) (NEWHP: 48.731)  Main Hallway (116, 36, 2)
[2020-12-19 03:13:51.348] ATTACK: Zack24/(Jupiter Elder) has shot *no key*/(Ancient Empress (146)) with [armor-piercing rifle bullet] in Main Hallway (117, 36, 2) (NEWHP: 19.731)  Main Hallway (117, 36, 2)
[2020-12-19 03:13:51.948] ATTACK: Zack24/(Jupiter Elder) has shot *no key*/(Ancient Empress (146)) with [armor-piercing rifle bullet] in Main Hallway (117, 36, 2) (NEWHP: -9.26901)  Main Hallway (117, 36, 2)
[2020-12-19 03:13:52.152] ATTACK: Zack24/(Jupiter Elder) has shot *no key*/(Ancient Empress (146)) with [armor-piercing rifle bullet] in Main Hallway (117, 36, 2) (NEWHP: -38.269)  Main Hallway (117, 36, 2)
[2020-12-19 03:13:52.349] ATTACK: Zack24/(Jupiter Elder) has shot *no key*/(Ancient Empress (146)) with [armor-piercing rifle bullet] in Main Hallway (117, 36, 2) (NEWHP: -72.269)  Main Hallway (117, 36, 2)
[2020-12-19 03:13:52.447] ATTACK: *no key*/(Ancient Empress (146)) has lets out a waning guttural screech, green blood bubbling from its maw. *no key*/(Ancient Empress (146)) (NEWHP: -100)  Main Hallway (119, 34, 2)
[2020-12-19 03:14:01.000] ATTACK: Zack24/(Jupiter Elder) has grabbed *no key*/(Ancient Empress (146)) (NEWHP: -100)  Main Hallway (118, 35, 2)
[2020-12-19 03:14:24.951] ATTACK: Zack24/(Jupiter Elder) has grabbed *no key*/(Ancient Empress (146)) (NEWHP: -100)  Main Hallway (117, 47, 2)
[2020-12-19 03:15:44.826] ATTACK: Zack24/(Jupiter Elder) has shot *no key*/(Ancient Empress (92)) with [armor-piercing rifle bullet] in Central Jungle (111, 54, 2) (NEWHP: 500)  Central Jungle (111, 54, 2)
[2020-12-19 03:15:44.981] ATTACK: Zack24/(Jupiter Elder) has shot *no key*/(Ancient Empress (92)) with [armor-piercing rifle bullet] in Central Jungle (111, 54, 2) (NEWHP: 481.15)  Central Jungle (111, 54, 2)
[2020-12-19 03:15:45.180] ATTACK: Zack24/(Jupiter Elder) has shot *no key*/(Ancient Empress (92)) with [armor-piercing rifle bullet] in Central Jungle (111, 54, 2) (NEWHP: 461.734)  Central Jungle (111, 54, 2)
[2020-12-19 03:15:45.381] ATTACK: Zack24/(Jupiter Elder) has shot *no key*/(Ancient Empress (92)) with [armor-piercing rifle bullet] in Central Jungle (111, 54, 2) (NEWHP: 441.753)  Central Jungle (111, 54, 2)
[2020-12-19 03:15:45.580] ATTACK: Zack24/(Jupiter Elder) has shot *no key*/(Ancient Empress (92)) with [armor-piercing rifle bullet] in Central Jungle (111, 54, 2) (NEWHP: 421.207)  Central Jungle (111, 54, 2)
[2020-12-19 03:15:45.782] ATTACK: Zack24/(Jupiter Elder) has shot *no key*/(Ancient Empress (92)) with [armor-piercing rifle bullet] in Central Jungle (111, 54, 2) (NEWHP: 400.095)  Central Jungle (111, 54, 2)
[2020-12-19 03:15:45.980] ATTACK: Zack24/(Jupiter Elder) has shot *no key*/(Ancient Empress (92)) with [armor-piercing rifle bullet] in Central Jungle (111, 54, 2) (NEWHP: 378.417)  Central Jungle (111, 54, 2)
[2020-12-19 03:15:46.181] ATTACK: Zack24/(Jupiter Elder) has shot *no key*/(Ancient Empress (92)) with [armor-piercing rifle bullet] in Central Jungle (111, 54, 2) (NEWHP: 356.174)  Central Jungle (111, 54, 2)
[2020-12-19 03:15:46.380] ATTACK: Zack24/(Jupiter Elder) has shot *no key*/(Ancient Empress (92)) with [armor-piercing rifle bullet] in Central Jungle (111, 54, 2) (NEWHP: 333.366)  Central Jungle (111, 54, 2)
[2020-12-19 03:15:46.581] ATTACK: Zack24/(Jupiter Elder) has shot *no key*/(Ancient Empress (92)) with [armor-piercing rifle bullet] in Central Jungle (111, 54, 2) (NEWHP: 309.992)  Central Jungle (111, 54, 2)
[2020-12-19 03:15:46.783] ATTACK: Zack24/(Jupiter Elder) has shot *no key*/(Ancient Empress (92)) with [armor-piercing rifle bullet] in Central Jungle (111, 54, 2) (NEWHP: 286.052)  Central Jungle (111, 54, 2)
[2020-12-19 03:15:46.980] ATTACK: Zack24/(Jupiter Elder) has shot *no key*/(Ancient Empress (92)) with [armor-piercing rifle bullet] in Central Jungle (111, 54, 2) (NEWHP: 261.642)  Central Jungle (111, 54, 2)
[2020-12-19 03:15:47.182] ATTACK: Zack24/(Jupiter Elder) has shot *no key*/(Ancient Empress (92)) with [armor-piercing rifle bullet] in Central Jungle (111, 54, 2) (NEWHP: 236.665)  Central Jungle (111, 54, 2)
[2020-12-19 03:15:47.381] ATTACK: Zack24/(Jupiter Elder) has shot *no key*/(Ancient Empress (92)) with [armor-piercing rifle bullet] in Central Jungle (111, 54, 2) (NEWHP: 211.124)  Central Jungle (111, 54, 2)
[2020-12-19 03:15:47.580] ATTACK: Zack24/(Jupiter Elder) has shot *no key*/(Ancient Empress (92)) with [armor-piercing rifle bullet] in Central Jungle (111, 54, 2) (NEWHP: 185.017)  Central Jungle (111, 54, 2)
[2020-12-19 03:15:47.782] ATTACK: Zack24/(Jupiter Elder) has shot *no key*/(Ancient Empress (92)) with [armor-piercing rifle bullet] in Central Jungle (111, 54, 2) (NEWHP: 158.344)  Central Jungle (111, 54, 2)
[2020-12-19 03:15:47.980] ATTACK: Zack24/(Jupiter Elder) has shot *no key*/(Ancient Empress (92)) with [armor-piercing rifle bullet] in Central Jungle (111, 54, 2) (NEWHP: 131.105)  Central Jungle (111, 54, 2)
[2020-12-19 03:15:48.180] ATTACK: Zack24/(Jupiter Elder) has shot *no key*/(Ancient Empress (92)) with [armor-piercing rifle bullet] in Central Jungle (111, 54, 2) (NEWHP: 103.302)  Central Jungle (111, 54, 2)
[2020-12-19 03:15:48.380] ATTACK: Zack24/(Jupiter Elder) has shot *no key*/(Ancient Empress (92)) with [armor-piercing rifle bullet] in Central Jungle (111, 54, 2) (NEWHP: 74.9325)  Central Jungle (111, 54, 2)
[2020-12-19 03:15:59.967] ATTACK: Zack24/(Jupiter Elder) has shot *no key*/(Ancient Empress (92)) with [armor-piercing rifle bullet] in Central Jungle (111, 54, 2) (NEWHP: 45.9977)  Central Jungle (111, 54, 2)
[2020-12-19 03:15:59.970] ATTACK: Zack24/(Jupiter Elder) has shot *no key*/(Ancient Empress (92)) with [armor-piercing rifle bullet] in Central Jungle (111, 54, 2) (NEWHP: 45.9977)  Central Jungle (111, 54, 2)
[2020-12-19 03:15:59.972] ATTACK: Zack24/(Jupiter Elder) has shot *no key*/(Ancient Empress (92)) with [armor-piercing rifle bullet] in Central Jungle (111, 54, 2) (NEWHP: 45.9977)  Central Jungle (111, 54, 2)
[2020-12-19 03:15:59.975] ATTACK: Zack24/(Jupiter Elder) has shot *no key*/(Ancient Empress (92)) with [armor-piercing rifle bullet] in Central Jungle (111, 54, 2) (NEWHP: 45.9977)  Central Jungle (111, 54, 2)
[2020-12-19 03:15:59.978] ATTACK: Zack24/(Jupiter Elder) has shot *no key*/(Ancient Empress (92)) with [armor-piercing rifle bullet] in Central Jungle (111, 54, 2) (NEWHP: 45.9977)  Central Jungle (111, 54, 2)
[2020-12-19 03:15:59.980] ATTACK: Zack24/(Jupiter Elder) has shot *no key*/(Ancient Empress (92)) with [armor-piercing rifle bullet] in Central Jungle (111, 54, 2) (NEWHP: 45.9977)  Central Jungle (111, 54, 2)
[2020-12-19 03:15:59.983] ATTACK: Zack24/(Jupiter Elder) has shot *no key*/(Ancient Empress (92)) with [armor-piercing rifle bullet] in Central Jungle (111, 54, 2) (NEWHP: 45.9977)  Central Jungle (111, 54, 2)
[2020-12-19 03:15:59.985] ATTACK: Zack24/(Jupiter Elder) has shot *no key*/(Ancient Empress (92)) with [armor-piercing rifle bullet] in Central Jungle (111, 54, 2) (NEWHP: 45.9977)  Central Jungle (111, 54, 2)
[2020-12-19 03:15:59.987] ATTACK: Zack24/(Jupiter Elder) has shot *no key*/(Ancient Empress (92)) with [armor-piercing rifle bullet] in Central Jungle (111, 54, 2) (NEWHP: 45.9977)  Central Jungle (111, 54, 2)
[2020-12-19 03:15:59.989] ATTACK: Zack24/(Jupiter Elder) has shot *no key*/(Ancient Empress (92)) with [armor-piercing rifle bullet] in Central Jungle (111, 54, 2) (NEWHP: 45.9977)  Central Jungle (111, 54, 2)
[2020-12-19 03:15:59.991] ATTACK: Zack24/(Jupiter Elder) has shot *no key*/(Ancient Empress (92)) with [armor-piercing rifle bullet] in Central Jungle (111, 54, 2) (NEWHP: 45.9977)  Central Jungle (111, 54, 2)
[2020-12-19 03:16:00.031] ATTACK: *no key*/(Ancient Empress (92)) has lets out a waning guttural screech, green blood bubbling from its maw. *no key*/(Ancient Empress (92)) (NEWHP: -100)  Central Jungle (114, 54, 2)
[2020-12-19 03:16:00.181] ATTACK: Zack24/(Jupiter Elder) has shot *no key*/(Ancient Empress (650)) with [armor-piercing rifle bullet] in Central Jungle (111, 54, 2) (NEWHP: 500)  Central Jungle (111, 54, 2)
[2020-12-19 03:16:00.185] ATTACK: Zack24/(Jupiter Elder) has shot *no key*/(Ancient Empress (650)) with [armor-piercing rifle bullet] in Central Jungle (111, 54, 2) (NEWHP: 500)  Central Jungle (111, 54, 2)
[2020-12-19 03:16:00.187] ATTACK: Zack24/(Jupiter Elder) has shot *no key*/(Ancient Empress (650)) with [armor-piercing rifle bullet] in Central Jungle (111, 54, 2) (NEWHP: 500)  Central Jungle (111, 54, 2)
[2020-12-19 03:16:00.189] ATTACK: Zack24/(Jupiter Elder) has shot *no key*/(Ancient Empress (650)) with [armor-piercing rifle bullet] in Central Jungle (111, 54, 2) (NEWHP: 500)  Central Jungle (111, 54, 2)
[2020-12-19 03:16:00.190] ATTACK: Zack24/(Jupiter Elder) has shot *no key*/(Ancient Empress (650)) with [armor-piercing rifle bullet] in Central Jungle (111, 54, 2) (NEWHP: 500)  Central Jungle (111, 54, 2)
[2020-12-19 03:16:00.192] ATTACK: Zack24/(Jupiter Elder) has shot *no key*/(Ancient Empress (650)) with [armor-piercing rifle bullet] in Central Jungle (111, 54, 2) (NEWHP: 500)  Central Jungle (111, 54, 2)
[2020-12-19 03:16:00.194] ATTACK: Zack24/(Jupiter Elder) has shot *no key*/(Ancient Empress (650)) with [armor-piercing rifle bullet] in Central Jungle (111, 54, 2) (NEWHP: 500)  Central Jungle (111, 54, 2)
[2020-12-19 03:16:00.195] ATTACK: Zack24/(Jupiter Elder) has shot *no key*/(Ancient Empress (650)) with [armor-piercing rifle bullet] in Central Jungle (111, 54, 2) (NEWHP: 500)  Central Jungle (111, 54, 2)
[2020-12-19 03:16:01.280] ATTACK: Zack24/(Jupiter Elder) has shot *no key*/(Ancient Empress (650)) with [armor-piercing rifle bullet] in Central Jungle (111, 54, 2) (NEWHP: 400.264)  Central Jungle (111, 54, 2)
[2020-12-19 03:16:01.282] ATTACK: Zack24/(Jupiter Elder) has shot *no key*/(Ancient Empress (650)) with [armor-piercing rifle bullet] in Central Jungle (111, 54, 2) (NEWHP: 400.264)  Central Jungle (111, 54, 2)
[2020-12-19 03:16:01.284] ATTACK: Zack24/(Jupiter Elder) has shot *no key*/(Ancient Empress (650)) with [armor-piercing rifle bullet] in Central Jungle (111, 54, 2) (NEWHP: 400.264)  Central Jungle (111, 54, 2)
[2020-12-19 03:16:01.286] ATTACK: Zack24/(Jupiter Elder) has shot *no key*/(Ancient Empress (650)) with [armor-piercing rifle bullet] in Central Jungle (111, 54, 2) (NEWHP: 400.264)  Central Jungle (111, 54, 2)
[2020-12-19 03:16:01.288] ATTACK: Zack24/(Jupiter Elder) has shot *no key*/(Ancient Empress (650)) with [armor-piercing rifle bullet] in Central Jungle (111, 54, 2) (NEWHP: 400.264)  Central Jungle (111, 54, 2)
[2020-12-19 03:16:01.289] ATTACK: Zack24/(Jupiter Elder) has shot *no key*/(Ancient Empress (650)) with [armor-piercing rifle bullet] in Central Jungle (111, 54, 2) (NEWHP: 400.264)  Central Jungle (111, 54, 2)
[2020-12-19 03:16:01.291] ATTACK: Zack24/(Jupiter Elder) has shot *no key*/(Ancient Empress (650)) with [armor-piercing rifle bullet] in Central Jungle (111, 54, 2) (NEWHP: 400.264)  Central Jungle (111, 54, 2)
[2020-12-19 03:16:01.292] ATTACK: Zack24/(Jupiter Elder) has shot *no key*/(Ancient Empress (650)) with [armor-piercing rifle bullet] in Central Jungle (111, 54, 2) (NEWHP: 400.264)  Central Jungle (111, 54, 2)
[2020-12-19 03:16:01.481] ATTACK: Zack24/(Jupiter Elder) has shot *no key*/(Ancient Empress (650)) with [armor-piercing rifle bullet] in Central Jungle (111, 54, 2) (NEWHP: 279.143)  Central Jungle (111, 54, 2)
[2020-12-19 03:16:01.484] ATTACK: Zack24/(Jupiter Elder) has shot *no key*/(Ancient Empress (650)) with [armor-piercing rifle bullet] in Central Jungle (111, 54, 2) (NEWHP: 279.143)  Central Jungle (111, 54, 2)
[2020-12-19 03:16:01.486] ATTACK: Zack24/(Jupiter Elder) has shot *no key*/(Ancient Empress (650)) with [armor-piercing rifle bullet] in Central Jungle (111, 54, 2) (NEWHP: 279.143)  Central Jungle (111, 54, 2)
[2020-12-19 03:16:01.488] ATTACK: Zack24/(Jupiter Elder) has shot *no key*/(Ancient Empress (650)) with [armor-piercing rifle bullet] in Central Jungle (111, 54, 2) (NEWHP: 279.143)  Central Jungle (111, 54, 2)
[2020-12-19 03:16:01.491] ATTACK: Zack24/(Jupiter Elder) has shot *no key*/(Ancient Empress (650)) with [armor-piercing rifle bullet] in Central Jungle (111, 54, 2) (NEWHP: 279.143)  Central Jungle (111, 54, 2)
[2020-12-19 03:16:01.493] ATTACK: Zack24/(Jupiter Elder) has shot *no key*/(Ancient Empress (650)) with [armor-piercing rifle bullet] in Central Jungle (111, 54, 2) (NEWHP: 279.143)  Central Jungle (111, 54, 2)
[2020-12-19 03:16:01.495] ATTACK: Zack24/(Jupiter Elder) has shot *no key*/(Ancient Empress (650)) with [armor-piercing rifle bullet] in Central Jungle (111, 54, 2) (NEWHP: 279.143)  Central Jungle (111, 54, 2)
[2020-12-19 03:16:01.496] ATTACK: Zack24/(Jupiter Elder) has shot *no key*/(Ancient Empress (650)) with [armor-piercing rifle bullet] in Central Jungle (111, 54, 2) (NEWHP: 279.143)  Central Jungle (111, 54, 2)
[2020-12-19 03:16:01.680] ATTACK: Zack24/(Jupiter Elder) has shot *no key*/(Ancient Empress (650)) with [armor-piercing rifle bullet] in Central Jungle (111, 54, 2) (NEWHP: 140.682)  Central Jungle (111, 54, 2)
[2020-12-19 03:16:01.682] ATTACK: Zack24/(Jupiter Elder) has shot *no key*/(Ancient Empress (650)) with [armor-piercing rifle bullet] in Central Jungle (111, 54, 2) (NEWHP: 140.682)  Central Jungle (111, 54, 2)
[2020-12-19 03:16:01.684] ATTACK: Zack24/(Jupiter Elder) has shot *no key*/(Ancient Empress (650)) with [armor-piercing rifle bullet] in Central Jungle (111, 54, 2) (NEWHP: 140.682)  Central Jungle (111, 54, 2)
[2020-12-19 03:16:01.686] ATTACK: Zack24/(Jupiter Elder) has shot *no key*/(Ancient Empress (650)) with [armor-piercing rifle bullet] in Central Jungle (111, 54, 2) (NEWHP: 140.682)  Central Jungle (111, 54, 2)
[2020-12-19 03:16:01.688] ATTACK: Zack24/(Jupiter Elder) has shot *no key*/(Ancient Empress (650)) with [armor-piercing rifle bullet] in Central Jungle (111, 54, 2) (NEWHP: 140.682)  Central Jungle (111, 54, 2)
[2020-12-19 03:16:01.692] ATTACK: Zack24/(Jupiter Elder) has shot *no key*/(Ancient Empress (650)) with [armor-piercing rifle bullet] in Central Jungle (111, 54, 2) (NEWHP: 140.682)  Central Jungle (111, 54, 2)
[2020-12-19 03:16:01.694] ATTACK: Zack24/(Jupiter Elder) has shot *no key*/(Ancient Empress (650)) with [armor-piercing rifle bullet] in Central Jungle (111, 54, 2) (NEWHP: 140.682)  Central Jungle (111, 54, 2)
[2020-12-19 03:16:01.700] ATTACK: Zack24/(Jupiter Elder) has shot *no key*/(Ancient Empress (650)) with [armor-piercing rifle bullet] in Central Jungle (111, 54, 2) (NEWHP: 140.682)  Central Jungle (111, 54, 2)
[2020-12-19 03:16:01.831] ATTACK: Zack24/(Jupiter Elder) has shot *no key*/(Ancient Empress (650)) with [armor-piercing rifle bullet] in Central Jungle (112, 54, 2) (NEWHP: 0.682007)  Central Jungle (112, 54, 2)
[2020-12-19 03:16:01.833] ATTACK: Zack24/(Jupiter Elder) has shot *no key*/(Ancient Empress (650)) with [armor-piercing rifle bullet] in Central Jungle (112, 54, 2) (NEWHP: 0.682007)  Central Jungle (112, 54, 2)
[2020-12-19 03:16:01.836] ATTACK: Zack24/(Jupiter Elder) has shot *no key*/(Ancient Empress (650)) with [armor-piercing rifle bullet] in Central Jungle (112, 54, 2) (NEWHP: 0.682007)  Central Jungle (112, 54, 2)
[2020-12-19 03:16:01.838] ATTACK: Zack24/(Jupiter Elder) has shot *no key*/(Ancient Empress (650)) with [armor-piercing rifle bullet] in Central Jungle (112, 54, 2) (NEWHP: 0.682007)  Central Jungle (112, 54, 2)
[2020-12-19 03:16:01.840] ATTACK: Zack24/(Jupiter Elder) has shot *no key*/(Ancient Empress (650)) with [armor-piercing rifle bullet] in Central Jungle (112, 54, 2) (NEWHP: 0.682007)  Central Jungle (112, 54, 2)
[2020-12-19 03:16:01.842] ATTACK: Zack24/(Jupiter Elder) has shot *no key*/(Ancient Empress (650)) with [armor-piercing rifle bullet] in Central Jungle (112, 54, 2) (NEWHP: 0.682007)  Central Jungle (112, 54, 2)
[2020-12-19 03:16:01.844] ATTACK: Zack24/(Jupiter Elder) has shot *no key*/(Ancient Empress (650)) with [armor-piercing rifle bullet] in Central Jungle (112, 54, 2) (NEWHP: 0.682007)  Central Jungle (112, 54, 2)
[2020-12-19 03:16:01.846] ATTACK: Zack24/(Jupiter Elder) has shot *no key*/(Ancient Empress (650)) with [armor-piercing rifle bullet] in Central Jungle (112, 54, 2) (NEWHP: 0.682007)  Central Jungle (112, 54, 2)
[2020-12-19 03:16:01.849] ATTACK: Zack24/(Jupiter Elder) has shot *no key*/(Ancient Empress (650)) with [armor-piercing rifle bullet] in Central Jungle (112, 54, 2) (NEWHP: 0.682007)  Central Jungle (112, 54, 2)
[2020-12-19 03:16:01.851] ATTACK: Zack24/(Jupiter Elder) has shot *no key*/(Ancient Empress (650)) with [armor-piercing rifle bullet] in Central Jungle (112, 54, 2) (NEWHP: 0.682007)  Central Jungle (112, 54, 2)
[2020-12-19 03:16:01.929] ATTACK: *no key*/(Ancient Empress (650)) has lets out a waning guttural screech, green blood bubbling from its maw. *no key*/(Ancient Empress (650)) (NEWHP: -100)  Central Jungle (115, 54, 2)
[2020-12-19 03:16:02.080] ATTACK: Zack24/(Jupiter Elder) has shot *no key*/(Ancient Empress (279)) with [armor-piercing rifle bullet] in Central Jungle (112, 54, 2) (NEWHP: 500)  Central Jungle (112, 54, 2)
[2020-12-19 03:16:02.082] ATTACK: Zack24/(Jupiter Elder) has shot *no key*/(Ancient Empress (279)) with [armor-piercing rifle bullet] in Central Jungle (112, 54, 2) (NEWHP: 500)  Central Jungle (112, 54, 2)
[2020-12-19 03:16:02.084] ATTACK: Zack24/(Jupiter Elder) has shot *no key*/(Ancient Empress (279)) with [armor-piercing rifle bullet] in Central Jungle (112, 54, 2) (NEWHP: 500)  Central Jungle (112, 54, 2)
[2020-12-19 03:16:02.086] ATTACK: Zack24/(Jupiter Elder) has shot *no key*/(Ancient Empress (279)) with [armor-piercing rifle bullet] in Central Jungle (112, 54, 2) (NEWHP: 500)  Central Jungle (112, 54, 2)
[2020-12-19 03:16:02.088] ATTACK: Zack24/(Jupiter Elder) has shot *no key*/(Ancient Empress (279)) with [armor-piercing rifle bullet] in Central Jungle (112, 54, 2) (NEWHP: 500)  Central Jungle (112, 54, 2)
[2020-12-19 03:16:02.089] ATTACK: Zack24/(Jupiter Elder) has shot *no key*/(Ancient Empress (279)) with [armor-piercing rifle bullet] in Central Jungle (112, 54, 2) (NEWHP: 500)  Central Jungle (112, 54, 2)
[2020-12-19 03:16:02.091] ATTACK: Zack24/(Jupiter Elder) has shot *no key*/(Ancient Empress (279)) with [armor-piercing rifle bullet] in Central Jungle (112, 54, 2) (NEWHP: 500)  Central Jungle (112, 54, 2)
[2020-12-19 03:16:02.094] ATTACK: Zack24/(Jupiter Elder) has shot *no key*/(Ancient Empress (279)) with [armor-piercing rifle bullet] in Central Jungle (112, 54, 2) (NEWHP: 500)  Central Jungle (112, 54, 2)
[2020-12-19 03:16:02.232] ATTACK: Zack24/(Jupiter Elder) has shot *no key*/(Ancient Empress (279)) with [armor-piercing rifle bullet] in Central Jungle (113, 54, 2) (NEWHP: 400.264)  Central Jungle (113, 54, 2)
[2020-12-19 03:16:02.235] ATTACK: Zack24/(Jupiter Elder) has shot *no key*/(Ancient Empress (279)) with [armor-piercing rifle bullet] in Central Jungle (113, 54, 2) (NEWHP: 400.264)  Central Jungle (113, 54, 2)
[2020-12-19 03:16:02.237] ATTACK: Zack24/(Jupiter Elder) has shot *no key*/(Ancient Empress (279)) with [armor-piercing rifle bullet] in Central Jungle (113, 54, 2) (NEWHP: 400.264)  Central Jungle (113, 54, 2)
[2020-12-19 03:16:02.239] ATTACK: Zack24/(Jupiter Elder) has shot *no key*/(Ancient Empress (279)) with [armor-piercing rifle bullet] in Central Jungle (113, 54, 2) (NEWHP: 400.264)  Central Jungle (113, 54, 2)
[2020-12-19 03:16:02.242] ATTACK: Zack24/(Jupiter Elder) has shot *no key*/(Ancient Empress (279)) with [armor-piercing rifle bullet] in Central Jungle (113, 54, 2) (NEWHP: 400.264)  Central Jungle (113, 54, 2)
[2020-12-19 03:16:02.245] ATTACK: Zack24/(Jupiter Elder) has shot *no key*/(Ancient Empress (279)) with [armor-piercing rifle bullet] in Central Jungle (113, 54, 2) (NEWHP: 400.264)  Central Jungle (113, 54, 2)
[2020-12-19 03:16:02.248] ATTACK: Zack24/(Jupiter Elder) has shot *no key*/(Ancient Empress (279)) with [armor-piercing rifle bullet] in Central Jungle (113, 54, 2) (NEWHP: 400.264)  Central Jungle (113, 54, 2)
[2020-12-19 03:16:02.250] ATTACK: Zack24/(Jupiter Elder) has shot *no key*/(Ancient Empress (279)) with [armor-piercing rifle bullet] in Central Jungle (113, 54, 2) (NEWHP: 400.264)  Central Jungle (113, 54, 2)
[2020-12-19 03:16:02.252] ATTACK: Zack24/(Jupiter Elder) has shot *no key*/(Ancient Empress (279)) with [armor-piercing rifle bullet] in Central Jungle (113, 54, 2) (NEWHP: 400.264)  Central Jungle (113, 54, 2)
[2020-12-19 03:16:02.254] ATTACK: Zack24/(Jupiter Elder) has shot *no key*/(Ancient Empress (279)) with [armor-piercing rifle bullet] in Central Jungle (113, 54, 2) (NEWHP: 400.264)  Central Jungle (113, 54, 2)
[2020-12-19 03:16:02.257] ATTACK: Zack24/(Jupiter Elder) has shot *no key*/(Ancient Empress (279)) with [armor-piercing rifle bullet] in Central Jungle (113, 54, 2) (NEWHP: 400.264)  Central Jungle (113, 54, 2)
[2020-12-19 03:16:02.431] ATTACK: Zack24/(Jupiter Elder) has shot *no key*/(Ancient Empress (279)) with [armor-piercing rifle bullet] in Central Jungle (113, 54, 2) (NEWHP: 219.326)  Central Jungle (113, 54, 2)
[2020-12-19 03:16:02.434] ATTACK: Zack24/(Jupiter Elder) has shot *no key*/(Ancient Empress (279)) with [armor-piercing rifle bullet] in Central Jungle (113, 54, 2) (NEWHP: 219.326)  Central Jungle (113, 54, 2)
[2020-12-19 03:16:02.437] ATTACK: Zack24/(Jupiter Elder) has shot *no key*/(Ancient Empress (279)) with [armor-piercing rifle bullet] in Central Jungle (113, 54, 2) (NEWHP: 219.326)  Central Jungle (113, 54, 2)
[2020-12-19 03:16:02.439] ATTACK: Zack24/(Jupiter Elder) has shot *no key*/(Ancient Empress (279)) with [armor-piercing rifle bullet] in Central Jungle (113, 54, 2) (NEWHP: 219.326)  Central Jungle (113, 54, 2)
[2020-12-19 03:16:02.441] ATTACK: Zack24/(Jupiter Elder) has shot *no key*/(Ancient Empress (279)) with [armor-piercing rifle bullet] in Central Jungle (113, 54, 2) (NEWHP: 219.326)  Central Jungle (113, 54, 2)
[2020-12-19 03:16:02.445] ATTACK: Zack24/(Jupiter Elder) has shot *no key*/(Ancient Empress (279)) with [armor-piercing rifle bullet] in Central Jungle (113, 54, 2) (NEWHP: 219.326)  Central Jungle (113, 54, 2)
[2020-12-19 03:16:02.447] ATTACK: Zack24/(Jupiter Elder) has shot *no key*/(Ancient Empress (279)) with [armor-piercing rifle bullet] in Central Jungle (113, 54, 2) (NEWHP: 219.326)  Central Jungle (113, 54, 2)
[2020-12-19 03:16:02.449] ATTACK: Zack24/(Jupiter Elder) has shot *no key*/(Ancient Empress (279)) with [armor-piercing rifle bullet] in Central Jungle (113, 54, 2) (NEWHP: 219.326)  Central Jungle (113, 54, 2)
[2020-12-19 03:16:02.452] ATTACK: Zack24/(Jupiter Elder) has shot *no key*/(Ancient Empress (279)) with [armor-piercing rifle bullet] in Central Jungle (113, 54, 2) (NEWHP: 219.326)  Central Jungle (113, 54, 2)
[2020-12-19 03:16:02.454] ATTACK: Zack24/(Jupiter Elder) has shot *no key*/(Ancient Empress (279)) with [armor-piercing rifle bullet] in Central Jungle (113, 54, 2) (NEWHP: 219.326)  Central Jungle (113, 54, 2)
[2020-12-19 03:16:02.457] ATTACK: Zack24/(Jupiter Elder) has shot *no key*/(Ancient Empress (279)) with [armor-piercing rifle bullet] in Central Jungle (113, 54, 2) (NEWHP: 219.326)  Central Jungle (113, 54, 2)
[2020-12-19 03:16:02.631] ATTACK: Zack24/(Jupiter Elder) has shot *no key*/(Ancient Empress (279)) with [armor-piercing rifle bullet] in Central Jungle (114, 54, 2) (NEWHP: 20.3265)  Central Jungle (114, 54, 2)
[2020-12-19 03:16:02.633] ATTACK: Zack24/(Jupiter Elder) has shot *no key*/(Ancient Empress (279)) with [armor-piercing rifle bullet] in Central Jungle (114, 54, 2) (NEWHP: 20.3265)  Central Jungle (114, 54, 2)
[2020-12-19 03:16:02.635] ATTACK: Zack24/(Jupiter Elder) has shot *no key*/(Ancient Empress (279)) with [armor-piercing rifle bullet] in Central Jungle (114, 54, 2) (NEWHP: 20.3265)  Central Jungle (114, 54, 2)
[2020-12-19 03:16:02.637] ATTACK: Zack24/(Jupiter Elder) has shot *no key*/(Ancient Empress (279)) with [armor-piercing rifle bullet] in Central Jungle (114, 54, 2) (NEWHP: 20.3265)  Central Jungle (114, 54, 2)
[2020-12-19 03:16:02.640] ATTACK: Zack24/(Jupiter Elder) has shot *no key*/(Ancient Empress (279)) with [armor-piercing rifle bullet] in Central Jungle (114, 54, 2) (NEWHP: 20.3265)  Central Jungle (114, 54, 2)
[2020-12-19 03:16:02.642] ATTACK: Zack24/(Jupiter Elder) has shot *no key*/(Ancient Empress (279)) with [armor-piercing rifle bullet] in Central Jungle (114, 54, 2) (NEWHP: 20.3265)  Central Jungle (114, 54, 2)
[2020-12-19 03:16:02.646] ATTACK: Zack24/(Jupiter Elder) has shot *no key*/(Ancient Empress (279)) with [armor-piercing rifle bullet] in Central Jungle (114, 54, 2) (NEWHP: 20.3265)  Central Jungle (114, 54, 2)
[2020-12-19 03:16:02.650] ATTACK: Zack24/(Jupiter Elder) has shot *no key*/(Ancient Empress (279)) with [armor-piercing rifle bullet] in Central Jungle (114, 54, 2) (NEWHP: 20.3265)  Central Jungle (114, 54, 2)
[2020-12-19 03:16:02.652] ATTACK: Zack24/(Jupiter Elder) has shot *no key*/(Ancient Empress (279)) with [armor-piercing rifle bullet] in Central Jungle (114, 54, 2) (NEWHP: 20.3265)  Central Jungle (114, 54, 2)
[2020-12-19 03:16:02.655] ATTACK: Zack24/(Jupiter Elder) has shot *no key*/(Ancient Empress (279)) with [armor-piercing rifle bullet] in Central Jungle (114, 54, 2) (NEWHP: 20.3265)  Central Jungle (114, 54, 2)
[2020-12-19 03:16:02.657] ATTACK: Zack24/(Jupiter Elder) has shot *no key*/(Ancient Empress (279)) with [armor-piercing rifle bullet] in Central Jungle (114, 54, 2) (NEWHP: 20.3265)  Central Jungle (114, 54, 2)
[2020-12-19 03:16:02.659] ATTACK: Zack24/(Jupiter Elder) has shot *no key*/(Ancient Empress (279)) with [armor-piercing rifle bullet] in Central Jungle (114, 54, 2) (NEWHP: 20.3265)  Central Jungle (114, 54, 2)
[2020-12-19 03:16:02.730] ATTACK: *no key*/(Ancient Empress (279)) has lets out a waning guttural screech, green blood bubbling from its maw. *no key*/(Ancient Empress (279)) (NEWHP: -100)  Central Jungle (116, 54, 2)
[2020-12-19 03:16:02.833] ATTACK: Zack24/(Jupiter Elder) has shot *no key*/(Ancient Empress (683)) with [armor-piercing rifle bullet] in Central Jungle (114, 54, 2) (NEWHP: 500)  Central Jungle (114, 54, 2)
[2020-12-19 03:16:02.836] ATTACK: Zack24/(Jupiter Elder) has shot *no key*/(Ancient Empress (683)) with [armor-piercing rifle bullet] in Central Jungle (114, 54, 2) (NEWHP: 500)  Central Jungle (114, 54, 2)
[2020-12-19 03:16:02.838] ATTACK: Zack24/(Jupiter Elder) has shot *no key*/(Ancient Empress (683)) with [armor-piercing rifle bullet] in Central Jungle (114, 54, 2) (NEWHP: 500)  Central Jungle (114, 54, 2)
[2020-12-19 03:16:02.841] ATTACK: Zack24/(Jupiter Elder) has shot *no key*/(Ancient Empress (683)) with [armor-piercing rifle bullet] in Central Jungle (114, 54, 2) (NEWHP: 500)  Central Jungle (114, 54, 2)
[2020-12-19 03:16:02.844] ATTACK: Zack24/(Jupiter Elder) has shot *no key*/(Ancient Empress (683)) with [armor-piercing rifle bullet] in Central Jungle (114, 54, 2) (NEWHP: 500)  Central Jungle (114, 54, 2)
[2020-12-19 03:16:02.847] ATTACK: Zack24/(Jupiter Elder) has shot *no key*/(Ancient Empress (683)) with [armor-piercing rifle bullet] in Central Jungle (114, 54, 2) (NEWHP: 500)  Central Jungle (114, 54, 2)
[2020-12-19 03:16:02.850] ATTACK: Zack24/(Jupiter Elder) has shot *no key*/(Ancient Empress (683)) with [armor-piercing rifle bullet] in Central Jungle (114, 54, 2) (NEWHP: 500)  Central Jungle (114, 54, 2)
[2020-12-19 03:16:02.852] ATTACK: Zack24/(Jupiter Elder) has shot *no key*/(Ancient Empress (683)) with [armor-piercing rifle bullet] in Central Jungle (114, 54, 2) (NEWHP: 500)  Central Jungle (114, 54, 2)
[2020-12-19 03:16:02.854] ATTACK: Zack24/(Jupiter Elder) has shot *no key*/(Ancient Empress (683)) with [armor-piercing rifle bullet] in Central Jungle (114, 54, 2) (NEWHP: 500)  Central Jungle (114, 54, 2)
[2020-12-19 03:16:02.856] ATTACK: Zack24/(Jupiter Elder) has shot *no key*/(Ancient Empress (683)) with [armor-piercing rifle bullet] in Central Jungle (114, 54, 2) (NEWHP: 500)  Central Jungle (114, 54, 2)
[2020-12-19 03:16:02.858] ATTACK: Zack24/(Jupiter Elder) has shot *no key*/(Ancient Empress (683)) with [armor-piercing rifle bullet] in Central Jungle (114, 54, 2) (NEWHP: 500)  Central Jungle (114, 54, 2)
[2020-12-19 03:16:03.032] ATTACK: Zack24/(Jupiter Elder) has shot *no key*/(Ancient Empress (683)) with [armor-piercing rifle bullet] in Central Jungle (114, 54, 2) (NEWHP: 350.077)  Central Jungle (114, 54, 2)
[2020-12-19 03:16:03.035] ATTACK: Zack24/(Jupiter Elder) has shot *no key*/(Ancient Empress (683)) with [armor-piercing rifle bullet] in Central Jungle (114, 54, 2) (NEWHP: 350.077)  Central Jungle (114, 54, 2)
[2020-12-19 03:16:03.036] ATTACK: Zack24/(Jupiter Elder) has shot *no key*/(Ancient Empress (683)) with [armor-piercing rifle bullet] in Central Jungle (114, 54, 2) (NEWHP: 350.077)  Central Jungle (114, 54, 2)
[2020-12-19 03:16:03.039] ATTACK: Zack24/(Jupiter Elder) has shot *no key*/(Ancient Empress (683)) with [armor-piercing rifle bullet] in Central Jungle (114, 54, 2) (NEWHP: 350.077)  Central Jungle (114, 54, 2)
[2020-12-19 03:16:03.041] ATTACK: Zack24/(Jupiter Elder) has shot *no key*/(Ancient Empress (683)) with [armor-piercing rifle bullet] in Central Jungle (114, 54, 2) (NEWHP: 350.077)  Central Jungle (114, 54, 2)
[2020-12-19 03:16:03.043] ATTACK: Zack24/(Jupiter Elder) has shot *no key*/(Ancient Empress (683)) with [armor-piercing rifle bullet] in Central Jungle (114, 54, 2) (NEWHP: 350.077)  Central Jungle (114, 54, 2)
[2020-12-19 03:16:03.045] ATTACK: Zack24/(Jupiter Elder) has shot *no key*/(Ancient Empress (683)) with [armor-piercing rifle bullet] in Central Jungle (114, 54, 2) (NEWHP: 350.077)  Central Jungle (114, 54, 2)
[2020-12-19 03:16:03.048] ATTACK: Zack24/(Jupiter Elder) has shot *no key*/(Ancient Empress (683)) with [armor-piercing rifle bullet] in Central Jungle (114, 54, 2) (NEWHP: 350.077)  Central Jungle (114, 54, 2)
[2020-12-19 03:16:03.052] ATTACK: Zack24/(Jupiter Elder) has shot *no key*/(Ancient Empress (683)) with [armor-piercing rifle bullet] in Central Jungle (114, 54, 2) (NEWHP: 350.077)  Central Jungle (114, 54, 2)
[2020-12-19 03:16:03.055] ATTACK: Zack24/(Jupiter Elder) has shot *no key*/(Ancient Empress (683)) with [armor-piercing rifle bullet] in Central Jungle (114, 54, 2) (NEWHP: 350.077)  Central Jungle (114, 54, 2)
[2020-12-19 03:16:03.239] ATTACK: Zack24/(Jupiter Elder) has shot *no key*/(Ancient Empress (683)) with [armor-piercing rifle bullet] in Central Jungle (115, 54, 2) (NEWHP: 177.241)  Central Jungle (115, 54, 2)
[2020-12-19 03:16:03.242] ATTACK: Zack24/(Jupiter Elder) has shot *no key*/(Ancient Empress (683)) with [armor-piercing rifle bullet] in Central Jungle (115, 54, 2) (NEWHP: 177.241)  Central Jungle (115, 54, 2)
[2020-12-19 03:16:03.246] ATTACK: Zack24/(Jupiter Elder) has shot *no key*/(Ancient Empress (683)) with [armor-piercing rifle bullet] in Central Jungle (115, 54, 2) (NEWHP: 177.241)  Central Jungle (115, 54, 2)
[2020-12-19 03:16:03.249] ATTACK: Zack24/(Jupiter Elder) has shot *no key*/(Ancient Empress (683)) with [armor-piercing rifle bullet] in Central Jungle (115, 54, 2) (NEWHP: 177.241)  Central Jungle (115, 54, 2)
[2020-12-19 03:16:03.252] ATTACK: Zack24/(Jupiter Elder) has shot *no key*/(Ancient Empress (683)) with [armor-piercing rifle bullet] in Central Jungle (115, 54, 2) (NEWHP: 177.241)  Central Jungle (115, 54, 2)
[2020-12-19 03:16:03.254] ATTACK: Zack24/(Jupiter Elder) has shot *no key*/(Ancient Empress (683)) with [armor-piercing rifle bullet] in Central Jungle (115, 54, 2) (NEWHP: 177.241)  Central Jungle (115, 54, 2)
[2020-12-19 03:16:03.256] ATTACK: Zack24/(Jupiter Elder) has shot *no key*/(Ancient Empress (683)) with [armor-piercing rifle bullet] in Central Jungle (115, 54, 2) (NEWHP: 177.241)  Central Jungle (115, 54, 2)
[2020-12-19 03:16:03.260] ATTACK: Zack24/(Jupiter Elder) has shot *no key*/(Ancient Empress (683)) with [armor-piercing rifle bullet] in Central Jungle (115, 54, 2) (NEWHP: 177.241)  Central Jungle (115, 54, 2)
[2020-12-19 03:16:03.262] ATTACK: Zack24/(Jupiter Elder) has shot *no key*/(Ancient Empress (683)) with [armor-piercing rifle bullet] in Central Jungle (115, 54, 2) (NEWHP: 177.241)  Central Jungle (115, 54, 2)
[2020-12-19 03:16:03.264] ATTACK: Zack24/(Jupiter Elder) has shot *no key*/(Ancient Empress (683)) with [armor-piercing rifle bullet] in Central Jungle (115, 54, 2) (NEWHP: 177.241)  Central Jungle (115, 54, 2)
[2020-12-19 03:16:03.266] ATTACK: Zack24/(Jupiter Elder) has shot *no key*/(Ancient Empress (683)) with [armor-piercing rifle bullet] in Central Jungle (115, 54, 2) (NEWHP: 177.241)  Central Jungle (115, 54, 2)
[2020-12-19 03:16:03.269] ATTACK: Zack24/(Jupiter Elder) has shot *no key*/(Ancient Empress (683)) with [armor-piercing rifle bullet] in Central Jungle (115, 54, 2) (NEWHP: 177.241)  Central Jungle (115, 54, 2)
[2020-12-19 03:16:03.480] ATTACK: Zack24/(Jupiter Elder) has shot *no key*/(Ancient Empress (483)) with [armor-piercing rifle bullet] in Central Jungle (115, 54, 2) (NEWHP: 500)  Central Jungle (115, 54, 2)
[2020-12-19 03:16:03.483] ATTACK: Zack24/(Jupiter Elder) has shot *no key*/(Ancient Empress (483)) with [armor-piercing rifle bullet] in Central Jungle (115, 54, 2) (NEWHP: 500)  Central Jungle (115, 54, 2)
[2020-12-19 03:16:03.486] ATTACK: Zack24/(Jupiter Elder) has shot *no key*/(Ancient Empress (483)) with [armor-piercing rifle bullet] in Central Jungle (115, 54, 2) (NEWHP: 500)  Central Jungle (115, 54, 2)
[2020-12-19 03:16:03.488] ATTACK: Zack24/(Jupiter Elder) has shot *no key*/(Ancient Empress (483)) with [armor-piercing rifle bullet] in Central Jungle (115, 54, 2) (NEWHP: 500)  Central Jungle (115, 54, 2)
[2020-12-19 03:16:03.490] ATTACK: Zack24/(Jupiter Elder) has shot *no key*/(Ancient Empress (483)) with [armor-piercing rifle bullet] in Central Jungle (115, 54, 2) (NEWHP: 500)  Central Jungle (115, 54, 2)
[2020-12-19 03:16:03.491] ATTACK: Zack24/(Jupiter Elder) has shot *no key*/(Ancient Empress (483)) with [armor-piercing rifle bullet] in Central Jungle (115, 54, 2) (NEWHP: 500)  Central Jungle (115, 54, 2)
[2020-12-19 03:16:03.493] ATTACK: Zack24/(Jupiter Elder) has shot *no key*/(Ancient Empress (483)) with [armor-piercing rifle bullet] in Central Jungle (115, 54, 2) (NEWHP: 500)  Central Jungle (115, 54, 2)
[2020-12-19 03:16:03.495] ATTACK: Zack24/(Jupiter Elder) has shot *no key*/(Ancient Empress (483)) with [armor-piercing rifle bullet] in Central Jungle (115, 54, 2) (NEWHP: 500)  Central Jungle (115, 54, 2)
[2020-12-19 03:16:03.499] ATTACK: Zack24/(Jupiter Elder) has shot *no key*/(Ancient Empress (483)) with [armor-piercing rifle bullet] in Central Jungle (115, 54, 2) (NEWHP: 500)  Central Jungle (115, 54, 2)
[2020-12-19 03:16:03.503] ATTACK: Zack24/(Jupiter Elder) has shot *no key*/(Ancient Empress (483)) with [armor-piercing rifle bullet] in Central Jungle (115, 54, 2) (NEWHP: 500)  Central Jungle (115, 54, 2)
[2020-12-19 03:16:03.681] ATTACK: Zack24/(Jupiter Elder) has shot *no key*/(Ancient Empress (483)) with [armor-piercing rifle bullet] in Central Jungle (116, 54, 2) (NEWHP: 364.676)  Central Jungle (116, 54, 2)
[2020-12-19 03:16:03.684] ATTACK: Zack24/(Jupiter Elder) has shot *no key*/(Ancient Empress (483)) with [armor-piercing rifle bullet] in Central Jungle (116, 54, 2) (NEWHP: 364.676)  Central Jungle (116, 54, 2)
[2020-12-19 03:16:03.687] ATTACK: Zack24/(Jupiter Elder) has shot *no key*/(Ancient Empress (483)) with [armor-piercing rifle bullet] in Central Jungle (116, 54, 2) (NEWHP: 364.676)  Central Jungle (116, 54, 2)
[2020-12-19 03:16:03.690] ATTACK: Zack24/(Jupiter Elder) has shot *no key*/(Ancient Empress (483)) with [armor-piercing rifle bullet] in Central Jungle (116, 54, 2) (NEWHP: 364.676)  Central Jungle (116, 54, 2)
[2020-12-19 03:16:03.692] ATTACK: Zack24/(Jupiter Elder) has shot *no key*/(Ancient Empress (483)) with [armor-piercing rifle bullet] in Central Jungle (116, 54, 2) (NEWHP: 364.676)  Central Jungle (116, 54, 2)
[2020-12-19 03:16:03.694] ATTACK: Zack24/(Jupiter Elder) has shot *no key*/(Ancient Empress (483)) with [armor-piercing rifle bullet] in Central Jungle (116, 54, 2) (NEWHP: 364.676)  Central Jungle (116, 54, 2)
[2020-12-19 03:16:03.696] ATTACK: Zack24/(Jupiter Elder) has shot *no key*/(Ancient Empress (483)) with [armor-piercing rifle bullet] in Central Jungle (116, 54, 2) (NEWHP: 364.676)  Central Jungle (116, 54, 2)
[2020-12-19 03:16:03.699] ATTACK: Zack24/(Jupiter Elder) has shot *no key*/(Ancient Empress (483)) with [armor-piercing rifle bullet] in Central Jungle (116, 54, 2) (NEWHP: 364.676)  Central Jungle (116, 54, 2)
[2020-12-19 03:16:03.704] ATTACK: Zack24/(Jupiter Elder) has shot *no key*/(Ancient Empress (483)) with [armor-piercing rifle bullet] in Central Jungle (116, 54, 2) (NEWHP: 364.676)  Central Jungle (116, 54, 2)
[2020-12-19 03:16:03.707] ATTACK: Zack24/(Jupiter Elder) has shot *no key*/(Ancient Empress (483)) with [armor-piercing rifle bullet] in Central Jungle (116, 54, 2) (NEWHP: 364.676)  Central Jungle (116, 54, 2)
[2020-12-19 03:16:03.710] ATTACK: Zack24/(Jupiter Elder) has shot *no key*/(Ancient Empress (483)) with [armor-piercing rifle bullet] in Central Jungle (116, 54, 2) (NEWHP: 364.676)  Central Jungle (116, 54, 2)
[2020-12-19 03:16:03.713] ATTACK: Zack24/(Jupiter Elder) has shot *no key*/(Ancient Empress (483)) with [armor-piercing rifle bullet] in Central Jungle (116, 54, 2) (NEWHP: 364.676)  Central Jungle (116, 54, 2)
[2020-12-19 03:16:03.931] ATTACK: Zack24/(Jupiter Elder) has shot *no key*/(Ancient Empress (483)) with [armor-piercing rifle bullet] in Central Jungle (116, 54, 2) (NEWHP: 150.168)  Central Jungle (116, 54, 2)
[2020-12-19 03:16:03.933] ATTACK: Zack24/(Jupiter Elder) has shot *no key*/(Ancient Empress (483)) with [armor-piercing rifle bullet] in Central Jungle (116, 54, 2) (NEWHP: 150.168)  Central Jungle (116, 54, 2)
[2020-12-19 03:16:03.936] ATTACK: Zack24/(Jupiter Elder) has shot *no key*/(Ancient Empress (483)) with [armor-piercing rifle bullet] in Central Jungle (116, 54, 2) (NEWHP: 150.168)  Central Jungle (116, 54, 2)
[2020-12-19 03:16:03.939] ATTACK: Zack24/(Jupiter Elder) has shot *no key*/(Ancient Empress (483)) with [armor-piercing rifle bullet] in Central Jungle (116, 54, 2) (NEWHP: 150.168)  Central Jungle (116, 54, 2)
[2020-12-19 03:16:03.941] ATTACK: Zack24/(Jupiter Elder) has shot *no key*/(Ancient Empress (483)) with [armor-piercing rifle bullet] in Central Jungle (116, 54, 2) (NEWHP: 150.168)  Central Jungle (116, 54, 2)
[2020-12-19 03:16:03.943] ATTACK: Zack24/(Jupiter Elder) has shot *no key*/(Ancient Empress (483)) with [armor-piercing rifle bullet] in Central Jungle (116, 54, 2) (NEWHP: 150.168)  Central Jungle (116, 54, 2)
[2020-12-19 03:16:03.945] ATTACK: Zack24/(Jupiter Elder) has shot *no key*/(Ancient Empress (483)) with [armor-piercing rifle bullet] in Central Jungle (116, 54, 2) (NEWHP: 150.168)  Central Jungle (116, 54, 2)
[2020-12-19 03:16:03.947] ATTACK: Zack24/(Jupiter Elder) has shot *no key*/(Ancient Empress (483)) with [armor-piercing rifle bullet] in Central Jungle (116, 54, 2) (NEWHP: 150.168)  Central Jungle (116, 54, 2)
[2020-12-19 03:16:03.950] ATTACK: Zack24/(Jupiter Elder) has shot *no key*/(Ancient Empress (483)) with [armor-piercing rifle bullet] in Central Jungle (116, 54, 2) (NEWHP: 150.168)  Central Jungle (116, 54, 2)
[2020-12-19 03:16:03.953] ATTACK: Zack24/(Jupiter Elder) has shot *no key*/(Ancient Empress (483)) with [armor-piercing rifle bullet] in Central Jungle (116, 54, 2) (NEWHP: 150.168)  Central Jungle (116, 54, 2)
[2020-12-19 03:16:03.955] ATTACK: Zack24/(Jupiter Elder) has shot *no key*/(Ancient Empress (483)) with [armor-piercing rifle bullet] in Central Jungle (116, 54, 2) (NEWHP: 150.168)  Central Jungle (116, 54, 2)
[2020-12-19 03:16:03.957] ATTACK: Zack24/(Jupiter Elder) has shot *no key*/(Ancient Empress (483)) with [armor-piercing rifle bullet] in Central Jungle (116, 54, 2) (NEWHP: 150.168)  Central Jungle (116, 54, 2)
[2020-12-19 03:16:05.339] ATTACK: Zack24/(Jupiter Elder) has shot *no key*/(Ancient Empress (683)) with [armor-piercing rifle bullet] in Main Hallway (117, 51, 2) (NEWHP: -54.7595)  Main Hallway (117, 51, 2)
[2020-12-19 03:16:05.537] ATTACK: Zack24/(Jupiter Elder) has shot *no key*/(Ancient Empress (683)) with [armor-piercing rifle bullet] in Main Hallway (117, 51, 2) (NEWHP: -88.7595)  Main Hallway (117, 51, 2)
[2020-12-19 03:16:05.630] ATTACK: *no key*/(Ancient Empress (683)) has lets out a waning guttural screech, green blood bubbling from its maw. *no key*/(Ancient Empress (683)) (NEWHP: -100)  Central Jungle (117, 54, 2)
[2020-12-19 03:16:10.188] ATTACK: Zack24/(Jupiter Elder) has shot *no key*/(Ancient Empress (483)) with [armor-piercing rifle bullet] in Central Jungle (117, 52, 2) (NEWHP: -86.8315)  Central Jungle (117, 52, 2)
[2020-12-19 03:16:10.280] ATTACK: *no key*/(Ancient Empress (483)) has lets out a waning guttural screech, green blood bubbling from its maw. *no key*/(Ancient Empress (483)) (NEWHP: -100)  Central Jungle (118, 54, 2)
[2020-12-19 03:18:05.689] ATTACK: Zack24/(Jupiter Elder) has shot *no key*/(Ancient Crusher (236)) with [armor-piercing rifle bullet] in Central Jungle (113, 64, 2) (NEWHP: 400)  Central Jungle (113, 64, 2)
[2020-12-19 03:18:05.691] ATTACK: Zack24/(Jupiter Elder) has shot *no key*/(Ancient Crusher (236)) with [armor-piercing rifle bullet] in Central Jungle (113, 64, 2) (NEWHP: 400)  Central Jungle (113, 64, 2)
[2020-12-19 03:18:05.693] ATTACK: Zack24/(Jupiter Elder) has shot *no key*/(Ancient Crusher (236)) with [armor-piercing rifle bullet] in Central Jungle (113, 64, 2) (NEWHP: 400)  Central Jungle (113, 64, 2)
[2020-12-19 03:18:05.695] ATTACK: Zack24/(Jupiter Elder) has shot *no key*/(Ancient Crusher (236)) with [armor-piercing rifle bullet] in Central Jungle (113, 64, 2) (NEWHP: 400)  Central Jungle (113, 64, 2)
[2020-12-19 03:18:05.697] ATTACK: Zack24/(Jupiter Elder) has shot *no key*/(Ancient Crusher (236)) with [armor-piercing rifle bullet] in Central Jungle (113, 64, 2) (NEWHP: 400)  Central Jungle (113, 64, 2)
[2020-12-19 03:18:05.699] ATTACK: Zack24/(Jupiter Elder) has shot *no key*/(Ancient Crusher (236)) with [armor-piercing rifle bullet] in Central Jungle (113, 64, 2) (NEWHP: 400)  Central Jungle (113, 64, 2)
[2020-12-19 03:18:05.702] ATTACK: Zack24/(Jupiter Elder) has shot *no key*/(Ancient Crusher (236)) with [armor-piercing rifle bullet] in Central Jungle (113, 64, 2) (NEWHP: 400)  Central Jungle (113, 64, 2)
[2020-12-19 03:18:05.703] ATTACK: Zack24/(Jupiter Elder) has shot *no key*/(Ancient Crusher (236)) with [armor-piercing rifle bullet] in Central Jungle (113, 64, 2) (NEWHP: 400)  Central Jungle (113, 64, 2)
[2020-12-19 03:18:05.706] ATTACK: Zack24/(Jupiter Elder) has shot *no key*/(Ancient Crusher (236)) with [armor-piercing rifle bullet] in Central Jungle (113, 64, 2) (NEWHP: 400)  Central Jungle (113, 64, 2)
[2020-12-19 03:18:05.709] ATTACK: Zack24/(Jupiter Elder) has shot *no key*/(Ancient Crusher (236)) with [armor-piercing rifle bullet] in Central Jungle (113, 64, 2) (NEWHP: 400)  Central Jungle (113, 64, 2)
[2020-12-19 03:18:05.861] ATTACK: Zack24/(Jupiter Elder) has shot *no key*/(Ancient Crusher (236)) with [armor-piercing rifle bullet] in Central Jungle (113, 64, 2) (NEWHP: 280.258)  Central Jungle (113, 64, 2)
[2020-12-19 03:18:05.864] ATTACK: Zack24/(Jupiter Elder) has shot *no key*/(Ancient Crusher (236)) with [armor-piercing rifle bullet] in Central Jungle (113, 64, 2) (NEWHP: 280.258)  Central Jungle (113, 64, 2)
[2020-12-19 03:18:05.868] ATTACK: Zack24/(Jupiter Elder) has shot *no key*/(Ancient Crusher (236)) with [armor-piercing rifle bullet] in Central Jungle (113, 64, 2) (NEWHP: 280.258)  Central Jungle (113, 64, 2)
[2020-12-19 03:18:05.872] ATTACK: Zack24/(Jupiter Elder) has shot *no key*/(Ancient Crusher (236)) with [armor-piercing rifle bullet] in Central Jungle (113, 64, 2) (NEWHP: 280.258)  Central Jungle (113, 64, 2)
[2020-12-19 03:18:05.874] ATTACK: Zack24/(Jupiter Elder) has shot *no key*/(Ancient Crusher (236)) with [armor-piercing rifle bullet] in Central Jungle (113, 64, 2) (NEWHP: 280.258)  Central Jungle (113, 64, 2)
[2020-12-19 03:18:05.876] ATTACK: Zack24/(Jupiter Elder) has shot *no key*/(Ancient Crusher (236)) with [armor-piercing rifle bullet] in Central Jungle (113, 64, 2) (NEWHP: 280.258)  Central Jungle (113, 64, 2)
[2020-12-19 03:18:05.879] ATTACK: Zack24/(Jupiter Elder) has shot *no key*/(Ancient Crusher (236)) with [armor-piercing rifle bullet] in Central Jungle (113, 64, 2) (NEWHP: 280.258)  Central Jungle (113, 64, 2)
[2020-12-19 03:18:05.881] ATTACK: Zack24/(Jupiter Elder) has shot *no key*/(Ancient Crusher (236)) with [armor-piercing rifle bullet] in Central Jungle (113, 64, 2) (NEWHP: 280.258)  Central Jungle (113, 64, 2)
[2020-12-19 03:18:05.885] ATTACK: Zack24/(Jupiter Elder) has shot *no key*/(Ancient Crusher (236)) with [armor-piercing rifle bullet] in Central Jungle (113, 64, 2) (NEWHP: 280.258)  Central Jungle (113, 64, 2)
[2020-12-19 03:18:05.888] ATTACK: Zack24/(Jupiter Elder) has shot *no key*/(Ancient Crusher (236)) with [armor-piercing rifle bullet] in Central Jungle (113, 64, 2) (NEWHP: 280.258)  Central Jungle (113, 64, 2)
[2020-12-19 03:18:06.062] ATTACK: Zack24/(Jupiter Elder) has shot *no key*/(Ancient Crusher (236)) with [armor-piercing rifle bullet] in Central Jungle (113, 64, 2) (NEWHP: 119.565)  Central Jungle (113, 64, 2)
[2020-12-19 03:18:06.065] ATTACK: Zack24/(Jupiter Elder) has shot *no key*/(Ancient Crusher (236)) with [armor-piercing rifle bullet] in Central Jungle (113, 64, 2) (NEWHP: 119.565)  Central Jungle (113, 64, 2)
[2020-12-19 03:18:06.067] ATTACK: Zack24/(Jupiter Elder) has shot *no key*/(Ancient Crusher (236)) with [armor-piercing rifle bullet] in Central Jungle (113, 64, 2) (NEWHP: 119.565)  Central Jungle (113, 64, 2)
[2020-12-19 03:18:06.070] ATTACK: Zack24/(Jupiter Elder) has shot *no key*/(Ancient Crusher (236)) with [armor-piercing rifle bullet] in Central Jungle (113, 64, 2) (NEWHP: 119.565)  Central Jungle (113, 64, 2)
[2020-12-19 03:18:06.072] ATTACK: Zack24/(Jupiter Elder) has shot *no key*/(Ancient Crusher (236)) with [armor-piercing rifle bullet] in Central Jungle (113, 64, 2) (NEWHP: 119.565)  Central Jungle (113, 64, 2)
[2020-12-19 03:18:06.074] ATTACK: Zack24/(Jupiter Elder) has shot *no key*/(Ancient Crusher (236)) with [armor-piercing rifle bullet] in Central Jungle (113, 64, 2) (NEWHP: 119.565)  Central Jungle (113, 64, 2)
[2020-12-19 03:18:06.076] ATTACK: Zack24/(Jupiter Elder) has shot *no key*/(Ancient Crusher (236)) with [armor-piercing rifle bullet] in Central Jungle (113, 64, 2) (NEWHP: 119.565)  Central Jungle (113, 64, 2)
[2020-12-19 03:18:06.078] ATTACK: Zack24/(Jupiter Elder) has shot *no key*/(Ancient Crusher (236)) with [armor-piercing rifle bullet] in Central Jungle (113, 64, 2) (NEWHP: 119.565)  Central Jungle (113, 64, 2)
[2020-12-19 03:18:06.081] ATTACK: Zack24/(Jupiter Elder) has shot *no key*/(Ancient Crusher (236)) with [armor-piercing rifle bullet] in Central Jungle (113, 64, 2) (NEWHP: 119.565)  Central Jungle (113, 64, 2)
[2020-12-19 03:18:06.085] ATTACK: Zack24/(Jupiter Elder) has shot *no key*/(Ancient Crusher (236)) with [armor-piercing rifle bullet] in Central Jungle (113, 64, 2) (NEWHP: 119.565)  Central Jungle (113, 64, 2)
[2020-12-19 03:18:06.669] ATTACK: Zack24/(Jupiter Elder) has shot *no key*/(Ancient Crusher (236)) with [armor-piercing rifle bullet] in Central Jungle (113, 64, 2) (NEWHP: -62.435)  Central Jungle (113, 64, 2)
[2020-12-19 03:18:06.867] ATTACK: Zack24/(Jupiter Elder) has shot *no key*/(Ancient Crusher (236)) with [armor-piercing rifle bullet] in Central Jungle (113, 64, 2) (NEWHP: -96.435)  Central Jungle (113, 64, 2)
[2020-12-19 03:18:06.960] ATTACK: *no key*/(Ancient Crusher (236)) has lets out a waning guttural screech, green blood bubbling from its maw. *no key*/(Ancient Crusher (236)) (NEWHP: -100)  Central Jungle (116, 64, 2)
[2020-12-19 03:23:04.332] ATTACK: *no key*/(cow) has seizes up and falls limp... *no key*/(cow) (NEWHP: -50)  Hydroponics (104, 72, 2)
