[2020-12-15 21:34:37.333] ASSET: Sending asset `padlock.png` to client `Zack24` as `padlock.png`
[2020-12-15 21:34:37.334] ASSET: Sending asset `common.css` to client `Zack24` as `asset.2c1817def9a9ea3700c8a4c63b022070.css`
[2020-12-15 21:34:37.336] ASSET: Sending asset `jquery.min.js` to client `Zack24` as `jquery.min.js`
[2020-12-15 21:34:47.244] ASSET: DEBUG: Skipping send of `jquery.min.js` (as `jquery.min.js`) for `Zack24` because it already exists in the client's sent_assets list
[2020-12-15 21:34:47.244] ASSET: Sending asset `browserOutput.css` to client `Zack24` as `browserOutput.css`
[2020-12-15 21:34:47.244] ASSET: Sending asset `browserOutput.js` to client `Zack24` as `browserOutput.js`
[2020-12-15 21:34:47.244] ASSET: Sending asset `browserOutput_white.css` to client `Zack24` as `browserOutput_white.css`
[2020-12-15 21:34:47.255] ASSET: Sending asset `fontawesome-webfont.eot` to client `Zack24` as `fontawesome-webfont.eot`
[2020-12-15 21:34:47.255] ASSET: Sending asset `fontawesome-webfont.svg` to client `Zack24` as `fontawesome-webfont.svg`
[2020-12-15 21:34:47.255] ASSET: Sending asset `fontawesome-webfont.ttf` to client `Zack24` as `fontawesome-webfont.ttf`
[2020-12-15 21:34:47.255] ASSET: Sending asset `fontawesome-webfont.woff` to client `Zack24` as `fontawesome-webfont.woff`
[2020-12-15 21:34:47.255] ASSET: Sending asset `goonchatfont-awesome.css` to client `Zack24` as `goonchatfont-awesome.css`
[2020-12-15 21:34:47.255] ASSET: Sending asset `json2.min.js` to client `Zack24` as `json2.min.js`
[2020-12-15 21:34:47.256] ASSET: Sending asset `spritesheet_chat.css` to client `Zack24` as `asset.9b2c5fc6395f3214454b5d0cf0c5403f.css`
[2020-12-15 21:34:47.256] ASSET: Sending asset `chat_16x16.png` to client `Zack24` as `asset.f2c9176c6a3ba7b8cdfe4457c848bd8c.png`
[2020-12-15 21:34:47.256] ASSET: Sending asset `fa-regular-400.eot` to client `Zack24` as `fa-regular-400.eot`
[2020-12-15 21:34:47.256] ASSET: Sending asset `fa-regular-400.woff` to client `Zack24` as `fa-regular-400.woff`
[2020-12-15 21:34:47.256] ASSET: Sending asset `fa-solid-900.eot` to client `Zack24` as `fa-solid-900.eot`
[2020-12-15 21:34:47.256] ASSET: Sending asset `fa-solid-900.woff` to client `Zack24` as `fa-solid-900.woff`
[2020-12-15 21:34:47.256] ASSET: Sending asset `font-awesome.css` to client `Zack24` as `font-awesome.css`
[2020-12-15 21:34:47.256] ASSET: Sending asset `v4shim.css` to client `Zack24` as `v4shim.css`
[2020-12-15 21:37:04.192] ASSET: Sending asset `tgui.bundle.js` to client `Zack24` as `tgui.bundle.js`
[2020-12-15 21:37:04.192] ASSET: Sending asset `tgui.bundle.css` to client `Zack24` as `tgui.bundle.css`
[2020-12-15 21:37:04.193] ASSET: DEBUG: Skipping send of `fa-regular-400.eot` (as `fa-regular-400.eot`) for `Zack24` because it already exists in the client's sent_assets list
[2020-12-15 21:37:04.193] ASSET: DEBUG: Skipping send of `fa-regular-400.woff` (as `fa-regular-400.woff`) for `Zack24` because it already exists in the client's sent_assets list
[2020-12-15 21:37:04.193] ASSET: DEBUG: Skipping send of `fa-solid-900.eot` (as `fa-solid-900.eot`) for `Zack24` because it already exists in the client's sent_assets list
[2020-12-15 21:37:04.193] ASSET: DEBUG: Skipping send of `fa-solid-900.woff` (as `fa-solid-900.woff`) for `Zack24` because it already exists in the client's sent_assets list
[2020-12-15 21:37:04.193] ASSET: DEBUG: Skipping send of `font-awesome.css` (as `font-awesome.css`) for `Zack24` because it already exists in the client's sent_assets list
[2020-12-15 21:37:04.193] ASSET: DEBUG: Skipping send of `v4shim.css` (as `v4shim.css`) for `Zack24` because it already exists in the client's sent_assets list
[2020-12-15 21:37:10.400] ASSET: DEBUG: Skipping send of `tgui.bundle.js` (as `tgui.bundle.js`) for `Zack24` because it already exists in the client's sent_assets list
[2020-12-15 21:37:10.400] ASSET: DEBUG: Skipping send of `tgui.bundle.css` (as `tgui.bundle.css`) for `Zack24` because it already exists in the client's sent_assets list
[2020-12-15 21:37:10.400] ASSET: DEBUG: Skipping send of `fa-regular-400.eot` (as `fa-regular-400.eot`) for `Zack24` because it already exists in the client's sent_assets list
[2020-12-15 21:37:10.400] ASSET: DEBUG: Skipping send of `fa-regular-400.woff` (as `fa-regular-400.woff`) for `Zack24` because it already exists in the client's sent_assets list
[2020-12-15 21:37:10.400] ASSET: DEBUG: Skipping send of `fa-solid-900.eot` (as `fa-solid-900.eot`) for `Zack24` because it already exists in the client's sent_assets list
[2020-12-15 21:37:10.400] ASSET: DEBUG: Skipping send of `fa-solid-900.woff` (as `fa-solid-900.woff`) for `Zack24` because it already exists in the client's sent_assets list
[2020-12-15 21:37:10.400] ASSET: DEBUG: Skipping send of `font-awesome.css` (as `font-awesome.css`) for `Zack24` because it already exists in the client's sent_assets list
[2020-12-15 21:37:10.400] ASSET: DEBUG: Skipping send of `v4shim.css` (as `v4shim.css`) for `Zack24` because it already exists in the client's sent_assets list
[2020-12-15 21:38:49.481] ASSET: DEBUG: Skipping send of `tgui.bundle.js` (as `tgui.bundle.js`) for `Zack24` because it already exists in the client's sent_assets list
[2020-12-15 21:38:49.481] ASSET: DEBUG: Skipping send of `tgui.bundle.css` (as `tgui.bundle.css`) for `Zack24` because it already exists in the client's sent_assets list
[2020-12-15 21:38:49.481] ASSET: DEBUG: Skipping send of `fa-regular-400.eot` (as `fa-regular-400.eot`) for `Zack24` because it already exists in the client's sent_assets list
[2020-12-15 21:38:49.481] ASSET: DEBUG: Skipping send of `fa-regular-400.woff` (as `fa-regular-400.woff`) for `Zack24` because it already exists in the client's sent_assets list
[2020-12-15 21:38:49.481] ASSET: DEBUG: Skipping send of `fa-solid-900.eot` (as `fa-solid-900.eot`) for `Zack24` because it already exists in the client's sent_assets list
[2020-12-15 21:38:49.481] ASSET: DEBUG: Skipping send of `fa-solid-900.woff` (as `fa-solid-900.woff`) for `Zack24` because it already exists in the client's sent_assets list
[2020-12-15 21:38:49.481] ASSET: DEBUG: Skipping send of `font-awesome.css` (as `font-awesome.css`) for `Zack24` because it already exists in the client's sent_assets list
[2020-12-15 21:38:49.481] ASSET: DEBUG: Skipping send of `v4shim.css` (as `v4shim.css`) for `Zack24` because it already exists in the client's sent_assets list
[2020-12-15 21:40:30.777] ASSET: Sending asset `asset.66dca397f46351b792528a4afb10f86e.png` to client `Zack24` as `asset.66dca397f46351b792528a4afb10f86e.png`
[2020-12-15 21:40:36.343] ASSET: DEBUG: Skipping send of `padlock.png` (as `padlock.png`) for `Zack24` because it already exists in the client's sent_assets list
[2020-12-15 21:40:36.343] ASSET: DEBUG: Skipping send of `common.css` (as `asset.2c1817def9a9ea3700c8a4c63b022070.css`) for `Zack24` because it already exists in the client's sent_assets list
[2020-12-15 21:41:09.907] ASSET: Sending asset `asset.2ec67cbc735787c0a086dd960c5dfce2.png` to client `Zack24` as `asset.2ec67cbc735787c0a086dd960c5dfce2.png`
[2020-12-15 21:41:14.338] ASSET: Sending asset `asset.9dfde7031708446c32aa241da0e2ad7c.png` to client `Zack24` as `asset.9dfde7031708446c32aa241da0e2ad7c.png`
[2020-12-15 21:42:40.434] ASSET: Sending asset `asset.231b8374f6243856876829ab20f6643d.png` to client `Zack24` as `asset.231b8374f6243856876829ab20f6643d.png`
[2020-12-15 21:42:40.467] ASSET: Sending asset `asset.b4ba0caab1abab2351ef784790769d95.png` to client `Zack24` as `asset.b4ba0caab1abab2351ef784790769d95.png`
[2020-12-15 21:42:42.377] ASSET: DEBUG: Skipping send of `asset.2ec67cbc735787c0a086dd960c5dfce2.png` (as `asset.2ec67cbc735787c0a086dd960c5dfce2.png`) for `Zack24` because it already exists in the client's sent_assets list
[2020-12-15 21:42:49.468] ASSET: DEBUG: Skipping send of `asset.231b8374f6243856876829ab20f6643d.png` (as `asset.231b8374f6243856876829ab20f6643d.png`) for `Zack24` because it already exists in the client's sent_assets list
[2020-12-15 21:43:07.839] ASSET: Sending asset `asset.42908d8c7b7758b6a5fe89b099dc8496.png` to client `Zack24` as `asset.42908d8c7b7758b6a5fe89b099dc8496.png`
