[2020-12-18 06:00:46.207] Starting up round ID .
 - -------------------------
[2020-12-18 06:00:47.333] GAME: Saved mode is 'Extended'
[2020-12-18 06:00:49.636] ACCESS: Login: Zack24 from 127.0.0.1-2571130799 || BYOND v513.1536
[2020-12-18 06:00:49.637] OOC: Zack24/(Zack24) Zack24 has logged in.  (0, 0, 0)
[2020-12-18 06:00:56.504] GAME: LV internal affairs dome loaded at at 31,35,2
[2020-12-18 06:00:56.864] GAME: LV atmos dome loaded at at 46,49,2
[2020-12-18 06:00:57.010] GAME: LV internal affairs dome loaded at at 46,20,2
[2020-12-18 06:00:57.752] GAME: LV robotics dome loaded at at 67,8,2
[2020-12-18 06:00:58.635] GAME: Hydro road loaded at at 106,51,2
[2020-12-18 06:00:59.696] GAME: LV robotics dome loaded at at 147,50,2
[2020-12-18 06:01:12.114] GAME: Alamo loaded at at 8,8,4
[2020-12-18 06:01:12.238] GAME: Escape Pod loaded at at 19,8,4
[2020-12-18 06:01:12.266] GAME: Escape Pod loaded at at 23,8,4
[2020-12-18 06:01:12.291] GAME: Supply loaded at at 27,8,4
[2020-12-18 06:01:14.178] OOC: *no key*/(Zack24) *no key*/(Zack24) has left mob Zack24(/mob/new_player). start area (8, 8, 1)
[2020-12-18 06:01:14.178] OOC: Zack24/(Jupiter Elder) Jupiter Elder has logged in. Cryo Cells (38, 49, 3)
[2020-12-18 06:01:20.537] ADMIN: Zack24/(Jupiter Elder) spawned 1 x /mob/living/carbon/xenomorph/runner/ancient at Hangar (41, 27, 3)
[2020-12-18 06:01:21.898] ADMIN: Zack24/(Jupiter Elder) stuffed Zack24 into Ancient Runner (715).
[2020-12-18 06:01:21.898] OOC: *no key*/(Jupiter Elder) *no key*/(Jupiter Elder) has left mob Jupiter Elder(/mob/dead/observer). Hangar (38, 27, 3)
[2020-12-18 06:01:21.899] OOC: zack24/(Ancient Runner (715)) Ancient Runner (715) has logged in. Hangar (41, 27, 3)
[2020-12-18 06:01:30.974] ACCESS: Logout: Zack24/(Ancient Runner (495))
[2020-12-18 06:01:30.976] OOC: zack24[DC]/(Ancient Runner (495)) zack24[DC]/(Ancient Runner (495)) has left mob Ancient Runner (495)(/mob/living/carbon/xenomorph/runner/ancient). Hangar (44, 27, 3)
