[2020-11-04 04:38:42.740] Starting up round ID .
 - -------------------------
[2020-11-04 04:38:51.683] ATTACK: *no key*/(Colonist Evan Kark) has seizes up and falls limp... *no key*/(Colonist Evan Kark) (NEWHP: 100)  North Western Caves (15, 162, 2)
[2020-11-04 04:38:51.966] ATTACK: *no key*/(Colonist Chang Lin) has seizes up and falls limp... *no key*/(Colonist Chang Lin) (NEWHP: 100)  North Western Caves (15, 161, 2)
[2020-11-04 04:38:52.260] ATTACK: *no key*/(Colonist Everett Mison) has seizes up and falls limp... *no key*/(Colonist Everett Mison) (NEWHP: 100)  North Western Caves (15, 159, 2)
[2020-11-04 04:38:52.630] ATTACK: *no key*/(Colonist Ted Koso) has seizes up and falls limp... *no key*/(Colonist Ted Koso) (NEWHP: 100)  North Western Caves (15, 158, 2)
[2020-11-04 04:38:52.891] ATTACK: *no key*/(Colonist Terrin Yin) has seizes up and falls limp... *no key*/(Colonist Terrin Yin) (NEWHP: 100)  North Western Caves (15, 157, 2)
[2020-11-04 04:38:53.097] ATTACK: *no key*/(Colonist Marko Quin) has seizes up and falls limp... *no key*/(Colonist Marko Quin) (NEWHP: 100)  North Western Caves (15, 155, 2)
[2020-11-04 04:38:53.343] ATTACK: *no key*/(Colonist Olin Berus) has seizes up and falls limp... *no key*/(Colonist Olin Berus) (NEWHP: 100)  North Western Caves (15, 154, 2)
[2020-11-04 04:38:53.400] ATTACK: *no key*/(Colonist Innio Morris) has seizes up and falls limp... *no key*/(Colonist Innio Morris) (NEWHP: 100)  North Western Caves (15, 153, 2)
[2020-11-04 04:38:53.730] ATTACK: *no key*/(Colonist Drew Bellel) has seizes up and falls limp... *no key*/(Colonist Drew Bellel) (NEWHP: 100)  North Western Caves (16, 162, 2)
[2020-11-04 04:38:53.764] ATTACK: *no key*/(Colonist Jed Willis) has seizes up and falls limp... *no key*/(Colonist Jed Willis) (NEWHP: 100)  Western River (16, 60, 2)
[2020-11-04 04:38:53.800] ATTACK: *no key*/(Colonist Jac Mester) has seizes up and falls limp... *no key*/(Colonist Jac Mester) (NEWHP: 100)  North Western Caves (17, 162, 2)
[2020-11-04 04:38:53.821] ATTACK: *no key*/(Colonist Braxton Oxto) has seizes up and falls limp... *no key*/(Colonist Braxton Oxto) (NEWHP: 100)  North Western Caves (17, 153, 2)
[2020-11-04 04:38:54.021] ATTACK: *no key*/(Colonist Lee Hesto) has seizes up and falls limp... *no key*/(Colonist Lee Hesto) (NEWHP: 100)  North Western Caves (18, 162, 2)
[2020-11-04 04:38:54.227] ATTACK: *no key*/(Colonist Kira Von) has seizes up and falls limp... *no key*/(Colonist Kira Von) (NEWHP: 100)  North Western Caves (18, 153, 2)
[2020-11-04 04:38:54.437] ATTACK: *no key*/(Colonist Ellis Bark) has seizes up and falls limp... *no key*/(Colonist Ellis Bark) (NEWHP: 100)  North Western Caves (19, 162, 2)
[2020-11-04 04:38:54.461] ATTACK: *no key*/(Colonist Bren Foras) has seizes up and falls limp... *no key*/(Colonist Bren Foras) (NEWHP: 100)  North Western Caves (19, 153, 2)
[2020-11-04 04:38:54.741] ATTACK: *no key*/(Colonist Olgin Vekin) has seizes up and falls limp... *no key*/(Colonist Olgin Vekin) (NEWHP: 100)  North Western Caves (20, 162, 2)
[2020-11-04 04:38:54.761] ATTACK: *no key*/(Colonist Wes Uvin) has seizes up and falls limp... *no key*/(Colonist Wes Uvin) (NEWHP: 100)  North Western Caves (20, 161, 2)
[2020-11-04 04:38:54.975] ATTACK: *no key*/(Colonist Ted Jarka) has seizes up and falls limp... *no key*/(Colonist Ted Jarka) (NEWHP: 100)  North Western Caves (20, 160, 2)
[2020-11-04 04:38:55.008] ATTACK: *no key*/(Colonist Jackson Martin) has seizes up and falls limp... *no key*/(Colonist Jackson Martin) (NEWHP: 100)  North Western Caves (20, 155, 2)
[2020-11-04 04:38:55.261] ATTACK: *no key*/(Deputy Maxwell Ligis) has seizes up and falls limp... *no key*/(Deputy Maxwell Ligis) (NEWHP: 100)  North Western Caves (20, 154, 2)
[2020-11-04 04:38:55.468] ATTACK: *no key*/(Colonist Fors Ilin) has seizes up and falls limp... *no key*/(Colonist Fors Ilin) (NEWHP: 100)  North Western Caves (20, 153, 2)
[2020-11-04 04:38:56.563] ATTACK: *no key*/(Colonist Roester Kalin) has seizes up and falls limp... *no key*/(Colonist Roester Kalin) (NEWHP: 100)  Rain shelter (59, 100, 2)
[2020-11-04 04:38:56.833] ATTACK: *no key*/(Colonist Tevin Marks) has seizes up and falls limp... *no key*/(Colonist Tevin Marks) (NEWHP: 100)  Research Lab (73, 57, 2)
[2020-11-04 04:38:57.079] ATTACK: *no key*/(Colonist Jan Horris) has seizes up and falls limp... *no key*/(Colonist Jan Horris) (NEWHP: 100)  Research Lab (74, 49, 2)
[2020-11-04 04:38:58.587] ATTACK: *no key*/(Deputy Edgar Nogi) has seizes up and falls limp... *no key*/(Deputy Edgar Nogi) (NEWHP: 100)  North Eastern Barrens (124, 142, 2)
[2020-11-04 04:38:59.309] ATTACK: *no key*/(Mr. Johnson Telovin) has seizes up and falls limp... *no key*/(Mr. Johnson Telovin) (NEWHP: 100)  Internal Affairs (154, 55, 2)
[2020-11-04 04:38:59.682] ATTACK: *no key*/(Colonist Kegan Mills) has seizes up and falls limp... *no key*/(Colonist Kegan Mills) (NEWHP: 100)  North Eastern Caves (167, 166, 2)
[2020-11-04 04:38:59.904] ATTACK: *no key*/(Colonist Ben Harris) has seizes up and falls limp... *no key*/(Colonist Ben Harris) (NEWHP: 100)  North Eastern Caves (167, 160, 2)
[2020-11-04 04:38:59.925] ATTACK: *no key*/(Marshal Logan Bills) has seizes up and falls limp... *no key*/(Marshal Logan Bills) (NEWHP: 100)  North Eastern Caves (168, 166, 2)
[2020-11-04 04:39:00.170] ATTACK: *no key*/(Colonist Harry Trent) has seizes up and falls limp... *no key*/(Colonist Harry Trent) (NEWHP: 100)  North Eastern Caves (169, 166, 2)
[2020-11-04 04:39:00.197] ATTACK: *no key*/(Colonist Mio Linno) has seizes up and falls limp... *no key*/(Colonist Mio Linno) (NEWHP: 100)  North Eastern Caves (169, 160, 2)
[2020-11-04 04:39:00.219] ATTACK: *no key*/(Colonist Redo Koster) has seizes up and falls limp... *no key*/(Colonist Redo Koster) (NEWHP: 100)  North Eastern Caves (170, 164, 2)
[2020-11-04 04:39:00.475] ATTACK: *no key*/(Colonist Luther Yovin) has seizes up and falls limp... *no key*/(Colonist Luther Yovin) (NEWHP: 100)  North Eastern Caves (170, 162, 2)
[2020-11-04 04:39:00.710] ATTACK: *no key*/(Colonist Ethan Peser) has seizes up and falls limp... *no key*/(Colonist Ethan Peser) (NEWHP: 100)  North Eastern Caves (170, 160, 2)
[2020-11-04 04:47:41.307] ATTACK: zack24/(Ancient Empress (520)) has slashed *no key*/(Farha Jaramillo) (NEWHP: 100)  Hangar (42, 28, 3)
[2020-11-04 04:47:42.123] ATTACK: zack24/(Ancient Empress (520)) has slashed *no key*/(Farha Jaramillo) (NEWHP: 77)  Hangar (42, 28, 3)
[2020-11-04 04:47:42.987] ATTACK: zack24/(Ancient Empress (520)) has slashed *no key*/(Farha Jaramillo) (NEWHP: 54)  Hangar (42, 28, 3)
[2020-11-04 04:47:43.819] ATTACK: zack24/(Ancient Empress (520)) has slashed *no key*/(Farha Jaramillo) (NEWHP: 31)  Hangar (42, 28, 3)
[2020-11-04 04:47:44.603] ATTACK: zack24/(Ancient Empress (520)) has slashed *no key*/(Farha Jaramillo) (NEWHP: 8)  Hangar (42, 28, 3)
[2020-11-04 04:47:45.446] ATTACK: zack24/(Ancient Empress (520)) has slashed *no key*/(Farha Jaramillo) (NEWHP: -15)  Hangar (42, 28, 3)
[2020-11-04 04:47:46.309] ATTACK: zack24/(Ancient Empress (520)) has slashed *no key*/(Farha Jaramillo) (NEWHP: -38)  Hangar (42, 28, 3)
[2020-11-04 04:47:47.165] ATTACK: zack24/(Ancient Empress (520)) has slashed *no key*/(Farha Jaramillo) (NEWHP: -61)  Hangar (42, 28, 3)
[2020-11-04 04:47:48.115] ATTACK: zack24/(Ancient Empress (520)) has slashed *no key*/(Farha Jaramillo) (NEWHP: -85)  Hangar (42, 28, 3)
[2020-11-04 04:47:48.199] ATTACK: *no key*/(Farha Jaramillo) has seizes up and falls limp... *no key*/(Farha Jaramillo) (NEWHP: -108)  Hangar (43, 27, 3)
[2020-11-04 04:47:49.045] ATTACK: zack24/(Ancient Empress (520)) has slashed *no key*/(Jaxon Daigle) (NEWHP: 125)  Hangar (42, 28, 3)
[2020-11-04 04:47:49.811] ATTACK: zack24/(Ancient Empress (520)) has slashed *no key*/(Jaxon Daigle) (NEWHP: 113.73)  Hangar (42, 28, 3)
[2020-11-04 04:47:50.700] ATTACK: zack24/(Ancient Empress (520)) has slashed *no key*/(Jaxon Daigle) (NEWHP: 102.46)  Hangar (42, 28, 3)
[2020-11-04 04:47:51.563] ATTACK: zack24/(Ancient Empress (520)) has slashed *no key*/(Jaxon Daigle) (NEWHP: 91.19)  Hangar (42, 28, 3)
[2020-11-04 04:47:52.539] ATTACK: zack24/(Ancient Empress (520)) has slashed *no key*/(Jaxon Daigle) (NEWHP: 79.92)  Hangar (42, 28, 3)
[2020-11-04 04:47:53.315] ATTACK: zack24/(Ancient Empress (520)) has slashed *no key*/(Jaxon Daigle) (NEWHP: 68.65)  Hangar (42, 28, 3)
[2020-11-04 04:47:54.289] ATTACK: zack24/(Ancient Empress (520)) has slashed *no key*/(Jaxon Daigle) (NEWHP: 57.38)  Hangar (42, 28, 3)
[2020-11-04 04:47:55.068] ATTACK: zack24/(Ancient Empress (520)) has slashed *no key*/(Jaxon Daigle) (NEWHP: 46.11)  Hangar (42, 28, 3)
[2020-11-04 04:47:55.923] ATTACK: zack24/(Ancient Empress (520)) has slashed *no key*/(Jaxon Daigle) (NEWHP: 34.84)  Hangar (42, 28, 3)
[2020-11-04 04:47:57.019] ATTACK: zack24/(Ancient Empress (520)) has slashed *no key*/(Jaxon Daigle) (NEWHP: 23.57)  Hangar (42, 28, 3)
[2020-11-04 04:47:57.940] ATTACK: zack24/(Ancient Empress (520)) has slashed *no key*/(Jaxon Daigle) (NEWHP: 12.3)  Hangar (42, 28, 3)
[2020-11-04 04:47:58.844] ATTACK: zack24/(Ancient Empress (520)) has slashed *no key*/(Jaxon Daigle) (NEWHP: 1.02998)  Hangar (42, 28, 3)
[2020-11-04 04:47:59.723] ATTACK: zack24/(Ancient Empress (520)) has slashed *no key*/(Jaxon Daigle) (NEWHP: -10.24)  Hangar (42, 28, 3)
[2020-11-04 04:48:00.654] ATTACK: zack24/(Ancient Empress (520)) has slashed *no key*/(Jaxon Daigle) (NEWHP: -21.51)  Hangar (42, 28, 3)
[2020-11-04 04:48:01.627] ATTACK: zack24/(Ancient Empress (520)) has slashed *no key*/(Jaxon Daigle) (NEWHP: -27.145)  Hangar (42, 28, 3)
[2020-11-04 04:48:02.427] ATTACK: zack24/(Ancient Empress (520)) has slashed *no key*/(Jaxon Daigle) (NEWHP: -38.415)  Hangar (42, 28, 3)
[2020-11-04 04:48:03.371] ATTACK: zack24/(Ancient Empress (520)) has slashed *no key*/(Jaxon Daigle) (NEWHP: -49.685)  Hangar (42, 28, 3)
[2020-11-04 04:48:04.192] ATTACK: zack24/(Ancient Empress (520)) has slashed *no key*/(Jaxon Daigle) (NEWHP: -60.955)  Hangar (42, 28, 3)
[2020-11-04 04:48:05.083] ATTACK: zack24/(Ancient Empress (520)) has slashed *no key*/(Jaxon Daigle) (NEWHP: -72.225)  Hangar (42, 28, 3)
[2020-11-04 04:48:08.435] ATTACK: zack24/(Ancient Empress (520)) has slashed *no key*/(Jaxon Daigle) (NEWHP: -83.495)  Hangar (42, 28, 3)
[2020-11-04 04:48:09.218] ATTACK: zack24/(Ancient Empress (520)) has slashed *no key*/(Jaxon Daigle) (NEWHP: -94.765)  Hangar (42, 28, 3)
[2020-11-04 04:48:09.299] ATTACK: *no key*/(Jaxon Daigle) has seizes up and falls limp... *no key*/(Jaxon Daigle) (NEWHP: -106.035)  Hangar (42, 27, 3)
[2020-11-04 04:48:10.258] ATTACK: zack24/(Ancient Empress (520)) has slashed *no key*/(Di Ferreira) (NEWHP: 100)  Hangar (42, 28, 3)
[2020-11-04 04:48:11.091] ATTACK: zack24/(Ancient Empress (520)) has slashed *no key*/(Di Ferreira) (NEWHP: 77)  Hangar (42, 28, 3)
[2020-11-04 04:48:12.018] ATTACK: zack24/(Ancient Empress (520)) has slashed *no key*/(Di Ferreira) (NEWHP: 54)  Hangar (42, 28, 3)
[2020-11-04 04:48:13.034] ATTACK: zack24/(Ancient Empress (520)) has slashed *no key*/(Di Ferreira) (NEWHP: 31)  Hangar (42, 28, 3)
[2020-11-04 04:48:13.850] ATTACK: zack24/(Ancient Empress (520)) has slashed *no key*/(Di Ferreira) (NEWHP: 8)  Hangar (42, 28, 3)
[2020-11-04 04:48:14.741] ATTACK: zack24/(Ancient Empress (520)) has slashed *no key*/(Di Ferreira) (NEWHP: -15)  Hangar (42, 28, 3)
[2020-11-04 04:48:15.508] ATTACK: zack24/(Ancient Empress (520)) has slashed *no key*/(Di Ferreira) (NEWHP: -38)  Hangar (42, 28, 3)
[2020-11-04 04:48:16.435] ATTACK: zack24/(Ancient Empress (520)) has slashed *no key*/(Di Ferreira) (NEWHP: -49.5)  Hangar (42, 28, 3)
[2020-11-04 04:48:17.490] ATTACK: zack24/(Ancient Empress (520)) has slashed *no key*/(Di Ferreira) (NEWHP: -75.5)  Hangar (42, 28, 3)
[2020-11-04 04:48:18.411] ATTACK: zack24/(Ancient Empress (520)) has slashed *no key*/(Di Ferreira) (NEWHP: -98.5)  Hangar (42, 28, 3)
[2020-11-04 04:48:18.498] ATTACK: *no key*/(Di Ferreira) has seizes up and falls limp... *no key*/(Di Ferreira) (NEWHP: -132.5)  Hangar (41, 27, 3)
[2020-11-04 04:48:26.448] ATTACK: zack24/(Ancient Empress (520)) has grabbed *no key*/(Farha Jaramillo) (NEWHP: -108)  Hangar (42, 27, 3)
[2020-11-04 04:48:27.563] ATTACK: zack24/(Ancient Empress (520)) has grabbed *no key*/(Di Ferreira) (NEWHP: -132.5)  Hangar (42, 27, 3)
[2020-11-04 04:48:48.003] ATTACK: zack24/(Ancient Empress (520)) has slashed *no key*/(Wanahton Rupert) (NEWHP: 100)  Hangar (42, 28, 3)
[2020-11-04 04:48:48.824] ATTACK: zack24/(Ancient Empress (520)) has slashed *no key*/(Wanahton Rupert) (NEWHP: 77)  Hangar (42, 28, 3)
[2020-11-04 04:48:49.726] ATTACK: zack24/(Ancient Empress (520)) has slashed *no key*/(Wanahton Rupert) (NEWHP: 54)  Hangar (42, 28, 3)
[2020-11-04 04:48:50.636] ATTACK: zack24/(Ancient Empress (520)) has slashed *no key*/(Wanahton Rupert) (NEWHP: 31)  Hangar (42, 28, 3)
[2020-11-04 04:48:51.451] ATTACK: zack24/(Ancient Empress (520)) has slashed *no key*/(Wanahton Rupert) (NEWHP: 8)  Hangar (42, 28, 3)
[2020-11-04 04:48:52.375] ATTACK: zack24/(Ancient Empress (520)) has slashed *no key*/(Wanahton Rupert) (NEWHP: -15)  Hangar (42, 28, 3)
[2020-11-04 04:48:53.299] ATTACK: zack24/(Ancient Empress (520)) has slashed *no key*/(Wanahton Rupert) (NEWHP: -38)  Hangar (42, 28, 3)
[2020-11-04 04:48:55.073] ATTACK: zack24/(Ancient Empress (520)) has slashed *no key*/(Wanahton Rupert) (NEWHP: -61)  Hangar (42, 28, 3)
[2020-11-04 04:48:55.881] ATTACK: zack24/(Ancient Empress (520)) has slashed *no key*/(Wanahton Rupert) (NEWHP: -85)  Hangar (42, 28, 3)
[2020-11-04 04:48:55.947] ATTACK: *no key*/(Wanahton Rupert) has seizes up and falls limp... *no key*/(Wanahton Rupert) (NEWHP: -108)  Hangar (42, 27, 3)
[2020-11-04 04:49:41.466] ATTACK: Zack24/(Ancient Empress (967)) has grabbed *no key*/(Wanahton Rupert) (NEWHP: -108)  Hangar (42, 28, 3)
[2020-11-04 04:49:47.146] ATTACK: Zack24/(Ancient Empress (967)) has grabbed *no key*/(Di Ferreira) (NEWHP: -132.5)  Hangar (42, 28, 3)
[2020-11-04 04:50:55.160] ATTACK: Zack24/(Di Ferreira) has attacked [resin silo 1] with [energy axe] Hangar (41, 28, 3)
[2020-11-04 04:50:56.067] ATTACK: Zack24/(Di Ferreira) has attacked [resin silo 1] with [energy axe] Hangar (41, 28, 3)
