[2020-11-04 04:38:42.739] Starting up round ID .
 - -------------------------
[2020-11-04 04:38:43.999] GAME: Saved mode is 'Extended'
[2020-11-04 04:38:55.797] GAME: LV robotics dome loaded at at 31,35,2
[2020-11-04 04:38:56.161] GAME: LV atmos dome loaded at at 46,49,2
[2020-11-04 04:38:56.314] GAME: LV atmos dome loaded at at 46,20,2
[2020-11-04 04:38:57.258] GAME: LV cargo dome loaded at at 67,8,2
[2020-11-04 04:38:58.276] GAME: Hydro road loaded at at 106,51,2
[2020-11-04 04:38:59.397] GAME: LV internal affairs dome loaded at at 147,50,2
[2020-11-04 04:39:13.361] GAME: Alamo loaded at at 8,8,4
[2020-11-04 04:39:13.494] GAME: Escape Pod loaded at at 19,8,4
[2020-11-04 04:39:13.525] GAME: Escape Pod loaded at at 23,8,4
[2020-11-04 04:39:13.555] GAME: Supply loaded at at 27,8,4
[2020-11-04 04:40:59.719] ACCESS: Login: Zack24 from 127.0.0.1-2571130799 || BYOND v513.1536
[2020-11-04 04:40:59.720] OOC: Zack24/(Zack24) Zack24 has logged in. start area (8, 8, 1)
[2020-11-04 04:42:01.994] OOC: *no key*/(Zack24) *no key*/(Zack24) has left mob Zack24(/mob/new_player). start area (8, 8, 1)
[2020-11-04 04:42:01.994] OOC: Zack24/(Di Ferreira) Di Ferreira has logged in. Cryo Cells (39, 51, 3)
[2020-11-04 04:42:07.640] ADMIN: Zack24/(Di Ferreira) has started the round early.
[2020-11-04 04:42:16.466] OOC: *no key*/(Di Ferreira) *no key*/(Di Ferreira) has left mob Di Ferreira(/mob/dead/observer). Hangar (44, 26, 3)
[2020-11-04 04:42:16.469] OOC: Zack24/(Di Ferreira) Di Ferreira has logged in. Hangar (44, 26, 3)
[2020-11-04 04:42:16.538] ADMIN: Zack24/(Di Ferreira) became a spatial agent.
[2020-11-04 04:42:23.687] ADMIN: Zack24/(Di Ferreira) spawned 1 x /mob/living/carbon/xenomorph/queen/ancient at Hangar (41, 26, 3)
[2020-11-04 04:42:27.318] OOC: *no key*/(Di Ferreira) *no key*/(Di Ferreira) has left mob Di Ferreira(/mob/living/carbon/human). Hangar (41, 27, 3)
[2020-11-04 04:42:27.318] OOC: Zack24/(Di Ferreira) Di Ferreira has logged in. Hangar (41, 27, 3)
[2020-11-04 04:42:27.326] ADMIN: *no key*/(Di Ferreira) gave *no key*/(Ancient Empress (194)) to *no key*/(Di Ferreira).
[2020-11-04 04:42:28.640] ADMIN: Zack24/(Di Ferreira) stuffed Zack24 into Ancient Empress (194).
[2020-11-04 04:42:28.641] OOC: *no key*/(Di Ferreira) *no key*/(Di Ferreira) has left mob Di Ferreira(/mob/dead/observer). Hangar (38, 27, 3)
[2020-11-04 04:42:28.641] OOC: zack24/(Ancient Empress (194)) Ancient Empress (194) has logged in. Hangar (41, 26, 3)
[2020-11-04 04:42:51.175] ADMIN: zack24/(Ancient Empress (520)) spawned 1 x /mob/living/carbon/human/species/synthetic at Hangar (42, 27, 3)
[2020-11-04 04:42:57.278] ADMIN: zack24/(Ancient Empress (520)) spawned 1 x /mob/living/carbon/human at Hangar (43, 27, 3)
[2020-11-04 04:45:57.249] SAY: *no key*/(Lisa) "YAP" Commandant's Quarters (106, 19, 2)
[2020-11-04 04:48:46.493] ADMIN: zack24/(Ancient Empress (520)) spawned 1 x /mob/living/carbon/human/species at Hangar (42, 27, 3)
[2020-11-04 04:49:07.443] ACCESS: Logout: Zack24/(Ancient Empress (520))
[2020-11-04 04:49:07.444] OOC: zack24[DC]/(Ancient Empress (520)) zack24[DC]/(Ancient Empress (520)) has left mob Ancient Empress (520)(/mob/living/carbon/xenomorph/queen/ancient). Hangar (42, 28, 3)
[2020-11-04 04:49:09.151] ACCESS: Login: Zack24 from 127.0.0.1-2571130799 || BYOND v513.1536
[2020-11-04 04:49:09.152] OOC: Zack24/(Ancient Empress (520)) Ancient Empress (520) has logged in. Hangar (42, 28, 3)
[2020-11-04 04:49:28.025] SAY: *no key*/(Mr. Wiggles) "YAP" Commandant's Quarters (106, 19, 2)
[2020-11-04 04:50:08.564] OOC: *no key*/(Ancient Empress (967)) *no key*/(Ancient Empress (967)) has left mob Ancient Empress (967)(/mob/living/carbon/xenomorph/queen/ancient). Hangar (43, 28, 3)
[2020-11-04 04:50:08.564] OOC: Zack24/(Ancient Empress (967)) Ancient Empress (967) has logged in. Hangar (43, 28, 3)
[2020-11-04 04:50:08.572] ADMIN: Zack24/(Ancient Empress (967)) admin ghosted at Hangar (43, 28, 3).
[2020-11-04 04:50:16.041] SAY: *no key*/(Mr. Wiggles) "Woof!" Commandant's Quarters (106, 19, 2)
[2020-11-04 04:50:30.202] OOC: *no key*/(Ancient Empress (967)) *no key*/(Ancient Empress (967)) has left mob Ancient Empress (967)(/mob/dead/observer). Hangar (41, 29, 3)
[2020-11-04 04:50:30.203] OOC: Zack24/(Di Ferreira) Di Ferreira has logged in. Hangar (41, 29, 3)
[2020-11-04 04:50:30.221] ADMIN: Zack24/(Di Ferreira) became a spatial agent.
[2020-11-04 04:50:37.169] ADMIN: Zack24/(Di Ferreira) spawned 1 x /obj/item/weapon/energy/axe at Hangar (41, 27, 3)
[2020-11-04 04:50:38.721] ACCESS: Logout: Zack24/(Di Ferreira)
[2020-11-04 04:50:38.728] OOC: Zack24[DC]/(Di Ferreira) Zack24[DC]/(Di Ferreira) has left mob Di Ferreira(/mob/living/carbon/human). Hangar (41, 28, 3)
[2020-11-04 04:50:40.106] ACCESS: Login: Zack24 from 127.0.0.1-2571130799 || BYOND v513.1536
[2020-11-04 04:50:40.106] OOC: Zack24/(Di Ferreira) Di Ferreira has logged in. Hangar (41, 28, 3)
[2020-11-04 04:52:52.466] SAY: *no key*/(Lisa) "Woof!" Commandant's Quarters (106, 19, 2)
[2020-11-04 04:55:06.469] SAY: *no key*/(Mr. Wiggles) "YAP" Commandant's Quarters (106, 19, 2)
[2020-11-04 04:57:17.871] ACCESS: Logout: Zack24/(Di Ferreira)
[2020-11-04 04:57:17.872] OOC: Zack24[DC]/(Di Ferreira) Zack24[DC]/(Di Ferreira) has left mob Di Ferreira(/mob/living/carbon/human). Hangar (41, 28, 3)
