[2020-12-18 06:22:54.727] ASSET: Sending asset `padlock.png` to client `Zack24` as `padlock.png`
[2020-12-18 06:22:54.728] ASSET: Sending asset `common.css` to client `Zack24` as `asset.2c1817def9a9ea3700c8a4c63b022070.css`
[2020-12-18 06:22:54.730] ASSET: Sending asset `jquery.min.js` to client `Zack24` as `jquery.min.js`
[2020-12-18 06:22:59.870] ASSET: DEBUG: Skipping send of `jquery.min.js` (as `jquery.min.js`) for `Zack24` because it already exists in the client's sent_assets list
[2020-12-18 06:22:59.870] ASSET: Sending asset `browserOutput.css` to client `Zack24` as `browserOutput.css`
[2020-12-18 06:22:59.870] ASSET: Sending asset `browserOutput.js` to client `Zack24` as `browserOutput.js`
[2020-12-18 06:22:59.870] ASSET: Sending asset `browserOutput_white.css` to client `Zack24` as `browserOutput_white.css`
[2020-12-18 06:22:59.871] ASSET: Sending asset `fontawesome-webfont.eot` to client `Zack24` as `fontawesome-webfont.eot`
[2020-12-18 06:22:59.871] ASSET: Sending asset `fontawesome-webfont.svg` to client `Zack24` as `fontawesome-webfont.svg`
[2020-12-18 06:22:59.871] ASSET: Sending asset `fontawesome-webfont.ttf` to client `Zack24` as `fontawesome-webfont.ttf`
[2020-12-18 06:22:59.871] ASSET: Sending asset `fontawesome-webfont.woff` to client `Zack24` as `fontawesome-webfont.woff`
[2020-12-18 06:22:59.871] ASSET: Sending asset `goonchatfont-awesome.css` to client `Zack24` as `goonchatfont-awesome.css`
[2020-12-18 06:22:59.871] ASSET: Sending asset `json2.min.js` to client `Zack24` as `json2.min.js`
[2020-12-18 06:22:59.872] ASSET: Sending asset `spritesheet_chat.css` to client `Zack24` as `asset.9b2c5fc6395f3214454b5d0cf0c5403f.css`
[2020-12-18 06:22:59.872] ASSET: Sending asset `chat_16x16.png` to client `Zack24` as `asset.f2c9176c6a3ba7b8cdfe4457c848bd8c.png`
[2020-12-18 06:22:59.872] ASSET: Sending asset `fa-regular-400.eot` to client `Zack24` as `fa-regular-400.eot`
[2020-12-18 06:22:59.872] ASSET: Sending asset `fa-regular-400.woff` to client `Zack24` as `fa-regular-400.woff`
[2020-12-18 06:22:59.872] ASSET: Sending asset `fa-solid-900.eot` to client `Zack24` as `fa-solid-900.eot`
[2020-12-18 06:22:59.872] ASSET: Sending asset `fa-solid-900.woff` to client `Zack24` as `fa-solid-900.woff`
[2020-12-18 06:22:59.872] ASSET: Sending asset `font-awesome.css` to client `Zack24` as `font-awesome.css`
[2020-12-18 06:22:59.872] ASSET: Sending asset `v4shim.css` to client `Zack24` as `v4shim.css`
