[2020-11-28 19:19:31.823] Starting up round ID .
 - -------------------------
[2020-11-28 19:19:38.475] ATTACK: *no key*/(Colonist Evan Kark) has seizes up and falls limp... *no key*/(Colonist Evan Kark) (NEWHP: 100)  North Western Caves (15, 162, 2)
[2020-11-28 19:19:38.722] ATTACK: *no key*/(Colonist Chang Lin) has seizes up and falls limp... *no key*/(Colonist Chang Lin) (NEWHP: 100)  North Western Caves (15, 161, 2)
[2020-11-28 19:19:38.927] ATTACK: *no key*/(Colonist Everett Mison) has seizes up and falls limp... *no key*/(Colonist Everett Mison) (NEWHP: 100)  North Western Caves (15, 159, 2)
[2020-11-28 19:19:39.129] ATTACK: *no key*/(Colonist Ted Koso) has seizes up and falls limp... *no key*/(Colonist Ted Koso) (NEWHP: 100)  North Western Caves (15, 158, 2)
[2020-11-28 19:19:39.323] ATTACK: *no key*/(Colonist Terrin Yin) has seizes up and falls limp... *no key*/(Colonist Terrin Yin) (NEWHP: 100)  North Western Caves (15, 157, 2)
[2020-11-28 19:19:39.508] ATTACK: *no key*/(Colonist Marko Quin) has seizes up and falls limp... *no key*/(Colonist Marko Quin) (NEWHP: 100)  North Western Caves (15, 155, 2)
[2020-11-28 19:19:39.686] ATTACK: *no key*/(Colonist Olin Berus) has seizes up and falls limp... *no key*/(Colonist Olin Berus) (NEWHP: 100)  North Western Caves (15, 154, 2)
[2020-11-28 19:19:39.856] ATTACK: *no key*/(Colonist Innio Morris) has seizes up and falls limp... *no key*/(Colonist Innio Morris) (NEWHP: 100)  North Western Caves (15, 153, 2)
[2020-11-28 19:19:40.040] ATTACK: *no key*/(Colonist Drew Bellel) has seizes up and falls limp... *no key*/(Colonist Drew Bellel) (NEWHP: 100)  North Western Caves (16, 162, 2)
[2020-11-28 19:19:40.062] ATTACK: *no key*/(Colonist Jed Willis) has seizes up and falls limp... *no key*/(Colonist Jed Willis) (NEWHP: 100)  Western River (16, 60, 2)
[2020-11-28 19:19:40.084] ATTACK: *no key*/(Colonist Jac Mester) has seizes up and falls limp... *no key*/(Colonist Jac Mester) (NEWHP: 100)  North Western Caves (17, 162, 2)
[2020-11-28 19:19:40.264] ATTACK: *no key*/(Colonist Braxton Oxto) has seizes up and falls limp... *no key*/(Colonist Braxton Oxto) (NEWHP: 100)  North Western Caves (17, 153, 2)
[2020-11-28 19:19:40.443] ATTACK: *no key*/(Colonist Lee Hesto) has seizes up and falls limp... *no key*/(Colonist Lee Hesto) (NEWHP: 100)  North Western Caves (18, 162, 2)
[2020-11-28 19:19:40.623] ATTACK: *no key*/(Colonist Kira Von) has seizes up and falls limp... *no key*/(Colonist Kira Von) (NEWHP: 100)  North Western Caves (18, 153, 2)
[2020-11-28 19:19:40.803] ATTACK: *no key*/(Colonist Ellis Bark) has seizes up and falls limp... *no key*/(Colonist Ellis Bark) (NEWHP: 100)  North Western Caves (19, 162, 2)
[2020-11-28 19:19:40.818] ATTACK: *no key*/(Colonist Bren Foras) has seizes up and falls limp... *no key*/(Colonist Bren Foras) (NEWHP: 100)  North Western Caves (19, 153, 2)
[2020-11-28 19:19:40.998] ATTACK: *no key*/(Colonist Olgin Vekin) has seizes up and falls limp... *no key*/(Colonist Olgin Vekin) (NEWHP: 100)  North Western Caves (20, 162, 2)
[2020-11-28 19:19:41.182] ATTACK: *no key*/(Colonist Wes Uvin) has seizes up and falls limp... *no key*/(Colonist Wes Uvin) (NEWHP: 100)  North Western Caves (20, 161, 2)
[2020-11-28 19:19:41.206] ATTACK: *no key*/(Colonist Ted Jarka) has seizes up and falls limp... *no key*/(Colonist Ted Jarka) (NEWHP: 100)  North Western Caves (20, 160, 2)
[2020-11-28 19:19:41.228] ATTACK: *no key*/(Colonist Jackson Martin) has seizes up and falls limp... *no key*/(Colonist Jackson Martin) (NEWHP: 100)  North Western Caves (20, 155, 2)
[2020-11-28 19:19:41.405] ATTACK: *no key*/(Deputy Maxwell Ligis) has seizes up and falls limp... *no key*/(Deputy Maxwell Ligis) (NEWHP: 100)  North Western Caves (20, 154, 2)
[2020-11-28 19:19:41.583] ATTACK: *no key*/(Colonist Fors Ilin) has seizes up and falls limp... *no key*/(Colonist Fors Ilin) (NEWHP: 100)  North Western Caves (20, 153, 2)
[2020-11-28 19:19:42.477] ATTACK: *no key*/(Mr. Johnson Telovin) has seizes up and falls limp... *no key*/(Mr. Johnson Telovin) (NEWHP: 100)  Internal Affairs (53, 25, 2)
[2020-11-28 19:19:42.545] ATTACK: *no key*/(Colonist Roester Kalin) has seizes up and falls limp... *no key*/(Colonist Roester Kalin) (NEWHP: 100)  Rain shelter (59, 100, 2)
[2020-11-28 19:19:42.768] ATTACK: *no key*/(Colonist Tevin Marks) has seizes up and falls limp... *no key*/(Colonist Tevin Marks) (NEWHP: 100)  Research Lab (73, 57, 2)
[2020-11-28 19:19:42.946] ATTACK: *no key*/(Colonist Jan Horris) has seizes up and falls limp... *no key*/(Colonist Jan Horris) (NEWHP: 100)  Research Lab (74, 49, 2)
[2020-11-28 19:19:44.134] ATTACK: *no key*/(Deputy Edgar Nogi) has seizes up and falls limp... *no key*/(Deputy Edgar Nogi) (NEWHP: 100)  North Eastern Barrens (124, 142, 2)
[2020-11-28 19:19:44.813] ATTACK: *no key*/(Mr. Johnson Telovin) has seizes up and falls limp... *no key*/(Mr. Johnson Telovin) (NEWHP: 100)  Internal Affairs (154, 55, 2)
[2020-11-28 19:19:45.118] ATTACK: *no key*/(Colonist Kegan Mills) has seizes up and falls limp... *no key*/(Colonist Kegan Mills) (NEWHP: 100)  North Eastern Caves (167, 166, 2)
[2020-11-28 19:19:45.142] ATTACK: *no key*/(Colonist Ben Harris) has seizes up and falls limp... *no key*/(Colonist Ben Harris) (NEWHP: 100)  North Eastern Caves (167, 160, 2)
[2020-11-28 19:19:45.324] ATTACK: *no key*/(Marshal Logan Bills) has seizes up and falls limp... *no key*/(Marshal Logan Bills) (NEWHP: 100)  North Eastern Caves (168, 166, 2)
[2020-11-28 19:19:45.499] ATTACK: *no key*/(Colonist Harry Trent) has seizes up and falls limp... *no key*/(Colonist Harry Trent) (NEWHP: 100)  North Eastern Caves (169, 166, 2)
[2020-11-28 19:19:45.514] ATTACK: *no key*/(Colonist Mio Linno) has seizes up and falls limp... *no key*/(Colonist Mio Linno) (NEWHP: 100)  North Eastern Caves (169, 160, 2)
[2020-11-28 19:19:45.530] ATTACK: *no key*/(Colonist Redo Koster) has seizes up and falls limp... *no key*/(Colonist Redo Koster) (NEWHP: 100)  North Eastern Caves (170, 164, 2)
[2020-11-28 19:19:45.705] ATTACK: *no key*/(Colonist Luther Yovin) has seizes up and falls limp... *no key*/(Colonist Luther Yovin) (NEWHP: 100)  North Eastern Caves (170, 162, 2)
[2020-11-28 19:19:45.882] ATTACK: *no key*/(Colonist Ethan Peser) has seizes up and falls limp... *no key*/(Colonist Ethan Peser) (NEWHP: 100)  North Eastern Caves (170, 160, 2)
[2020-11-28 19:33:02.180] ATTACK: zack24/(Ancient Crusher (469)) has grabbed @zack24[DC]/(Em Ashmore) (NEWHP: 16.35)  Hangar (42, 20, 3)
[2020-11-28 19:34:20.694] ATTACK: @zack24[DC]/(Em Ashmore) has seizes up and falls limp... @zack24[DC]/(Em Ashmore) (NEWHP: -122.45)  Hangar (43, 23, 3)
