[2020-12-18 06:11:38.225] Starting up round ID .
 - -------------------------
[2020-12-18 06:11:44.874] ATTACK: *no key*/(Colonist Evan Kark) has seizes up and falls limp... *no key*/(Colonist Evan Kark) (NEWHP: 100)  North Western Caves (15, 162, 2)
[2020-12-18 06:11:45.128] ATTACK: *no key*/(Colonist Chang Lin) has seizes up and falls limp... *no key*/(Colonist Chang Lin) (NEWHP: 100)  North Western Caves (15, 161, 2)
[2020-12-18 06:11:45.150] ATTACK: *no key*/(Colonist Everett Mison) has seizes up and falls limp... *no key*/(Colonist Everett Mison) (NEWHP: 100)  North Western Caves (15, 159, 2)
[2020-12-18 06:11:45.375] ATTACK: *no key*/(Colonist Ted Koso) has seizes up and falls limp... *no key*/(Colonist Ted Koso) (NEWHP: 100)  North Western Caves (15, 158, 2)
[2020-12-18 06:11:45.604] ATTACK: *no key*/(Colonist Terrin Yin) has seizes up and falls limp... *no key*/(Colonist Terrin Yin) (NEWHP: 100)  North Western Caves (15, 157, 2)
[2020-12-18 06:11:45.629] ATTACK: *no key*/(Colonist Marko Quin) has seizes up and falls limp... *no key*/(Colonist Marko Quin) (NEWHP: 100)  North Western Caves (15, 155, 2)
[2020-12-18 06:11:45.878] ATTACK: *no key*/(Colonist Olin Berus) has seizes up and falls limp... *no key*/(Colonist Olin Berus) (NEWHP: 100)  North Western Caves (15, 154, 2)
[2020-12-18 06:11:46.104] ATTACK: *no key*/(Colonist Innio Morris) has seizes up and falls limp... *no key*/(Colonist Innio Morris) (NEWHP: 100)  North Western Caves (15, 153, 2)
[2020-12-18 06:11:46.353] ATTACK: *no key*/(Colonist Drew Bellel) has seizes up and falls limp... *no key*/(Colonist Drew Bellel) (NEWHP: 100)  North Western Caves (16, 162, 2)
[2020-12-18 06:11:46.553] ATTACK: *no key*/(Colonist Jed Willis) has seizes up and falls limp... *no key*/(Colonist Jed Willis) (NEWHP: 100)  Western River (16, 60, 2)
[2020-12-18 06:11:46.768] ATTACK: *no key*/(Colonist Jac Mester) has seizes up and falls limp... *no key*/(Colonist Jac Mester) (NEWHP: 100)  North Western Caves (17, 162, 2)
[2020-12-18 06:11:47.016] ATTACK: *no key*/(Colonist Braxton Oxto) has seizes up and falls limp... *no key*/(Colonist Braxton Oxto) (NEWHP: 100)  North Western Caves (17, 153, 2)
[2020-12-18 06:11:47.041] ATTACK: *no key*/(Colonist Lee Hesto) has seizes up and falls limp... *no key*/(Colonist Lee Hesto) (NEWHP: 100)  North Western Caves (18, 162, 2)
[2020-12-18 06:11:47.064] ATTACK: *no key*/(Colonist Kira Von) has seizes up and falls limp... *no key*/(Colonist Kira Von) (NEWHP: 100)  North Western Caves (18, 153, 2)
[2020-12-18 06:11:47.081] ATTACK: *no key*/(Colonist Ellis Bark) has seizes up and falls limp... *no key*/(Colonist Ellis Bark) (NEWHP: 100)  North Western Caves (19, 162, 2)
[2020-12-18 06:11:47.301] ATTACK: *no key*/(Colonist Bren Foras) has seizes up and falls limp... *no key*/(Colonist Bren Foras) (NEWHP: 100)  North Western Caves (19, 153, 2)
[2020-12-18 06:11:47.324] ATTACK: *no key*/(Colonist Olgin Vekin) has seizes up and falls limp... *no key*/(Colonist Olgin Vekin) (NEWHP: 100)  North Western Caves (20, 162, 2)
[2020-12-18 06:11:47.521] ATTACK: *no key*/(Colonist Wes Uvin) has seizes up and falls limp... *no key*/(Colonist Wes Uvin) (NEWHP: 100)  North Western Caves (20, 161, 2)
[2020-12-18 06:11:47.821] ATTACK: *no key*/(Colonist Ted Jarka) has seizes up and falls limp... *no key*/(Colonist Ted Jarka) (NEWHP: 100)  North Western Caves (20, 160, 2)
[2020-12-18 06:11:47.844] ATTACK: *no key*/(Colonist Jackson Martin) has seizes up and falls limp... *no key*/(Colonist Jackson Martin) (NEWHP: 100)  North Western Caves (20, 155, 2)
[2020-12-18 06:11:48.037] ATTACK: *no key*/(Deputy Maxwell Ligis) has seizes up and falls limp... *no key*/(Deputy Maxwell Ligis) (NEWHP: 100)  North Western Caves (20, 154, 2)
[2020-12-18 06:11:48.058] ATTACK: *no key*/(Colonist Fors Ilin) has seizes up and falls limp... *no key*/(Colonist Fors Ilin) (NEWHP: 100)  North Western Caves (20, 153, 2)
[2020-12-18 06:11:49.280] ATTACK: *no key*/(Colonist Roester Kalin) has seizes up and falls limp... *no key*/(Colonist Roester Kalin) (NEWHP: 100)  Rain shelter (59, 100, 2)
[2020-12-18 06:11:49.355] ATTACK: *no key*/(Colonist Tevin Marks) has seizes up and falls limp... *no key*/(Colonist Tevin Marks) (NEWHP: 100)  Research Lab (73, 57, 2)
[2020-12-18 06:11:49.389] ATTACK: *no key*/(Colonist Jan Horris) has seizes up and falls limp... *no key*/(Colonist Jan Horris) (NEWHP: 100)  Research Lab (74, 49, 2)
[2020-12-18 06:11:49.740] ATTACK: *no key*/(Mr. Johnson Telovin) has seizes up and falls limp... *no key*/(Mr. Johnson Telovin) (NEWHP: 100)  Internal Affairs (74, 13, 2)
[2020-12-18 06:11:51.460] ATTACK: *no key*/(Deputy Edgar Nogi) has seizes up and falls limp... *no key*/(Deputy Edgar Nogi) (NEWHP: 100)  North Eastern Barrens (124, 142, 2)
[2020-12-18 06:11:52.020] ATTACK: *no key*/(Mr. Johnson Telovin) has seizes up and falls limp... *no key*/(Mr. Johnson Telovin) (NEWHP: 100)  Internal Affairs (154, 55, 2)
[2020-12-18 06:11:52.352] ATTACK: *no key*/(Colonist Kegan Mills) has seizes up and falls limp... *no key*/(Colonist Kegan Mills) (NEWHP: 100)  North Eastern Caves (167, 166, 2)
[2020-12-18 06:11:52.374] ATTACK: *no key*/(Colonist Ben Harris) has seizes up and falls limp... *no key*/(Colonist Ben Harris) (NEWHP: 100)  North Eastern Caves (167, 160, 2)
[2020-12-18 06:11:52.393] ATTACK: *no key*/(Marshal Logan Bills) has seizes up and falls limp... *no key*/(Marshal Logan Bills) (NEWHP: 100)  North Eastern Caves (168, 166, 2)
[2020-12-18 06:11:52.411] ATTACK: *no key*/(Colonist Harry Trent) has seizes up and falls limp... *no key*/(Colonist Harry Trent) (NEWHP: 100)  North Eastern Caves (169, 166, 2)
[2020-12-18 06:11:52.427] ATTACK: *no key*/(Colonist Mio Linno) has seizes up and falls limp... *no key*/(Colonist Mio Linno) (NEWHP: 100)  North Eastern Caves (169, 160, 2)
[2020-12-18 06:11:52.617] ATTACK: *no key*/(Colonist Redo Koster) has seizes up and falls limp... *no key*/(Colonist Redo Koster) (NEWHP: 100)  North Eastern Caves (170, 164, 2)
[2020-12-18 06:11:52.635] ATTACK: *no key*/(Colonist Luther Yovin) has seizes up and falls limp... *no key*/(Colonist Luther Yovin) (NEWHP: 100)  North Eastern Caves (170, 162, 2)
[2020-12-18 06:11:52.655] ATTACK: *no key*/(Colonist Ethan Peser) has seizes up and falls limp... *no key*/(Colonist Ethan Peser) (NEWHP: 100)  North Eastern Caves (170, 160, 2)
