[2020-12-18 06:11:38.224] Starting up round ID .
 - -------------------------
[2020-12-18 06:11:39.343] GAME: Saved mode is 'Extended'
[2020-12-18 06:11:48.485] GAME: LV telecomms dome loaded at at 31,35,2
[2020-12-18 06:11:48.933] GAME: LV atmos dome loaded at at 46,49,2
[2020-12-18 06:11:49.077] GAME: LV cargo dome loaded at at 46,20,2
[2020-12-18 06:11:49.867] GAME: LV internal affairs dome loaded at at 67,8,2
[2020-12-18 06:11:51.034] GAME: Hydro road loaded at at 106,51,2
[2020-12-18 06:11:52.109] GAME: LV internal affairs dome loaded at at 147,50,2
[2020-12-18 06:12:10.499] ACCESS: Login: Zack24 from 127.0.0.1-2571130799 || BYOND v513.1536
[2020-12-18 06:12:10.499] OOC: Zack24/(Zack24) Zack24 has logged in. start area (8, 8, 1)
[2020-12-18 06:12:11.625] GAME: Alamo loaded at at 8,8,4
[2020-12-18 06:12:12.107] GAME: Escape Pod loaded at at 19,8,4
[2020-12-18 06:12:12.136] GAME: Escape Pod loaded at at 23,8,4
[2020-12-18 06:12:12.164] GAME: Supply loaded at at 27,8,4
[2020-12-18 06:12:53.890] OOC: *no key*/(Zack24) *no key*/(Zack24) has left mob Zack24(/mob/new_player). start area (8, 8, 1)
[2020-12-18 06:12:53.891] OOC: Zack24/(Jupiter Elder) Jupiter Elder has logged in. Cryo Cells (39, 52, 3)
[2020-12-18 06:13:00.059] ADMIN: Zack24/(Jupiter Elder) spawned 1 x /mob/living/carbon/xenomorph/runner/ancient at Hangar (41, 25, 3)
[2020-12-18 06:13:02.391] ADMIN: Zack24/(Jupiter Elder) stuffed Zack24 into Ancient Runner (599).
[2020-12-18 06:13:02.391] OOC: *no key*/(Jupiter Elder) *no key*/(Jupiter Elder) has left mob Jupiter Elder(/mob/dead/observer). Hangar (37, 25, 3)
[2020-12-18 06:13:02.392] OOC: zack24/(Ancient Runner (599)) Ancient Runner (599) has logged in. Hangar (41, 25, 3)
[2020-12-18 06:13:34.540] ADMIN: zack24/(Ancient Runner (348)) initiated a restart.
[2020-12-18 06:13:39.617] ACCESS: Logout: Zack24/(Ancient Runner (348))
[2020-12-18 06:13:39.618] OOC: zack24[DC]/(Ancient Runner (348)) zack24[DC]/(Ancient Runner (348)) has left mob Ancient Runner (348)(/mob/living/carbon/xenomorph/runner/ancient). Hangar (42, 20, 3)
