[2020-11-11 13:41:03.889] Starting up round ID .
 - -------------------------
[2020-11-11 13:41:11.259] ATTACK: *no key*/(Colonist Evan Kark) has seizes up and falls limp... *no key*/(Colonist Evan Kark) (NEWHP: 100)  North Western Caves (15, 162, 2)
[2020-11-11 13:41:11.497] ATTACK: *no key*/(Colonist Chang Lin) has seizes up and falls limp... *no key*/(Colonist Chang Lin) (NEWHP: 100)  North Western Caves (15, 161, 2)
[2020-11-11 13:41:11.737] ATTACK: *no key*/(Colonist Everett Mison) has seizes up and falls limp... *no key*/(Colonist Everett Mison) (NEWHP: 100)  North Western Caves (15, 159, 2)
[2020-11-11 13:41:11.944] ATTACK: *no key*/(Colonist Ted Koso) has seizes up and falls limp... *no key*/(Colonist Ted Koso) (NEWHP: 100)  North Western Caves (15, 158, 2)
[2020-11-11 13:41:12.135] ATTACK: *no key*/(Colonist Terrin Yin) has seizes up and falls limp... *no key*/(Colonist Terrin Yin) (NEWHP: 100)  North Western Caves (15, 157, 2)
[2020-11-11 13:41:12.312] ATTACK: *no key*/(Colonist Marko Quin) has seizes up and falls limp... *no key*/(Colonist Marko Quin) (NEWHP: 100)  North Western Caves (15, 155, 2)
[2020-11-11 13:41:12.478] ATTACK: *no key*/(Colonist Olin Berus) has seizes up and falls limp... *no key*/(Colonist Olin Berus) (NEWHP: 100)  North Western Caves (15, 154, 2)
[2020-11-11 13:41:12.635] ATTACK: *no key*/(Colonist Innio Morris) has seizes up and falls limp... *no key*/(Colonist Innio Morris) (NEWHP: 100)  North Western Caves (15, 153, 2)
[2020-11-11 13:41:12.797] ATTACK: *no key*/(Colonist Drew Bellel) has seizes up and falls limp... *no key*/(Colonist Drew Bellel) (NEWHP: 100)  North Western Caves (16, 162, 2)
[2020-11-11 13:41:12.962] ATTACK: *no key*/(Colonist Jed Willis) has seizes up and falls limp... *no key*/(Colonist Jed Willis) (NEWHP: 100)  Western River (16, 60, 2)
[2020-11-11 13:41:12.986] ATTACK: *no key*/(Colonist Jac Mester) has seizes up and falls limp... *no key*/(Colonist Jac Mester) (NEWHP: 100)  North Western Caves (17, 162, 2)
[2020-11-11 13:41:13.173] ATTACK: *no key*/(Colonist Braxton Oxto) has seizes up and falls limp... *no key*/(Colonist Braxton Oxto) (NEWHP: 100)  North Western Caves (17, 153, 2)
[2020-11-11 13:41:13.350] ATTACK: *no key*/(Colonist Lee Hesto) has seizes up and falls limp... *no key*/(Colonist Lee Hesto) (NEWHP: 100)  North Western Caves (18, 162, 2)
[2020-11-11 13:41:13.510] ATTACK: *no key*/(Colonist Kira Von) has seizes up and falls limp... *no key*/(Colonist Kira Von) (NEWHP: 100)  North Western Caves (18, 153, 2)
[2020-11-11 13:41:13.674] ATTACK: *no key*/(Colonist Ellis Bark) has seizes up and falls limp... *no key*/(Colonist Ellis Bark) (NEWHP: 100)  North Western Caves (19, 162, 2)
[2020-11-11 13:41:13.836] ATTACK: *no key*/(Colonist Bren Foras) has seizes up and falls limp... *no key*/(Colonist Bren Foras) (NEWHP: 100)  North Western Caves (19, 153, 2)
[2020-11-11 13:41:13.998] ATTACK: *no key*/(Colonist Olgin Vekin) has seizes up and falls limp... *no key*/(Colonist Olgin Vekin) (NEWHP: 100)  North Western Caves (20, 162, 2)
[2020-11-11 13:41:14.161] ATTACK: *no key*/(Colonist Wes Uvin) has seizes up and falls limp... *no key*/(Colonist Wes Uvin) (NEWHP: 100)  North Western Caves (20, 161, 2)
[2020-11-11 13:41:14.331] ATTACK: *no key*/(Colonist Ted Jarka) has seizes up and falls limp... *no key*/(Colonist Ted Jarka) (NEWHP: 100)  North Western Caves (20, 160, 2)
[2020-11-11 13:41:14.501] ATTACK: *no key*/(Colonist Jackson Martin) has seizes up and falls limp... *no key*/(Colonist Jackson Martin) (NEWHP: 100)  North Western Caves (20, 155, 2)
[2020-11-11 13:41:14.515] ATTACK: *no key*/(Deputy Maxwell Ligis) has seizes up and falls limp... *no key*/(Deputy Maxwell Ligis) (NEWHP: 100)  North Western Caves (20, 154, 2)
[2020-11-11 13:41:14.675] ATTACK: *no key*/(Colonist Fors Ilin) has seizes up and falls limp... *no key*/(Colonist Fors Ilin) (NEWHP: 100)  North Western Caves (20, 153, 2)
[2020-11-11 13:41:21.186] ATTACK: *no key*/(Colonist Roester Kalin) has seizes up and falls limp... *no key*/(Colonist Roester Kalin) (NEWHP: 100)  Rain shelter (59, 100, 2)
[2020-11-11 13:41:21.420] ATTACK: *no key*/(Colonist Tevin Marks) has seizes up and falls limp... *no key*/(Colonist Tevin Marks) (NEWHP: 100)  Research Lab (73, 57, 2)
[2020-11-11 13:41:21.608] ATTACK: *no key*/(Colonist Jan Horris) has seizes up and falls limp... *no key*/(Colonist Jan Horris) (NEWHP: 100)  Research Lab (74, 49, 2)
[2020-11-11 13:41:21.747] ATTACK: *no key*/(Mr. Johnson Telovin) has seizes up and falls limp... *no key*/(Mr. Johnson Telovin) (NEWHP: 100)  Internal Affairs (74, 13, 2)
[2020-11-11 13:41:23.091] ATTACK: *no key*/(Deputy Edgar Nogi) has seizes up and falls limp... *no key*/(Deputy Edgar Nogi) (NEWHP: 100)  North Eastern Barrens (124, 142, 2)
[2020-11-11 13:41:23.632] ATTACK: *no key*/(Mr. Johnson Telovin) has seizes up and falls limp... *no key*/(Mr. Johnson Telovin) (NEWHP: 100)  Internal Affairs (154, 55, 2)
[2020-11-11 13:41:23.938] ATTACK: *no key*/(Colonist Kegan Mills) has seizes up and falls limp... *no key*/(Colonist Kegan Mills) (NEWHP: 100)  North Eastern Caves (167, 166, 2)
[2020-11-11 13:41:24.103] ATTACK: *no key*/(Colonist Ben Harris) has seizes up and falls limp... *no key*/(Colonist Ben Harris) (NEWHP: 100)  North Eastern Caves (167, 160, 2)
[2020-11-11 13:41:24.126] ATTACK: *no key*/(Marshal Logan Bills) has seizes up and falls limp... *no key*/(Marshal Logan Bills) (NEWHP: 100)  North Eastern Caves (168, 166, 2)
[2020-11-11 13:41:24.145] ATTACK: *no key*/(Colonist Harry Trent) has seizes up and falls limp... *no key*/(Colonist Harry Trent) (NEWHP: 100)  North Eastern Caves (169, 166, 2)
[2020-11-11 13:41:24.163] ATTACK: *no key*/(Colonist Mio Linno) has seizes up and falls limp... *no key*/(Colonist Mio Linno) (NEWHP: 100)  North Eastern Caves (169, 160, 2)
[2020-11-11 13:41:24.182] ATTACK: *no key*/(Colonist Redo Koster) has seizes up and falls limp... *no key*/(Colonist Redo Koster) (NEWHP: 100)  North Eastern Caves (170, 164, 2)
[2020-11-11 13:41:24.197] ATTACK: *no key*/(Colonist Luther Yovin) has seizes up and falls limp... *no key*/(Colonist Luther Yovin) (NEWHP: 100)  North Eastern Caves (170, 162, 2)
[2020-11-11 13:41:24.212] ATTACK: *no key*/(Colonist Ethan Peser) has seizes up and falls limp... *no key*/(Colonist Ethan Peser) (NEWHP: 100)  North Eastern Caves (170, 160, 2)
[2020-11-11 13:44:06.969] ATTACK: zack24/(Ancient Ravager (495)) has slashed *no key*/(Socioplana Radiata) (NEWHP: 100)  Hangar (42, 25, 3)
[2020-11-11 13:44:08.694] ATTACK: zack24/(Ancient Ravager (495)) has slashed *no key*/(Socioplana Radiata) (NEWHP: 80)  Hangar (43, 26, 3)
[2020-11-11 13:44:09.438] ATTACK: zack24/(Ancient Ravager (495)) has slashed *no key*/(Socioplana Radiata) (NEWHP: 72)  Hangar (42, 26, 3)
[2020-11-11 13:44:09.641] ATTACK: zack24/(Ancient Ravager (495)) has slashed *no key*/(Socioplana Radiata) (NEWHP: 56)  Hangar (42, 26, 3)
[2020-11-11 13:44:10.998] ATTACK: zack24/(Ancient Ravager (495)) has slashed *no key*/(Socioplana Radiata) (NEWHP: 36)  Hangar (41, 25, 3)
[2020-11-11 13:44:11.838] ATTACK: zack24/(Ancient Ravager (495)) has slashed *no key*/(Socioplana Radiata) (NEWHP: 20)  Hangar (41, 25, 3)
[2020-11-11 13:44:12.643] ATTACK: zack24/(Ancient Ravager (495)) has slashed *no key*/(Socioplana Radiata) (NEWHP: 4)  Hangar (41, 25, 3)
[2020-11-11 13:44:13.399] ATTACK: zack24/(Ancient Ravager (495)) has slashed *no key*/(Socioplana Radiata) (NEWHP: -4)  Hangar (41, 25, 3)
[2020-11-11 13:44:14.402] ATTACK: zack24/(Ancient Ravager (495)) has slashed *no key*/(Socioplana Radiata) (NEWHP: -20)  Hangar (43, 25, 3)
[2020-11-11 13:45:44.705] ATTACK: zack24/(Ancient Ravager (495)) has slashed *no key*/(Socioplana Radiata) (NEWHP: -47)  Hangar (42, 25, 3)
[2020-11-11 13:45:58.936] ATTACK: zack24/(Ancient Ravager (495)) has slashed *no key*/(Socioplana Radiata) (NEWHP: 100)  Hangar (41, 23, 3)
[2020-11-11 13:46:00.087] ATTACK: zack24/(Ancient Ravager (495)) has slashed *no key*/(Socioplana Radiata) (NEWHP: 90.2)  Hangar (41, 23, 3)
[2020-11-11 13:46:01.046] ATTACK: zack24/(Ancient Ravager (495)) has slashed *no key*/(Socioplana Radiata) (NEWHP: 74.2)  Hangar (41, 23, 3)
[2020-11-11 13:46:01.771] ATTACK: zack24/(Ancient Ravager (495)) has slashed *no key*/(Socioplana Radiata) (NEWHP: 58.2)  Hangar (41, 23, 3)
[2020-11-11 13:46:04.558] ATTACK: zack24/(Ancient Ravager (495)) has slashed *no key*/(Socioplana Radiata) (NEWHP: 42.2)  Hangar (41, 23, 3)
[2020-11-11 13:46:05.343] ATTACK: zack24/(Ancient Ravager (495)) has slashed *no key*/(Socioplana Radiata) (NEWHP: 26.2)  Hangar (41, 23, 3)
[2020-11-11 13:46:06.150] ATTACK: zack24/(Ancient Ravager (495)) has slashed *no key*/(Socioplana Radiata) (NEWHP: 10.2)  Hangar (41, 23, 3)
[2020-11-11 13:46:07.006] ATTACK: zack24/(Ancient Ravager (495)) has slashed *no key*/(Socioplana Radiata) (NEWHP: -5.8)  Hangar (41, 23, 3)
[2020-11-11 13:46:07.742] ATTACK: zack24/(Ancient Ravager (495)) has slashed *no key*/(Socioplana Radiata) (NEWHP: -21.8)  Hangar (41, 23, 3)
[2020-11-11 13:46:08.567] ATTACK: zack24/(Ancient Ravager (495)) has slashed *no key*/(Socioplana Radiata) (NEWHP: -37.8)  Hangar (41, 23, 3)
[2020-11-11 13:46:09.286] ATTACK: zack24/(Ancient Ravager (495)) has slashed *no key*/(Socioplana Radiata) (NEWHP: -53.8)  Hangar (41, 23, 3)
[2020-11-11 13:46:21.807] ATTACK: zack24/(Ancient Ravager (495)) has slashed *no key*/(Socioplana Radiata) (NEWHP: 100)  Hangar (40, 23, 3)
[2020-11-11 13:46:22.348] ATTACK: zack24/(Ancient Ravager (495)) has slashed *no key*/(Socioplana Radiata) (NEWHP: 80)  Hangar (40, 22, 3)
[2020-11-11 13:46:23.126] ATTACK: zack24/(Ancient Ravager (495)) has slashed *no key*/(Socioplana Radiata) (NEWHP: 64)  Hangar (40, 22, 3)
[2020-11-11 13:46:23.839] ATTACK: zack24/(Ancient Ravager (495)) has grabbed *no key*/(Socioplana Radiata) (NEWHP: 48)  Hangar (40, 22, 3)
[2020-11-11 13:46:28.169] ATTACK: zack24/(Ancient Ravager (495)) has slashed *no key*/(Socioplana Radiata) (NEWHP: 48)  Hangar (40, 24, 3)
[2020-11-11 13:46:28.654] ATTACK: zack24/(Ancient Ravager (495)) has slashed *no key*/(Socioplana Radiata) (NEWHP: 32)  Hangar (40, 24, 3)
[2020-11-11 13:46:30.136] ATTACK: zack24/(Ancient Ravager (495)) has slashed *no key*/(Socioplana Radiata) (NEWHP: 12)  Hangar (40, 23, 3)
[2020-11-11 13:46:31.545] ATTACK: zack24/(Ancient Ravager (495)) has slashed *no key*/(Socioplana Radiata) (NEWHP: -4)  Hangar (40, 23, 3)
[2020-11-11 13:46:31.898] ATTACK: zack24/(Ancient Ravager (495)) has slashed *no key*/(Socioplana Radiata) (NEWHP: -20)  Hangar (40, 23, 3)
[2020-11-11 13:46:33.539] ATTACK: zack24/(Ancient Ravager (495)) has slashed *no key*/(Socioplana Radiata) (NEWHP: -40)  Hangar (41, 23, 3)
[2020-11-11 13:46:34.404] ATTACK: zack24/(Ancient Ravager (495)) has slashed *no key*/(Socioplana Radiata) (NEWHP: -56)  Hangar (41, 24, 3)
[2020-11-11 13:46:35.109] ATTACK: zack24/(Ancient Ravager (495)) has slashed *no key*/(Socioplana Radiata) (NEWHP: -72)  Hangar (41, 24, 3)
[2020-11-11 13:46:35.910] ATTACK: zack24/(Ancient Ravager (495)) has slashed *no key*/(Socioplana Radiata) (NEWHP: -88)  Hangar (41, 24, 3)
[2020-11-11 13:46:36.005] ATTACK: *no key*/(Socioplana Radiata) has seizes up and falls limp... *no key*/(Socioplana Radiata) (NEWHP: -104)  Hangar (40, 23, 3)
[2020-11-11 13:47:06.443] ATTACK: zack24/(Ancient Ravager (495)) has slashed *no key*/(Socioplana Radiata) (NEWHP: 100)  Hangar (41, 23, 3)
[2020-11-11 13:47:07.917] ATTACK: zack24/(Ancient Ravager (495)) has slashed *no key*/(Socioplana Radiata) (NEWHP: 80)  Hangar (40, 23, 3)
[2020-11-11 13:47:08.613] ATTACK: zack24/(Ancient Ravager (495)) has slashed *no key*/(Socioplana Radiata) (NEWHP: 64)  Hangar (40, 23, 3)
[2020-11-11 13:47:09.448] ATTACK: zack24/(Ancient Ravager (495)) has slashed *no key*/(Socioplana Radiata) (NEWHP: 48)  Hangar (40, 23, 3)
[2020-11-11 13:47:10.153] ATTACK: zack24/(Ancient Ravager (495)) has slashed *no key*/(Socioplana Radiata) (NEWHP: 32)  Hangar (40, 23, 3)
[2020-11-11 13:47:10.990] ATTACK: zack24/(Ancient Ravager (495)) has slashed *no key*/(Socioplana Radiata) (NEWHP: 22)  Hangar (40, 23, 3)
[2020-11-11 13:47:11.774] ATTACK: zack24/(Ancient Ravager (495)) has slashed *no key*/(Socioplana Radiata) (NEWHP: 6)  Hangar (40, 23, 3)
[2020-11-11 13:47:12.599] ATTACK: zack24/(Ancient Ravager (495)) has slashed *no key*/(Socioplana Radiata) (NEWHP: -10)  Hangar (40, 23, 3)
[2020-11-11 13:47:16.151] ATTACK: zack24/(Ancient Ravager (495)) has slashed *no key*/(Socioplana Radiata) (NEWHP: -26)  Hangar (40, 23, 3)
[2020-11-11 13:47:16.871] ATTACK: zack24/(Ancient Ravager (495)) has slashed *no key*/(Socioplana Radiata) (NEWHP: -46)  Hangar (41, 23, 3)
[2020-11-11 13:47:17.663] ATTACK: zack24/(Ancient Ravager (495)) has slashed *no key*/(Socioplana Radiata) (NEWHP: -63)  Hangar (41, 23, 3)
[2020-11-11 13:47:18.541] ATTACK: zack24/(Ancient Ravager (495)) has slashed *no key*/(Socioplana Radiata) (NEWHP: -79)  Hangar (41, 23, 3)
[2020-11-11 13:47:27.508] ATTACK: *no key*/(Socioplana Radiata) has seizes up and falls limp... *no key*/(Socioplana Radiata) (NEWHP: -100)  Hangar (42, 23, 3)
[2020-11-11 13:48:29.543] ATTACK: zack24/(Ancient Ravager (495)) has slashed *no key*/(Socioplana Radiata) (NEWHP: 100)  Hangar (41, 24, 3)
[2020-11-11 13:48:31.462] ATTACK: zack24/(Ancient Ravager (495)) has slashed *no key*/(Socioplana Radiata) (NEWHP: 80)  Hangar (42, 23, 3)
[2020-11-11 13:48:32.326] ATTACK: zack24/(Ancient Ravager (495)) has slashed *no key*/(Socioplana Radiata) (NEWHP: 72)  Hangar (42, 23, 3)
[2020-11-11 13:48:33.043] ATTACK: zack24/(Ancient Ravager (495)) has slashed *no key*/(Socioplana Radiata) (NEWHP: 56)  Hangar (42, 23, 3)
[2020-11-11 13:48:33.774] ATTACK: zack24/(Ancient Ravager (495)) has slashed *no key*/(Socioplana Radiata) (NEWHP: 40)  Hangar (42, 23, 3)
[2020-11-11 13:48:34.396] ATTACK: zack24/(Ancient Ravager (495)) has slashed *no key*/(Socioplana Radiata) (NEWHP: 24)  Hangar (43, 23, 3)
[2020-11-11 13:48:36.293] ATTACK: zack24/(Ancient Ravager (495)) has slashed *no key*/(Socioplana Radiata) (NEWHP: 4)  Hangar (43, 24, 3)
[2020-11-11 13:48:36.961] ATTACK: zack24/(Ancient Ravager (495)) has slashed *no key*/(Socioplana Radiata) (NEWHP: -12)  Hangar (43, 24, 3)
[2020-11-11 13:48:37.678] ATTACK: zack24/(Ancient Ravager (495)) has slashed *no key*/(Socioplana Radiata) (NEWHP: -20)  Hangar (43, 24, 3)
[2020-11-11 13:48:38.154] ATTACK: zack24/(Ancient Ravager (495)) has slashed *no key*/(Socioplana Radiata) (NEWHP: -36)  Hangar (43, 24, 3)
