[2020-12-18 06:13:55.489] Starting up round ID .
 - -------------------------
[2020-12-18 06:13:56.633] GAME: Saved mode is 'Extended'
[2020-12-18 06:13:57.116] ACCESS: Login: Zack24 from 127.0.0.1-2571130799 || BYOND v513.1536
[2020-12-18 06:13:57.116] OOC: Zack24/(Zack24) Zack24 has logged in.  (0, 0, 0)
[2020-12-18 06:14:07.206] GAME: LV internal affairs dome loaded at at 31,35,2
[2020-12-18 06:14:07.651] GAME: LV atmos dome loaded at at 46,49,2
[2020-12-18 06:14:07.753] GAME: LV telecomms dome loaded at at 46,20,2
[2020-12-18 06:14:08.758] GAME: LV internal affairs dome loaded at at 67,8,2
[2020-12-18 06:14:09.846] GAME: Hydro road loaded at at 106,51,2
[2020-12-18 06:14:10.879] GAME: LV cargo dome loaded at at 147,50,2
[2020-12-18 06:14:27.053] GAME: Alamo loaded at at 8,8,4
[2020-12-18 06:14:27.187] GAME: Escape Pod loaded at at 19,8,4
[2020-12-18 06:14:27.235] GAME: Escape Pod loaded at at 23,8,4
[2020-12-18 06:14:27.262] GAME: Supply loaded at at 27,8,4
[2020-12-18 06:14:29.328] OOC: *no key*/(Zack24) *no key*/(Zack24) has left mob Zack24(/mob/new_player). start area (8, 8, 1)
[2020-12-18 06:14:29.329] OOC: Zack24/(Jupiter Elder) Jupiter Elder has logged in. Cryo Cells (39, 52, 3)
[2020-12-18 06:14:34.559] ADMIN: Zack24/(Jupiter Elder) spawned 1 x /mob/living/carbon/xenomorph/runner/ancient at Hangar (42, 27, 3)
[2020-12-18 06:14:35.636] ADMIN: Zack24/(Jupiter Elder) stuffed Zack24 into Ancient Runner (445).
[2020-12-18 06:14:35.637] OOC: *no key*/(Jupiter Elder) *no key*/(Jupiter Elder) has left mob Jupiter Elder(/mob/dead/observer). Hangar (40, 27, 3)
[2020-12-18 06:14:35.637] OOC: zack24/(Ancient Runner (445)) Ancient Runner (445) has logged in. Hangar (42, 27, 3)
[2020-12-18 06:14:42.784] ACCESS: Logout: Zack24/(Ancient Runner (839))
[2020-12-18 06:14:42.786] OOC: zack24[DC]/(Ancient Runner (839)) zack24[DC]/(Ancient Runner (839)) has left mob Ancient Runner (839)(/mob/living/carbon/xenomorph/runner/ancient). Hangar (42, 27, 3)
